2019.04.24 12:30:48.239 [main] ERROR [com.alibaba.druid.support.logging.Log4j2Impl.error:58] - maxIdle is deprecated
2019.04.24 12:31:09.681 [main] ERROR [com.alibaba.druid.support.logging.Log4j2Impl.error:58] - maxIdle is deprecated
2019.04.24 12:40:52.161 [main] ERROR [com.alibaba.druid.support.logging.Log4j2Impl.error:58] - maxIdle is deprecated
2019.04.24 12:46:44.699 [main] ERROR [com.alibaba.druid.support.logging.Log4j2Impl.error:58] - maxIdle is deprecated
2019.04.24 12:48:09.300 [main] ERROR [com.alibaba.druid.support.logging.Log4j2Impl.error:58] - maxIdle is deprecated
2019.04.24 19:13:08.808 [main] ERROR [com.alibaba.druid.support.logging.Log4j2Impl.error:58] - maxIdle is deprecated
2019.04.24 19:13:09.693 [main] ERROR [com.alibaba.druid.support.logging.Log4j2Impl.error:53] - merge sql error, dbType mysql, sql : insert into teacher
         
              ( name,
                
                
                    age ) 

             values( ?,
                
                
                   ? ) 
         
              ( name,
                
                
                    age ) 

             values( ?,
                
                
                   ? ) com.alibaba.druid.sql.parser.ParserException: syntax error, error in :'   ( name,
                
       ',expect IDENTIFIER, actual IDENTIFIER name
	at com.alibaba.druid.sql.parser.SQLParser.printError(SQLParser.java:280) ~[druid-1.1.0.jar:1.1.0]
	at com.alibaba.druid.sql.parser.SQLStatementParser.parseStatementList(SQLStatementParser.java:375) ~[druid-1.1.0.jar:1.1.0]
	at com.alibaba.druid.sql.parser.SQLStatementParser.parseStatementList(SQLStatementParser.java:76) ~[druid-1.1.0.jar:1.1.0]
	at com.alibaba.druid.sql.visitor.ParameterizedOutputVisitorUtils.parameterize(ParameterizedOutputVisitorUtils.java:43) ~[druid-1.1.0.jar:1.1.0]
	at com.alibaba.druid.filter.stat.StatFilter.mergeSql(StatFilter.java:146) [druid-1.1.0.jar:1.1.0]
	at com.alibaba.druid.filter.stat.StatFilter.createSqlStat(StatFilter.java:634) [druid-1.1.0.jar:1.1.0]
	at com.alibaba.druid.filter.stat.StatFilter.statementPrepareAfter(StatFilter.java:310) [druid-1.1.0.jar:1.1.0]
	at com.alibaba.druid.filter.FilterEventAdapter.connection_prepareStatement(FilterEventAdapter.java:124) [druid-1.1.0.jar:1.1.0]
	at com.alibaba.druid.filter.FilterChainImpl.connection_prepareStatement(FilterChainImpl.java:472) [druid-1.1.0.jar:1.1.0]
	at com.alibaba.druid.proxy.jdbc.ConnectionProxyImpl.prepareStatement(ConnectionProxyImpl.java:342) [druid-1.1.0.jar:1.1.0]
	at com.alibaba.druid.pool.DruidPooledConnection.prepareStatement(DruidPooledConnection.java:346) [druid-1.1.0.jar:1.1.0]
	at sun.reflect.NativeMethodAccessorImpl.invoke0(Native Method) ~[?:1.8.0_151]
	at sun.reflect.NativeMethodAccessorImpl.invoke(NativeMethodAccessorImpl.java:62) ~[?:1.8.0_151]
	at sun.reflect.DelegatingMethodAccessorImpl.invoke(DelegatingMethodAccessorImpl.java:43) ~[?:1.8.0_151]
	at java.lang.reflect.Method.invoke(Method.java:498) ~[?:1.8.0_151]
	at org.apache.ibatis.logging.jdbc.ConnectionLogger.invoke(ConnectionLogger.java:55) [mybatis-3.4.5.jar:3.4.5]
	at com.sun.proxy.$Proxy36.prepareStatement(Unknown Source) [?:?]
	at org.apache.ibatis.executor.statement.PreparedStatementHandler.instantiateStatement(PreparedStatementHandler.java:87) [mybatis-3.4.5.jar:3.4.5]
	at org.apache.ibatis.executor.statement.BaseStatementHandler.prepare(BaseStatementHandler.java:88) [mybatis-3.4.5.jar:3.4.5]
	at org.apache.ibatis.executor.statement.RoutingStatementHandler.prepare(RoutingStatementHandler.java:59) [mybatis-3.4.5.jar:3.4.5]
	at org.apache.ibatis.executor.SimpleExecutor.prepareStatement(SimpleExecutor.java:85) [mybatis-3.4.5.jar:3.4.5]
	at org.apache.ibatis.executor.SimpleExecutor.doUpdate(SimpleExecutor.java:49) [mybatis-3.4.5.jar:3.4.5]
	at org.apache.ibatis.executor.BaseExecutor.update(BaseExecutor.java:117) [mybatis-3.4.5.jar:3.4.5]
	at org.apache.ibatis.executor.CachingExecutor.update(CachingExecutor.java:76) [mybatis-3.4.5.jar:3.4.5]
	at org.apache.ibatis.session.defaults.DefaultSqlSession.update(DefaultSqlSession.java:198) [mybatis-3.4.5.jar:3.4.5]
	at org.apache.ibatis.session.defaults.DefaultSqlSession.insert(DefaultSqlSession.java:185) [mybatis-3.4.5.jar:3.4.5]
	at sun.reflect.NativeMethodAccessorImpl.invoke0(Native Method) ~[?:1.8.0_151]
	at sun.reflect.NativeMethodAccessorImpl.invoke(NativeMethodAccessorImpl.java:62) ~[?:1.8.0_151]
	at sun.reflect.DelegatingMethodAccessorImpl.invoke(DelegatingMethodAccessorImpl.java:43) ~[?:1.8.0_151]
	at java.lang.reflect.Method.invoke(Method.java:498) ~[?:1.8.0_151]
	at org.mybatis.spring.SqlSessionTemplate$SqlSessionInterceptor.invoke(SqlSessionTemplate.java:433) [mybatis-spring-1.3.1.jar:1.3.1]
	at com.sun.proxy.$Proxy33.insert(Unknown Source) [?:?]
	at org.mybatis.spring.SqlSessionTemplate.insert(SqlSessionTemplate.java:278) [mybatis-spring-1.3.1.jar:1.3.1]
	at org.apache.ibatis.binding.MapperMethod.execute(MapperMethod.java:57) [mybatis-3.4.5.jar:3.4.5]
	at org.apache.ibatis.binding.MapperProxy.invoke(MapperProxy.java:59) [mybatis-3.4.5.jar:3.4.5]
	at com.sun.proxy.$Proxy34.insertByEach(Unknown Source) [?:?]
	at com.springbasetest.TestMybatis.insertByeach(TestMybatis.java:92) [test-classes/:?]
	at sun.reflect.NativeMethodAccessorImpl.invoke0(Native Method) ~[?:1.8.0_151]
	at sun.reflect.NativeMethodAccessorImpl.invoke(NativeMethodAccessorImpl.java:62) ~[?:1.8.0_151]
	at sun.reflect.DelegatingMethodAccessorImpl.invoke(DelegatingMethodAccessorImpl.java:43) ~[?:1.8.0_151]
	at java.lang.reflect.Method.invoke(Method.java:498) ~[?:1.8.0_151]
	at org.junit.runners.model.FrameworkMethod$1.runReflectiveCall(FrameworkMethod.java:47) [junit-4.11.jar:?]
	at org.junit.internal.runners.model.ReflectiveCallable.run(ReflectiveCallable.java:12) [junit-4.11.jar:?]
	at org.junit.runners.model.FrameworkMethod.invokeExplosively(FrameworkMethod.java:44) [junit-4.11.jar:?]
	at org.junit.internal.runners.statements.InvokeMethod.evaluate(InvokeMethod.java:17) [junit-4.11.jar:?]
	at org.springframework.test.context.junit4.statements.RunBeforeTestMethodCallbacks.evaluate(RunBeforeTestMethodCallbacks.java:74) [spring-test-3.1.1.RELEASE.jar:3.1.1.RELEASE]
	at org.springframework.test.context.junit4.statements.RunAfterTestMethodCallbacks.evaluate(RunAfterTestMethodCallbacks.java:83) [spring-test-3.1.1.RELEASE.jar:3.1.1.RELEASE]
	at org.springframework.test.context.junit4.statements.SpringRepeat.evaluate(SpringRepeat.java:72) [spring-test-3.1.1.RELEASE.jar:3.1.1.RELEASE]
	at org.springframework.test.context.junit4.SpringJUnit4ClassRunner.runChild(SpringJUnit4ClassRunner.java:231) [spring-test-3.1.1.RELEASE.jar:3.1.1.RELEASE]
	at org.junit.runners.BlockJUnit4ClassRunner.runChild(BlockJUnit4ClassRunner.java:50) [junit-4.11.jar:?]
	at org.junit.runners.ParentRunner$3.run(ParentRunner.java:238) [junit-4.11.jar:?]
	at org.junit.runners.ParentRunner$1.schedule(ParentRunner.java:63) [junit-4.11.jar:?]
	at org.junit.runners.ParentRunner.runChildren(ParentRunner.java:236) [junit-4.11.jar:?]
	at org.junit.runners.ParentRunner.access$000(ParentRunner.java:53) [junit-4.11.jar:?]
	at org.junit.runners.ParentRunner$2.evaluate(ParentRunner.java:229) [junit-4.11.jar:?]
	at org.springframework.test.context.junit4.statements.RunBeforeTestClassCallbacks.evaluate(RunBeforeTestClassCallbacks.java:61) [spring-test-3.1.1.RELEASE.jar:3.1.1.RELEASE]
	at org.springframework.test.context.junit4.statements.RunAfterTestClassCallbacks.evaluate(RunAfterTestClassCallbacks.java:71) [spring-test-3.1.1.RELEASE.jar:3.1.1.RELEASE]
	at org.junit.runners.ParentRunner.run(ParentRunner.java:309) [junit-4.11.jar:?]
	at org.springframework.test.context.junit4.SpringJUnit4ClassRunner.run(SpringJUnit4ClassRunner.java:174) [spring-test-3.1.1.RELEASE.jar:3.1.1.RELEASE]
	at org.junit.runner.JUnitCore.run(JUnitCore.java:160) [junit-4.11.jar:?]
	at com.intellij.junit4.JUnit4IdeaTestRunner.startRunnerWithArgs(JUnit4IdeaTestRunner.java:68) [junit-rt.jar:?]
	at com.intellij.rt.execution.junit.IdeaTestRunner$Repeater.startRunnerWithArgs(IdeaTestRunner.java:47) [junit-rt.jar:?]
	at com.intellij.rt.execution.junit.JUnitStarter.prepareStreamsAndStart(JUnitStarter.java:242) [junit-rt.jar:?]
	at com.intellij.rt.execution.junit.JUnitStarter.main(JUnitStarter.java:70) [junit-rt.jar:?]

2019.04.24 19:14:39.924 [main] ERROR [com.alibaba.druid.support.logging.Log4j2Impl.error:58] - maxIdle is deprecated
2019.04.24 19:15:49.427 [main] ERROR [com.alibaba.druid.support.logging.Log4j2Impl.error:58] - maxIdle is deprecated
2019.04.24 19:16:46.688 [main] ERROR [com.alibaba.druid.support.logging.Log4j2Impl.error:58] - maxIdle is deprecated
2019.04.24 19:22:20.451 [main] ERROR [com.alibaba.druid.support.logging.Log4j2Impl.error:58] - maxIdle is deprecated
2019.04.24 19:22:21.259 [main] ERROR [com.alibaba.druid.support.logging.Log4j2Impl.error:53] - merge sql error, dbType mysql, sql : insert into teacher

        (id,name,age)
         
              values( ?,
                
                
                   ? ) 
         
             , values( ?,
                
                
                   ? ) com.alibaba.druid.sql.parser.ParserException: syntax error, expect ')'
	at com.alibaba.druid.sql.dialect.mysql.parser.MySqlStatementParser.parseValueClause(MySqlStatementParser.java:2191) ~[druid-1.1.0.jar:1.1.0]
	at com.alibaba.druid.sql.dialect.mysql.parser.MySqlStatementParser.parseInsert(MySqlStatementParser.java:2139) ~[druid-1.1.0.jar:1.1.0]
	at com.alibaba.druid.sql.dialect.mysql.parser.MySqlStatementParser.parseInsert(MySqlStatementParser.java:131) ~[druid-1.1.0.jar:1.1.0]
	at com.alibaba.druid.sql.parser.SQLStatementParser.parseStatementList(SQLStatementParser.java:151) ~[druid-1.1.0.jar:1.1.0]
	at com.alibaba.druid.sql.parser.SQLStatementParser.parseStatementList(SQLStatementParser.java:76) ~[druid-1.1.0.jar:1.1.0]
	at com.alibaba.druid.sql.visitor.ParameterizedOutputVisitorUtils.parameterize(ParameterizedOutputVisitorUtils.java:43) ~[druid-1.1.0.jar:1.1.0]
	at com.alibaba.druid.filter.stat.StatFilter.mergeSql(StatFilter.java:146) [druid-1.1.0.jar:1.1.0]
	at com.alibaba.druid.filter.stat.StatFilter.createSqlStat(StatFilter.java:634) [druid-1.1.0.jar:1.1.0]
	at com.alibaba.druid.filter.stat.StatFilter.statementPrepareAfter(StatFilter.java:310) [druid-1.1.0.jar:1.1.0]
	at com.alibaba.druid.filter.FilterEventAdapter.connection_prepareStatement(FilterEventAdapter.java:124) [druid-1.1.0.jar:1.1.0]
	at com.alibaba.druid.filter.FilterChainImpl.connection_prepareStatement(FilterChainImpl.java:472) [druid-1.1.0.jar:1.1.0]
	at com.alibaba.druid.proxy.jdbc.ConnectionProxyImpl.prepareStatement(ConnectionProxyImpl.java:342) [druid-1.1.0.jar:1.1.0]
	at com.alibaba.druid.pool.DruidPooledConnection.prepareStatement(DruidPooledConnection.java:346) [druid-1.1.0.jar:1.1.0]
	at sun.reflect.NativeMethodAccessorImpl.invoke0(Native Method) ~[?:1.8.0_151]
	at sun.reflect.NativeMethodAccessorImpl.invoke(NativeMethodAccessorImpl.java:62) ~[?:1.8.0_151]
	at sun.reflect.DelegatingMethodAccessorImpl.invoke(DelegatingMethodAccessorImpl.java:43) ~[?:1.8.0_151]
	at java.lang.reflect.Method.invoke(Method.java:498) ~[?:1.8.0_151]
	at org.apache.ibatis.logging.jdbc.ConnectionLogger.invoke(ConnectionLogger.java:55) [mybatis-3.4.5.jar:3.4.5]
	at com.sun.proxy.$Proxy36.prepareStatement(Unknown Source) [?:?]
	at org.apache.ibatis.executor.statement.PreparedStatementHandler.instantiateStatement(PreparedStatementHandler.java:87) [mybatis-3.4.5.jar:3.4.5]
	at org.apache.ibatis.executor.statement.BaseStatementHandler.prepare(BaseStatementHandler.java:88) [mybatis-3.4.5.jar:3.4.5]
	at org.apache.ibatis.executor.statement.RoutingStatementHandler.prepare(RoutingStatementHandler.java:59) [mybatis-3.4.5.jar:3.4.5]
	at org.apache.ibatis.executor.SimpleExecutor.prepareStatement(SimpleExecutor.java:85) [mybatis-3.4.5.jar:3.4.5]
	at org.apache.ibatis.executor.SimpleExecutor.doUpdate(SimpleExecutor.java:49) [mybatis-3.4.5.jar:3.4.5]
	at org.apache.ibatis.executor.BaseExecutor.update(BaseExecutor.java:117) [mybatis-3.4.5.jar:3.4.5]
	at org.apache.ibatis.executor.CachingExecutor.update(CachingExecutor.java:76) [mybatis-3.4.5.jar:3.4.5]
	at org.apache.ibatis.session.defaults.DefaultSqlSession.update(DefaultSqlSession.java:198) [mybatis-3.4.5.jar:3.4.5]
	at org.apache.ibatis.session.defaults.DefaultSqlSession.insert(DefaultSqlSession.java:185) [mybatis-3.4.5.jar:3.4.5]
	at sun.reflect.NativeMethodAccessorImpl.invoke0(Native Method) ~[?:1.8.0_151]
	at sun.reflect.NativeMethodAccessorImpl.invoke(NativeMethodAccessorImpl.java:62) ~[?:1.8.0_151]
	at sun.reflect.DelegatingMethodAccessorImpl.invoke(DelegatingMethodAccessorImpl.java:43) ~[?:1.8.0_151]
	at java.lang.reflect.Method.invoke(Method.java:498) ~[?:1.8.0_151]
	at org.mybatis.spring.SqlSessionTemplate$SqlSessionInterceptor.invoke(SqlSessionTemplate.java:433) [mybatis-spring-1.3.1.jar:1.3.1]
	at com.sun.proxy.$Proxy33.insert(Unknown Source) [?:?]
	at org.mybatis.spring.SqlSessionTemplate.insert(SqlSessionTemplate.java:278) [mybatis-spring-1.3.1.jar:1.3.1]
	at org.apache.ibatis.binding.MapperMethod.execute(MapperMethod.java:57) [mybatis-3.4.5.jar:3.4.5]
	at org.apache.ibatis.binding.MapperProxy.invoke(MapperProxy.java:59) [mybatis-3.4.5.jar:3.4.5]
	at com.sun.proxy.$Proxy34.insertByEach(Unknown Source) [?:?]
	at com.springbasetest.TestMybatis.insertByeach(TestMybatis.java:92) [test-classes/:?]
	at sun.reflect.NativeMethodAccessorImpl.invoke0(Native Method) ~[?:1.8.0_151]
	at sun.reflect.NativeMethodAccessorImpl.invoke(NativeMethodAccessorImpl.java:62) ~[?:1.8.0_151]
	at sun.reflect.DelegatingMethodAccessorImpl.invoke(DelegatingMethodAccessorImpl.java:43) ~[?:1.8.0_151]
	at java.lang.reflect.Method.invoke(Method.java:498) ~[?:1.8.0_151]
	at org.junit.runners.model.FrameworkMethod$1.runReflectiveCall(FrameworkMethod.java:47) [junit-4.11.jar:?]
	at org.junit.internal.runners.model.ReflectiveCallable.run(ReflectiveCallable.java:12) [junit-4.11.jar:?]
	at org.junit.runners.model.FrameworkMethod.invokeExplosively(FrameworkMethod.java:44) [junit-4.11.jar:?]
	at org.junit.internal.runners.statements.InvokeMethod.evaluate(InvokeMethod.java:17) [junit-4.11.jar:?]
	at org.springframework.test.context.junit4.statements.RunBeforeTestMethodCallbacks.evaluate(RunBeforeTestMethodCallbacks.java:74) [spring-test-3.1.1.RELEASE.jar:3.1.1.RELEASE]
	at org.springframework.test.context.junit4.statements.RunAfterTestMethodCallbacks.evaluate(RunAfterTestMethodCallbacks.java:83) [spring-test-3.1.1.RELEASE.jar:3.1.1.RELEASE]
	at org.springframework.test.context.junit4.statements.SpringRepeat.evaluate(SpringRepeat.java:72) [spring-test-3.1.1.RELEASE.jar:3.1.1.RELEASE]
	at org.springframework.test.context.junit4.SpringJUnit4ClassRunner.runChild(SpringJUnit4ClassRunner.java:231) [spring-test-3.1.1.RELEASE.jar:3.1.1.RELEASE]
	at org.junit.runners.BlockJUnit4ClassRunner.runChild(BlockJUnit4ClassRunner.java:50) [junit-4.11.jar:?]
	at org.junit.runners.ParentRunner$3.run(ParentRunner.java:238) [junit-4.11.jar:?]
	at org.junit.runners.ParentRunner$1.schedule(ParentRunner.java:63) [junit-4.11.jar:?]
	at org.junit.runners.ParentRunner.runChildren(ParentRunner.java:236) [junit-4.11.jar:?]
	at org.junit.runners.ParentRunner.access$000(ParentRunner.java:53) [junit-4.11.jar:?]
	at org.junit.runners.ParentRunner$2.evaluate(ParentRunner.java:229) [junit-4.11.jar:?]
	at org.springframework.test.context.junit4.statements.RunBeforeTestClassCallbacks.evaluate(RunBeforeTestClassCallbacks.java:61) [spring-test-3.1.1.RELEASE.jar:3.1.1.RELEASE]
	at org.springframework.test.context.junit4.statements.RunAfterTestClassCallbacks.evaluate(RunAfterTestClassCallbacks.java:71) [spring-test-3.1.1.RELEASE.jar:3.1.1.RELEASE]
	at org.junit.runners.ParentRunner.run(ParentRunner.java:309) [junit-4.11.jar:?]
	at org.springframework.test.context.junit4.SpringJUnit4ClassRunner.run(SpringJUnit4ClassRunner.java:174) [spring-test-3.1.1.RELEASE.jar:3.1.1.RELEASE]
	at org.junit.runner.JUnitCore.run(JUnitCore.java:160) [junit-4.11.jar:?]
	at com.intellij.junit4.JUnit4IdeaTestRunner.startRunnerWithArgs(JUnit4IdeaTestRunner.java:68) [junit-rt.jar:?]
	at com.intellij.rt.execution.junit.IdeaTestRunner$Repeater.startRunnerWithArgs(IdeaTestRunner.java:47) [junit-rt.jar:?]
	at com.intellij.rt.execution.junit.JUnitStarter.prepareStreamsAndStart(JUnitStarter.java:242) [junit-rt.jar:?]
	at com.intellij.rt.execution.junit.JUnitStarter.main(JUnitStarter.java:70) [junit-rt.jar:?]

2019.04.24 19:23:38.041 [main] ERROR [com.alibaba.druid.support.logging.Log4j2Impl.error:58] - maxIdle is deprecated
2019.04.24 19:23:38.968 [main] ERROR [com.alibaba.druid.support.logging.Log4j2Impl.error:53] - merge sql error, dbType mysql, sql : insert into teacher

          (id,name,age)
         
              values( ?,
                
                
                   ? ) 
         
             , values( ?,
                
                
                   ? ) com.alibaba.druid.sql.parser.ParserException: syntax error, expect ')'
	at com.alibaba.druid.sql.dialect.mysql.parser.MySqlStatementParser.parseValueClause(MySqlStatementParser.java:2191) ~[druid-1.1.0.jar:1.1.0]
	at com.alibaba.druid.sql.dialect.mysql.parser.MySqlStatementParser.parseInsert(MySqlStatementParser.java:2139) ~[druid-1.1.0.jar:1.1.0]
	at com.alibaba.druid.sql.dialect.mysql.parser.MySqlStatementParser.parseInsert(MySqlStatementParser.java:131) ~[druid-1.1.0.jar:1.1.0]
	at com.alibaba.druid.sql.parser.SQLStatementParser.parseStatementList(SQLStatementParser.java:151) ~[druid-1.1.0.jar:1.1.0]
	at com.alibaba.druid.sql.parser.SQLStatementParser.parseStatementList(SQLStatementParser.java:76) ~[druid-1.1.0.jar:1.1.0]
	at com.alibaba.druid.sql.visitor.ParameterizedOutputVisitorUtils.parameterize(ParameterizedOutputVisitorUtils.java:43) ~[druid-1.1.0.jar:1.1.0]
	at com.alibaba.druid.filter.stat.StatFilter.mergeSql(StatFilter.java:146) [druid-1.1.0.jar:1.1.0]
	at com.alibaba.druid.filter.stat.StatFilter.createSqlStat(StatFilter.java:634) [druid-1.1.0.jar:1.1.0]
	at com.alibaba.druid.filter.stat.StatFilter.statementPrepareAfter(StatFilter.java:310) [druid-1.1.0.jar:1.1.0]
	at com.alibaba.druid.filter.FilterEventAdapter.connection_prepareStatement(FilterEventAdapter.java:124) [druid-1.1.0.jar:1.1.0]
	at com.alibaba.druid.filter.FilterChainImpl.connection_prepareStatement(FilterChainImpl.java:472) [druid-1.1.0.jar:1.1.0]
	at com.alibaba.druid.proxy.jdbc.ConnectionProxyImpl.prepareStatement(ConnectionProxyImpl.java:342) [druid-1.1.0.jar:1.1.0]
	at com.alibaba.druid.pool.DruidPooledConnection.prepareStatement(DruidPooledConnection.java:346) [druid-1.1.0.jar:1.1.0]
	at sun.reflect.NativeMethodAccessorImpl.invoke0(Native Method) ~[?:1.8.0_151]
	at sun.reflect.NativeMethodAccessorImpl.invoke(NativeMethodAccessorImpl.java:62) ~[?:1.8.0_151]
	at sun.reflect.DelegatingMethodAccessorImpl.invoke(DelegatingMethodAccessorImpl.java:43) ~[?:1.8.0_151]
	at java.lang.reflect.Method.invoke(Method.java:498) ~[?:1.8.0_151]
	at org.apache.ibatis.logging.jdbc.ConnectionLogger.invoke(ConnectionLogger.java:55) [mybatis-3.4.5.jar:3.4.5]
	at com.sun.proxy.$Proxy36.prepareStatement(Unknown Source) [?:?]
	at org.apache.ibatis.executor.statement.PreparedStatementHandler.instantiateStatement(PreparedStatementHandler.java:87) [mybatis-3.4.5.jar:3.4.5]
	at org.apache.ibatis.executor.statement.BaseStatementHandler.prepare(BaseStatementHandler.java:88) [mybatis-3.4.5.jar:3.4.5]
	at org.apache.ibatis.executor.statement.RoutingStatementHandler.prepare(RoutingStatementHandler.java:59) [mybatis-3.4.5.jar:3.4.5]
	at org.apache.ibatis.executor.SimpleExecutor.prepareStatement(SimpleExecutor.java:85) [mybatis-3.4.5.jar:3.4.5]
	at org.apache.ibatis.executor.SimpleExecutor.doUpdate(SimpleExecutor.java:49) [mybatis-3.4.5.jar:3.4.5]
	at org.apache.ibatis.executor.BaseExecutor.update(BaseExecutor.java:117) [mybatis-3.4.5.jar:3.4.5]
	at org.apache.ibatis.executor.CachingExecutor.update(CachingExecutor.java:76) [mybatis-3.4.5.jar:3.4.5]
	at org.apache.ibatis.session.defaults.DefaultSqlSession.update(DefaultSqlSession.java:198) [mybatis-3.4.5.jar:3.4.5]
	at org.apache.ibatis.session.defaults.DefaultSqlSession.insert(DefaultSqlSession.java:185) [mybatis-3.4.5.jar:3.4.5]
	at sun.reflect.NativeMethodAccessorImpl.invoke0(Native Method) ~[?:1.8.0_151]
	at sun.reflect.NativeMethodAccessorImpl.invoke(NativeMethodAccessorImpl.java:62) ~[?:1.8.0_151]
	at sun.reflect.DelegatingMethodAccessorImpl.invoke(DelegatingMethodAccessorImpl.java:43) ~[?:1.8.0_151]
	at java.lang.reflect.Method.invoke(Method.java:498) ~[?:1.8.0_151]
	at org.mybatis.spring.SqlSessionTemplate$SqlSessionInterceptor.invoke(SqlSessionTemplate.java:433) [mybatis-spring-1.3.1.jar:1.3.1]
	at com.sun.proxy.$Proxy33.insert(Unknown Source) [?:?]
	at org.mybatis.spring.SqlSessionTemplate.insert(SqlSessionTemplate.java:278) [mybatis-spring-1.3.1.jar:1.3.1]
	at org.apache.ibatis.binding.MapperMethod.execute(MapperMethod.java:57) [mybatis-3.4.5.jar:3.4.5]
	at org.apache.ibatis.binding.MapperProxy.invoke(MapperProxy.java:59) [mybatis-3.4.5.jar:3.4.5]
	at com.sun.proxy.$Proxy34.insertByEach(Unknown Source) [?:?]
	at com.springbasetest.TestMybatis.insertByeach(TestMybatis.java:92) [test-classes/:?]
	at sun.reflect.NativeMethodAccessorImpl.invoke0(Native Method) ~[?:1.8.0_151]
	at sun.reflect.NativeMethodAccessorImpl.invoke(NativeMethodAccessorImpl.java:62) ~[?:1.8.0_151]
	at sun.reflect.DelegatingMethodAccessorImpl.invoke(DelegatingMethodAccessorImpl.java:43) ~[?:1.8.0_151]
	at java.lang.reflect.Method.invoke(Method.java:498) ~[?:1.8.0_151]
	at org.junit.runners.model.FrameworkMethod$1.runReflectiveCall(FrameworkMethod.java:47) [junit-4.11.jar:?]
	at org.junit.internal.runners.model.ReflectiveCallable.run(ReflectiveCallable.java:12) [junit-4.11.jar:?]
	at org.junit.runners.model.FrameworkMethod.invokeExplosively(FrameworkMethod.java:44) [junit-4.11.jar:?]
	at org.junit.internal.runners.statements.InvokeMethod.evaluate(InvokeMethod.java:17) [junit-4.11.jar:?]
	at org.springframework.test.context.junit4.statements.RunBeforeTestMethodCallbacks.evaluate(RunBeforeTestMethodCallbacks.java:74) [spring-test-3.1.1.RELEASE.jar:3.1.1.RELEASE]
	at org.springframework.test.context.junit4.statements.RunAfterTestMethodCallbacks.evaluate(RunAfterTestMethodCallbacks.java:83) [spring-test-3.1.1.RELEASE.jar:3.1.1.RELEASE]
	at org.springframework.test.context.junit4.statements.SpringRepeat.evaluate(SpringRepeat.java:72) [spring-test-3.1.1.RELEASE.jar:3.1.1.RELEASE]
	at org.springframework.test.context.junit4.SpringJUnit4ClassRunner.runChild(SpringJUnit4ClassRunner.java:231) [spring-test-3.1.1.RELEASE.jar:3.1.1.RELEASE]
	at org.junit.runners.BlockJUnit4ClassRunner.runChild(BlockJUnit4ClassRunner.java:50) [junit-4.11.jar:?]
	at org.junit.runners.ParentRunner$3.run(ParentRunner.java:238) [junit-4.11.jar:?]
	at org.junit.runners.ParentRunner$1.schedule(ParentRunner.java:63) [junit-4.11.jar:?]
	at org.junit.runners.ParentRunner.runChildren(ParentRunner.java:236) [junit-4.11.jar:?]
	at org.junit.runners.ParentRunner.access$000(ParentRunner.java:53) [junit-4.11.jar:?]
	at org.junit.runners.ParentRunner$2.evaluate(ParentRunner.java:229) [junit-4.11.jar:?]
	at org.springframework.test.context.junit4.statements.RunBeforeTestClassCallbacks.evaluate(RunBeforeTestClassCallbacks.java:61) [spring-test-3.1.1.RELEASE.jar:3.1.1.RELEASE]
	at org.springframework.test.context.junit4.statements.RunAfterTestClassCallbacks.evaluate(RunAfterTestClassCallbacks.java:71) [spring-test-3.1.1.RELEASE.jar:3.1.1.RELEASE]
	at org.junit.runners.ParentRunner.run(ParentRunner.java:309) [junit-4.11.jar:?]
	at org.springframework.test.context.junit4.SpringJUnit4ClassRunner.run(SpringJUnit4ClassRunner.java:174) [spring-test-3.1.1.RELEASE.jar:3.1.1.RELEASE]
	at org.junit.runner.JUnitCore.run(JUnitCore.java:160) [junit-4.11.jar:?]
	at com.intellij.junit4.JUnit4IdeaTestRunner.startRunnerWithArgs(JUnit4IdeaTestRunner.java:68) [junit-rt.jar:?]
	at com.intellij.rt.execution.junit.IdeaTestRunner$Repeater.startRunnerWithArgs(IdeaTestRunner.java:47) [junit-rt.jar:?]
	at com.intellij.rt.execution.junit.JUnitStarter.prepareStreamsAndStart(JUnitStarter.java:242) [junit-rt.jar:?]
	at com.intellij.rt.execution.junit.JUnitStarter.main(JUnitStarter.java:70) [junit-rt.jar:?]

2019.04.24 19:26:56.198 [main] ERROR [com.alibaba.druid.support.logging.Log4j2Impl.error:58] - maxIdle is deprecated
2019.04.24 19:27:31.351 [main] ERROR [com.alibaba.druid.support.logging.Log4j2Impl.error:58] - maxIdle is deprecated
2019.04.24 19:34:41.033 [main] ERROR [com.alibaba.druid.support.logging.Log4j2Impl.error:58] - maxIdle is deprecated
2019.04.24 19:36:00.267 [main] ERROR [com.alibaba.druid.support.logging.Log4j2Impl.error:58] - maxIdle is deprecated
2019.04.24 19:36:30.068 [main] ERROR [com.alibaba.druid.support.logging.Log4j2Impl.error:58] - maxIdle is deprecated
2019.04.24 19:36:50.156 [main] ERROR [com.alibaba.druid.support.logging.Log4j2Impl.error:58] - maxIdle is deprecated
2019.04.24 19:37:13.575 [main] ERROR [com.alibaba.druid.support.logging.Log4j2Impl.error:58] - maxIdle is deprecated
2019.04.24 19:37:37.617 [main] ERROR [com.alibaba.druid.support.logging.Log4j2Impl.error:58] - maxIdle is deprecated
2019.04.24 19:38:14.252 [main] ERROR [com.alibaba.druid.support.logging.Log4j2Impl.error:58] - maxIdle is deprecated
2019.04.24 19:53:49.511 [main] ERROR [com.alibaba.druid.support.logging.Log4j2Impl.error:58] - maxIdle is deprecated
2019.04.24 19:55:08.389 [main] ERROR [com.alibaba.druid.support.logging.Log4j2Impl.error:58] - maxIdle is deprecated
2019.04.24 19:55:35.289 [main] ERROR [com.alibaba.druid.support.logging.Log4j2Impl.error:58] - maxIdle is deprecated
2019.04.24 19:58:25.014 [main] ERROR [com.alibaba.druid.support.logging.Log4j2Impl.error:58] - maxIdle is deprecated
2019.04.24 19:59:04.549 [main] ERROR [com.alibaba.druid.support.logging.Log4j2Impl.error:58] - maxIdle is deprecated
2019.04.24 19:59:27.691 [main] ERROR [com.alibaba.druid.support.logging.Log4j2Impl.error:58] - maxIdle is deprecated
2019.04.24 19:59:41.286 [main] ERROR [com.alibaba.druid.support.logging.Log4j2Impl.error:58] - maxIdle is deprecated
2019.04.24 20:00:12.802 [main] ERROR [com.alibaba.druid.support.logging.Log4j2Impl.error:58] - maxIdle is deprecated
2019.04.24 20:00:58.126 [main] ERROR [com.alibaba.druid.support.logging.Log4j2Impl.error:58] - maxIdle is deprecated
2019.04.24 20:01:52.349 [main] ERROR [com.alibaba.druid.support.logging.Log4j2Impl.error:58] - maxIdle is deprecated
2019.04.24 20:02:15.811 [main] ERROR [com.alibaba.druid.support.logging.Log4j2Impl.error:58] - maxIdle is deprecated
