2019.03.27 10:48:13.483 [main] ERROR [org.springframework.test.context.TestContextManager.prepareTestInstance:324] - Caught exception while allowing TestExecutionListener [org.springframework.test.context.support.DependencyInjectionTestExecutionListener@15aab8c6] to prepare test instance [com.springbasetest.Test1@33990a0c] java.lang.IllegalStateException: Failed to load ApplicationContext
	at org.springframework.test.context.TestContext.getApplicationContext(TestContext.java:157) ~[spring-test-3.1.1.RELEASE.jar:3.1.1.RELEASE]
	at org.springframework.test.context.support.DependencyInjectionTestExecutionListener.injectDependencies(DependencyInjectionTestExecutionListener.java:109) ~[spring-test-3.1.1.RELEASE.jar:3.1.1.RELEASE]
	at org.springframework.test.context.support.DependencyInjectionTestExecutionListener.prepareTestInstance(DependencyInjectionTestExecutionListener.java:75) ~[spring-test-3.1.1.RELEASE.jar:3.1.1.RELEASE]
	at org.springframework.test.context.TestContextManager.prepareTestInstance(TestContextManager.java:321) [spring-test-3.1.1.RELEASE.jar:3.1.1.RELEASE]
	at org.springframework.test.context.junit4.SpringJUnit4ClassRunner.createTest(SpringJUnit4ClassRunner.java:211) [spring-test-3.1.1.RELEASE.jar:3.1.1.RELEASE]
	at org.springframework.test.context.junit4.SpringJUnit4ClassRunner$1.runReflectiveCall(SpringJUnit4ClassRunner.java:288) [spring-test-3.1.1.RELEASE.jar:3.1.1.RELEASE]
	at org.junit.internal.runners.model.ReflectiveCallable.run(ReflectiveCallable.java:12) [junit-4.11.jar:?]
	at org.springframework.test.context.junit4.SpringJUnit4ClassRunner.methodBlock(SpringJUnit4ClassRunner.java:290) [spring-test-3.1.1.RELEASE.jar:3.1.1.RELEASE]
	at org.springframework.test.context.junit4.SpringJUnit4ClassRunner.runChild(SpringJUnit4ClassRunner.java:231) [spring-test-3.1.1.RELEASE.jar:3.1.1.RELEASE]
	at org.junit.runners.BlockJUnit4ClassRunner.runChild(BlockJUnit4ClassRunner.java:50) [junit-4.11.jar:?]
	at org.junit.runners.ParentRunner$3.run(ParentRunner.java:238) [junit-4.11.jar:?]
	at org.junit.runners.ParentRunner$1.schedule(ParentRunner.java:63) [junit-4.11.jar:?]
	at org.junit.runners.ParentRunner.runChildren(ParentRunner.java:236) [junit-4.11.jar:?]
	at org.junit.runners.ParentRunner.access$000(ParentRunner.java:53) [junit-4.11.jar:?]
	at org.junit.runners.ParentRunner$2.evaluate(ParentRunner.java:229) [junit-4.11.jar:?]
	at org.springframework.test.context.junit4.statements.RunBeforeTestClassCallbacks.evaluate(RunBeforeTestClassCallbacks.java:61) [spring-test-3.1.1.RELEASE.jar:3.1.1.RELEASE]
	at org.springframework.test.context.junit4.statements.RunAfterTestClassCallbacks.evaluate(RunAfterTestClassCallbacks.java:71) [spring-test-3.1.1.RELEASE.jar:3.1.1.RELEASE]
	at org.junit.runners.ParentRunner.run(ParentRunner.java:309) [junit-4.11.jar:?]
	at org.springframework.test.context.junit4.SpringJUnit4ClassRunner.run(SpringJUnit4ClassRunner.java:174) [spring-test-3.1.1.RELEASE.jar:3.1.1.RELEASE]
	at org.junit.runner.JUnitCore.run(JUnitCore.java:160) [junit-4.11.jar:?]
	at com.intellij.junit4.JUnit4IdeaTestRunner.startRunnerWithArgs(JUnit4IdeaTestRunner.java:68) [junit-rt.jar:?]
	at com.intellij.rt.execution.junit.IdeaTestRunner$Repeater.startRunnerWithArgs(IdeaTestRunner.java:47) [junit-rt.jar:?]
	at com.intellij.rt.execution.junit.JUnitStarter.prepareStreamsAndStart(JUnitStarter.java:242) [junit-rt.jar:?]
	at com.intellij.rt.execution.junit.JUnitStarter.main(JUnitStarter.java:70) [junit-rt.jar:?]
Caused by: org.springframework.beans.factory.parsing.BeanDefinitionParsingException: Configuration problem: Failed to import bean definitions from URL location [classpath:spring/spring-mybatis.xml]
Offending resource: URL [file:/C:/Develop/IdeaWorkPlace/MyWeb/target/classes/spring/applicationContext.xml]; nested exception is org.springframework.beans.factory.xml.XmlBeanDefinitionStoreException: Line 82 in XML document from class path resource [spring/spring-mybatis.xml] is invalid; nested exception is org.xml.sax.SAXParseException; lineNumber: 82; columnNumber: 69; cvc-complex-type.2.4.c: 通配符的匹配很全面, 但无法找到元素 'tx:annotation-driven' 的声明。
	at org.springframework.beans.factory.parsing.FailFastProblemReporter.error(FailFastProblemReporter.java:72) ~[spring-beans-5.0.0.RELEASE.jar:5.0.0.RELEASE]
	at org.springframework.beans.factory.parsing.ReaderContext.error(ReaderContext.java:119) ~[spring-beans-5.0.0.RELEASE.jar:5.0.0.RELEASE]
	at org.springframework.beans.factory.parsing.ReaderContext.error(ReaderContext.java:104) ~[spring-beans-5.0.0.RELEASE.jar:5.0.0.RELEASE]
	at org.springframework.beans.factory.xml.DefaultBeanDefinitionDocumentReader.importBeanDefinitionResource(DefaultBeanDefinitionDocumentReader.java:239) ~[spring-beans-5.0.0.RELEASE.jar:5.0.0.RELEASE]
	at org.springframework.beans.factory.xml.DefaultBeanDefinitionDocumentReader.parseDefaultElement(DefaultBeanDefinitionDocumentReader.java:190) ~[spring-beans-5.0.0.RELEASE.jar:5.0.0.RELEASE]
	at org.springframework.beans.factory.xml.DefaultBeanDefinitionDocumentReader.parseBeanDefinitions(DefaultBeanDefinitionDocumentReader.java:175) ~[spring-beans-5.0.0.RELEASE.jar:5.0.0.RELEASE]
	at org.springframework.beans.factory.xml.DefaultBeanDefinitionDocumentReader.doRegisterBeanDefinitions(DefaultBeanDefinitionDocumentReader.java:148) ~[spring-beans-5.0.0.RELEASE.jar:5.0.0.RELEASE]
	at org.springframework.beans.factory.xml.DefaultBeanDefinitionDocumentReader.registerBeanDefinitions(DefaultBeanDefinitionDocumentReader.java:98) ~[spring-beans-5.0.0.RELEASE.jar:5.0.0.RELEASE]
	at org.springframework.beans.factory.xml.XmlBeanDefinitionReader.registerBeanDefinitions(XmlBeanDefinitionReader.java:507) ~[spring-beans-5.0.0.RELEASE.jar:5.0.0.RELEASE]
	at org.springframework.beans.factory.xml.XmlBeanDefinitionReader.doLoadBeanDefinitions(XmlBeanDefinitionReader.java:391) ~[spring-beans-5.0.0.RELEASE.jar:5.0.0.RELEASE]
	at org.springframework.beans.factory.xml.XmlBeanDefinitionReader.loadBeanDefinitions(XmlBeanDefinitionReader.java:335) ~[spring-beans-5.0.0.RELEASE.jar:5.0.0.RELEASE]
	at org.springframework.beans.factory.xml.XmlBeanDefinitionReader.loadBeanDefinitions(XmlBeanDefinitionReader.java:303) ~[spring-beans-5.0.0.RELEASE.jar:5.0.0.RELEASE]
	at org.springframework.beans.factory.support.AbstractBeanDefinitionReader.loadBeanDefinitions(AbstractBeanDefinitionReader.java:187) ~[spring-beans-5.0.0.RELEASE.jar:5.0.0.RELEASE]
	at org.springframework.beans.factory.support.AbstractBeanDefinitionReader.loadBeanDefinitions(AbstractBeanDefinitionReader.java:223) ~[spring-beans-5.0.0.RELEASE.jar:5.0.0.RELEASE]
	at org.springframework.beans.factory.support.AbstractBeanDefinitionReader.loadBeanDefinitions(AbstractBeanDefinitionReader.java:194) ~[spring-beans-5.0.0.RELEASE.jar:5.0.0.RELEASE]
	at org.springframework.beans.factory.support.AbstractBeanDefinitionReader.loadBeanDefinitions(AbstractBeanDefinitionReader.java:258) ~[spring-beans-5.0.0.RELEASE.jar:5.0.0.RELEASE]
	at org.springframework.test.context.support.AbstractGenericContextLoader.loadBeanDefinitions(AbstractGenericContextLoader.java:205) ~[spring-test-3.1.1.RELEASE.jar:3.1.1.RELEASE]
	at org.springframework.test.context.support.AbstractGenericContextLoader.loadContext(AbstractGenericContextLoader.java:100) ~[spring-test-3.1.1.RELEASE.jar:3.1.1.RELEASE]
	at org.springframework.test.context.support.AbstractGenericContextLoader.loadContext(AbstractGenericContextLoader.java:1) ~[spring-test-3.1.1.RELEASE.jar:3.1.1.RELEASE]
	at org.springframework.test.context.support.DelegatingSmartContextLoader.loadContext(DelegatingSmartContextLoader.java:228) ~[spring-test-3.1.1.RELEASE.jar:3.1.1.RELEASE]
	at org.springframework.test.context.TestContext.loadApplicationContext(TestContext.java:124) ~[spring-test-3.1.1.RELEASE.jar:3.1.1.RELEASE]
	at org.springframework.test.context.TestContext.getApplicationContext(TestContext.java:148) ~[spring-test-3.1.1.RELEASE.jar:3.1.1.RELEASE]
	... 23 more
Caused by: org.springframework.beans.factory.xml.XmlBeanDefinitionStoreException: Line 82 in XML document from class path resource [spring/spring-mybatis.xml] is invalid; nested exception is org.xml.sax.SAXParseException; lineNumber: 82; columnNumber: 69; cvc-complex-type.2.4.c: 通配符的匹配很全面, 但无法找到元素 'tx:annotation-driven' 的声明。
	at org.springframework.beans.factory.xml.XmlBeanDefinitionReader.doLoadBeanDefinitions(XmlBeanDefinitionReader.java:398) ~[spring-beans-5.0.0.RELEASE.jar:5.0.0.RELEASE]
	at org.springframework.beans.factory.xml.XmlBeanDefinitionReader.loadBeanDefinitions(XmlBeanDefinitionReader.java:335) ~[spring-beans-5.0.0.RELEASE.jar:5.0.0.RELEASE]
	at org.springframework.beans.factory.xml.XmlBeanDefinitionReader.loadBeanDefinitions(XmlBeanDefinitionReader.java:303) ~[spring-beans-5.0.0.RELEASE.jar:5.0.0.RELEASE]
	at org.springframework.beans.factory.support.AbstractBeanDefinitionReader.loadBeanDefinitions(AbstractBeanDefinitionReader.java:187) ~[spring-beans-5.0.0.RELEASE.jar:5.0.0.RELEASE]
	at org.springframework.beans.factory.support.AbstractBeanDefinitionReader.loadBeanDefinitions(AbstractBeanDefinitionReader.java:223) ~[spring-beans-5.0.0.RELEASE.jar:5.0.0.RELEASE]
	at org.springframework.beans.factory.xml.DefaultBeanDefinitionDocumentReader.importBeanDefinitionResource(DefaultBeanDefinitionDocumentReader.java:233) ~[spring-beans-5.0.0.RELEASE.jar:5.0.0.RELEASE]
	at org.springframework.beans.factory.xml.DefaultBeanDefinitionDocumentReader.parseDefaultElement(DefaultBeanDefinitionDocumentReader.java:190) ~[spring-beans-5.0.0.RELEASE.jar:5.0.0.RELEASE]
	at org.springframework.beans.factory.xml.DefaultBeanDefinitionDocumentReader.parseBeanDefinitions(DefaultBeanDefinitionDocumentReader.java:175) ~[spring-beans-5.0.0.RELEASE.jar:5.0.0.RELEASE]
	at org.springframework.beans.factory.xml.DefaultBeanDefinitionDocumentReader.doRegisterBeanDefinitions(DefaultBeanDefinitionDocumentReader.java:148) ~[spring-beans-5.0.0.RELEASE.jar:5.0.0.RELEASE]
	at org.springframework.beans.factory.xml.DefaultBeanDefinitionDocumentReader.registerBeanDefinitions(DefaultBeanDefinitionDocumentReader.java:98) ~[spring-beans-5.0.0.RELEASE.jar:5.0.0.RELEASE]
	at org.springframework.beans.factory.xml.XmlBeanDefinitionReader.registerBeanDefinitions(XmlBeanDefinitionReader.java:507) ~[spring-beans-5.0.0.RELEASE.jar:5.0.0.RELEASE]
	at org.springframework.beans.factory.xml.XmlBeanDefinitionReader.doLoadBeanDefinitions(XmlBeanDefinitionReader.java:391) ~[spring-beans-5.0.0.RELEASE.jar:5.0.0.RELEASE]
	at org.springframework.beans.factory.xml.XmlBeanDefinitionReader.loadBeanDefinitions(XmlBeanDefinitionReader.java:335) ~[spring-beans-5.0.0.RELEASE.jar:5.0.0.RELEASE]
	at org.springframework.beans.factory.xml.XmlBeanDefinitionReader.loadBeanDefinitions(XmlBeanDefinitionReader.java:303) ~[spring-beans-5.0.0.RELEASE.jar:5.0.0.RELEASE]
	at org.springframework.beans.factory.support.AbstractBeanDefinitionReader.loadBeanDefinitions(AbstractBeanDefinitionReader.java:187) ~[spring-beans-5.0.0.RELEASE.jar:5.0.0.RELEASE]
	at org.springframework.beans.factory.support.AbstractBeanDefinitionReader.loadBeanDefinitions(AbstractBeanDefinitionReader.java:223) ~[spring-beans-5.0.0.RELEASE.jar:5.0.0.RELEASE]
	at org.springframework.beans.factory.support.AbstractBeanDefinitionReader.loadBeanDefinitions(AbstractBeanDefinitionReader.java:194) ~[spring-beans-5.0.0.RELEASE.jar:5.0.0.RELEASE]
	at org.springframework.beans.factory.support.AbstractBeanDefinitionReader.loadBeanDefinitions(AbstractBeanDefinitionReader.java:258) ~[spring-beans-5.0.0.RELEASE.jar:5.0.0.RELEASE]
	at org.springframework.test.context.support.AbstractGenericContextLoader.loadBeanDefinitions(AbstractGenericContextLoader.java:205) ~[spring-test-3.1.1.RELEASE.jar:3.1.1.RELEASE]
	at org.springframework.test.context.support.AbstractGenericContextLoader.loadContext(AbstractGenericContextLoader.java:100) ~[spring-test-3.1.1.RELEASE.jar:3.1.1.RELEASE]
	at org.springframework.test.context.support.AbstractGenericContextLoader.loadContext(AbstractGenericContextLoader.java:1) ~[spring-test-3.1.1.RELEASE.jar:3.1.1.RELEASE]
	at org.springframework.test.context.support.DelegatingSmartContextLoader.loadContext(DelegatingSmartContextLoader.java:228) ~[spring-test-3.1.1.RELEASE.jar:3.1.1.RELEASE]
	at org.springframework.test.context.TestContext.loadApplicationContext(TestContext.java:124) ~[spring-test-3.1.1.RELEASE.jar:3.1.1.RELEASE]
	at org.springframework.test.context.TestContext.getApplicationContext(TestContext.java:148) ~[spring-test-3.1.1.RELEASE.jar:3.1.1.RELEASE]
	... 23 more
Caused by: org.xml.sax.SAXParseException: cvc-complex-type.2.4.c: 通配符的匹配很全面, 但无法找到元素 'tx:annotation-driven' 的声明。
	at com.sun.org.apache.xerces.internal.util.ErrorHandlerWrapper.createSAXParseException(ErrorHandlerWrapper.java:203) ~[?:1.8.0_151]
	at com.sun.org.apache.xerces.internal.util.ErrorHandlerWrapper.error(ErrorHandlerWrapper.java:134) ~[?:1.8.0_151]
	at com.sun.org.apache.xerces.internal.impl.XMLErrorReporter.reportError(XMLErrorReporter.java:396) ~[?:1.8.0_151]
	at com.sun.org.apache.xerces.internal.impl.XMLErrorReporter.reportError(XMLErrorReporter.java:327) ~[?:1.8.0_151]
	at com.sun.org.apache.xerces.internal.impl.XMLErrorReporter.reportError(XMLErrorReporter.java:284) ~[?:1.8.0_151]
	at com.sun.org.apache.xerces.internal.impl.xs.XMLSchemaValidator$XSIErrorReporter.reportError(XMLSchemaValidator.java:452) ~[?:1.8.0_151]
	at com.sun.org.apache.xerces.internal.impl.xs.XMLSchemaValidator.reportSchemaError(XMLSchemaValidator.java:3230) ~[?:1.8.0_151]
	at com.sun.org.apache.xerces.internal.impl.xs.XMLSchemaValidator.handleStartElement(XMLSchemaValidator.java:1911) ~[?:1.8.0_151]
	at com.sun.org.apache.xerces.internal.impl.xs.XMLSchemaValidator.emptyElement(XMLSchemaValidator.java:760) ~[?:1.8.0_151]
	at com.sun.org.apache.xerces.internal.impl.XMLNSDocumentScannerImpl.scanStartElement(XMLNSDocumentScannerImpl.java:351) ~[?:1.8.0_151]
	at com.sun.org.apache.xerces.internal.impl.XMLDocumentFragmentScannerImpl$FragmentContentDriver.next(XMLDocumentFragmentScannerImpl.java:2784) ~[?:1.8.0_151]
	at com.sun.org.apache.xerces.internal.impl.XMLDocumentScannerImpl.next(XMLDocumentScannerImpl.java:602) ~[?:1.8.0_151]
	at com.sun.org.apache.xerces.internal.impl.XMLNSDocumentScannerImpl.next(XMLNSDocumentScannerImpl.java:112) ~[?:1.8.0_151]
	at com.sun.org.apache.xerces.internal.impl.XMLDocumentFragmentScannerImpl.scanDocument(XMLDocumentFragmentScannerImpl.java:505) ~[?:1.8.0_151]
	at com.sun.org.apache.xerces.internal.parsers.XML11Configuration.parse(XML11Configuration.java:841) ~[?:1.8.0_151]
	at com.sun.org.apache.xerces.internal.parsers.XML11Configuration.parse(XML11Configuration.java:770) ~[?:1.8.0_151]
	at com.sun.org.apache.xerces.internal.parsers.XMLParser.parse(XMLParser.java:141) ~[?:1.8.0_151]
	at com.sun.org.apache.xerces.internal.parsers.DOMParser.parse(DOMParser.java:243) ~[?:1.8.0_151]
	at com.sun.org.apache.xerces.internal.jaxp.DocumentBuilderImpl.parse(DocumentBuilderImpl.java:339) ~[?:1.8.0_151]
	at org.springframework.beans.factory.xml.DefaultDocumentLoader.loadDocument(DefaultDocumentLoader.java:77) ~[spring-beans-5.0.0.RELEASE.jar:5.0.0.RELEASE]
	at org.springframework.beans.factory.xml.XmlBeanDefinitionReader.doLoadDocument(XmlBeanDefinitionReader.java:428) ~[spring-beans-5.0.0.RELEASE.jar:5.0.0.RELEASE]
	at org.springframework.beans.factory.xml.XmlBeanDefinitionReader.doLoadBeanDefinitions(XmlBeanDefinitionReader.java:390) ~[spring-beans-5.0.0.RELEASE.jar:5.0.0.RELEASE]
	at org.springframework.beans.factory.xml.XmlBeanDefinitionReader.loadBeanDefinitions(XmlBeanDefinitionReader.java:335) ~[spring-beans-5.0.0.RELEASE.jar:5.0.0.RELEASE]
	at org.springframework.beans.factory.xml.XmlBeanDefinitionReader.loadBeanDefinitions(XmlBeanDefinitionReader.java:303) ~[spring-beans-5.0.0.RELEASE.jar:5.0.0.RELEASE]
	at org.springframework.beans.factory.support.AbstractBeanDefinitionReader.loadBeanDefinitions(AbstractBeanDefinitionReader.java:187) ~[spring-beans-5.0.0.RELEASE.jar:5.0.0.RELEASE]
	at org.springframework.beans.factory.support.AbstractBeanDefinitionReader.loadBeanDefinitions(AbstractBeanDefinitionReader.java:223) ~[spring-beans-5.0.0.RELEASE.jar:5.0.0.RELEASE]
	at org.springframework.beans.factory.xml.DefaultBeanDefinitionDocumentReader.importBeanDefinitionResource(DefaultBeanDefinitionDocumentReader.java:233) ~[spring-beans-5.0.0.RELEASE.jar:5.0.0.RELEASE]
	at org.springframework.beans.factory.xml.DefaultBeanDefinitionDocumentReader.parseDefaultElement(DefaultBeanDefinitionDocumentReader.java:190) ~[spring-beans-5.0.0.RELEASE.jar:5.0.0.RELEASE]
	at org.springframework.beans.factory.xml.DefaultBeanDefinitionDocumentReader.parseBeanDefinitions(DefaultBeanDefinitionDocumentReader.java:175) ~[spring-beans-5.0.0.RELEASE.jar:5.0.0.RELEASE]
	at org.springframework.beans.factory.xml.DefaultBeanDefinitionDocumentReader.doRegisterBeanDefinitions(DefaultBeanDefinitionDocumentReader.java:148) ~[spring-beans-5.0.0.RELEASE.jar:5.0.0.RELEASE]
	at org.springframework.beans.factory.xml.DefaultBeanDefinitionDocumentReader.registerBeanDefinitions(DefaultBeanDefinitionDocumentReader.java:98) ~[spring-beans-5.0.0.RELEASE.jar:5.0.0.RELEASE]
	at org.springframework.beans.factory.xml.XmlBeanDefinitionReader.registerBeanDefinitions(XmlBeanDefinitionReader.java:507) ~[spring-beans-5.0.0.RELEASE.jar:5.0.0.RELEASE]
	at org.springframework.beans.factory.xml.XmlBeanDefinitionReader.doLoadBeanDefinitions(XmlBeanDefinitionReader.java:391) ~[spring-beans-5.0.0.RELEASE.jar:5.0.0.RELEASE]
	at org.springframework.beans.factory.xml.XmlBeanDefinitionReader.loadBeanDefinitions(XmlBeanDefinitionReader.java:335) ~[spring-beans-5.0.0.RELEASE.jar:5.0.0.RELEASE]
	at org.springframework.beans.factory.xml.XmlBeanDefinitionReader.loadBeanDefinitions(XmlBeanDefinitionReader.java:303) ~[spring-beans-5.0.0.RELEASE.jar:5.0.0.RELEASE]
	at org.springframework.beans.factory.support.AbstractBeanDefinitionReader.loadBeanDefinitions(AbstractBeanDefinitionReader.java:187) ~[spring-beans-5.0.0.RELEASE.jar:5.0.0.RELEASE]
	at org.springframework.beans.factory.support.AbstractBeanDefinitionReader.loadBeanDefinitions(AbstractBeanDefinitionReader.java:223) ~[spring-beans-5.0.0.RELEASE.jar:5.0.0.RELEASE]
	at org.springframework.beans.factory.support.AbstractBeanDefinitionReader.loadBeanDefinitions(AbstractBeanDefinitionReader.java:194) ~[spring-beans-5.0.0.RELEASE.jar:5.0.0.RELEASE]
	at org.springframework.beans.factory.support.AbstractBeanDefinitionReader.loadBeanDefinitions(AbstractBeanDefinitionReader.java:258) ~[spring-beans-5.0.0.RELEASE.jar:5.0.0.RELEASE]
	at org.springframework.test.context.support.AbstractGenericContextLoader.loadBeanDefinitions(AbstractGenericContextLoader.java:205) ~[spring-test-3.1.1.RELEASE.jar:3.1.1.RELEASE]
	at org.springframework.test.context.support.AbstractGenericContextLoader.loadContext(AbstractGenericContextLoader.java:100) ~[spring-test-3.1.1.RELEASE.jar:3.1.1.RELEASE]
	at org.springframework.test.context.support.AbstractGenericContextLoader.loadContext(AbstractGenericContextLoader.java:1) ~[spring-test-3.1.1.RELEASE.jar:3.1.1.RELEASE]
	at org.springframework.test.context.support.DelegatingSmartContextLoader.loadContext(DelegatingSmartContextLoader.java:228) ~[spring-test-3.1.1.RELEASE.jar:3.1.1.RELEASE]
	at org.springframework.test.context.TestContext.loadApplicationContext(TestContext.java:124) ~[spring-test-3.1.1.RELEASE.jar:3.1.1.RELEASE]
	at org.springframework.test.context.TestContext.getApplicationContext(TestContext.java:148) ~[spring-test-3.1.1.RELEASE.jar:3.1.1.RELEASE]
	... 23 more

