2019-03-22 17:20:41.482 [main] INFO [org.springframework.test.context.TestContextManager.retrieveTestExecutionListeners] - @TestExecutionListeners is not present for class [class com.springbasetest.Test1]: using defaults.
2019-03-22 17:20:41.853 [main] INFO [org.springframework.beans.factory.xml.XmlBeanDefinitionReader.loadBeanDefinitions] - Loading XML bean definitions from class path resource [spring/spring-mybatis.xml]
2019-03-22 17:20:42.287 [main] INFO [org.springframework.beans.factory.xml.XmlBeanDefinitionReader.loadBeanDefinitions] - Loading XML bean definitions from URL [file:/C:/Develop/IdeaWorkPlace/MyWeb/target/classes/spring/applicationContext.xml]
2019-03-22 17:20:44.073 [main] INFO [org.springframework.context.support.AbstractApplicationContext.prepareRefresh] - Refreshing org.springframework.context.support.GenericApplicationContext@402bba4f: startup date [Fri Mar 22 17:20:44 CST 2019]; root of context hierarchy
2019-03-22 17:20:45.659 [main] INFO [com.alibaba.druid.support.logging.Log4j2Impl.info] - {dataSource-1} inited
2019-03-22 17:20:45.983 [Thread-1] INFO [org.springframework.context.support.AbstractApplicationContext.doClose] - Closing org.springframework.context.support.GenericApplicationContext@402bba4f: startup date [Fri Mar 22 17:20:44 CST 2019]; root of context hierarchy
2019-03-22 17:20:45.988 [Thread-1] INFO [com.alibaba.druid.support.logging.Log4j2Impl.info] - {dataSource-1} closed
2019-03-22 17:22:38.911 [main] INFO [org.springframework.test.context.TestContextManager.retrieveTestExecutionListeners] - @TestExecutionListeners is not present for class [class com.springbasetest.Test1]: using defaults.
2019-03-22 17:22:39.066 [main] INFO [org.springframework.beans.factory.xml.XmlBeanDefinitionReader.loadBeanDefinitions] - Loading XML bean definitions from class path resource [spring/spring-mybatis.xml]
2019-03-22 17:22:39.322 [main] INFO [org.springframework.beans.factory.xml.XmlBeanDefinitionReader.loadBeanDefinitions] - Loading XML bean definitions from URL [file:/C:/Develop/IdeaWorkPlace/MyWeb/target/classes/spring/applicationContext.xml]
2019-03-22 17:22:40.837 [main] INFO [org.springframework.context.support.AbstractApplicationContext.prepareRefresh] - Refreshing org.springframework.context.support.GenericApplicationContext@6973b51b: startup date [Fri Mar 22 17:22:40 CST 2019]; root of context hierarchy
2019-03-22 17:22:42.063 [main] INFO [com.alibaba.druid.support.logging.Log4j2Impl.info] - {dataSource-1} inited
2019-03-22 17:22:42.287 [Thread-1] INFO [org.springframework.context.support.AbstractApplicationContext.doClose] - Closing org.springframework.context.support.GenericApplicationContext@6973b51b: startup date [Fri Mar 22 17:22:40 CST 2019]; root of context hierarchy
2019-03-22 17:22:42.293 [Thread-1] INFO [com.alibaba.druid.support.logging.Log4j2Impl.info] - {dataSource-1} closed
2019-03-22 17:51:31.941 [main] INFO [org.springframework.test.context.TestContextManager.retrieveTestExecutionListeners] - @TestExecutionListeners is not present for class [class com.springbasetest.Test1]: using defaults.
2019-03-22 17:51:32.094 [main] INFO [org.springframework.beans.factory.xml.XmlBeanDefinitionReader.loadBeanDefinitions] - Loading XML bean definitions from class path resource [spring/spring-mybatis.xml]
2019-03-22 17:51:32.392 [main] INFO [org.springframework.beans.factory.xml.XmlBeanDefinitionReader.loadBeanDefinitions] - Loading XML bean definitions from URL [file:/C:/Develop/IdeaWorkPlace/MyWeb/target/classes/spring/applicationContext.xml]
2019-03-22 17:54:23.781 [main] INFO [org.springframework.test.context.TestContextManager.retrieveTestExecutionListeners] - @TestExecutionListeners is not present for class [class com.springbasetest.Test1]: using defaults.
2019-03-22 17:54:23.965 [main] INFO [org.springframework.beans.factory.xml.XmlBeanDefinitionReader.loadBeanDefinitions] - Loading XML bean definitions from class path resource [spring/spring-mybatis.xml]
2019-03-22 17:54:24.246 [main] INFO [org.springframework.beans.factory.xml.XmlBeanDefinitionReader.loadBeanDefinitions] - Loading XML bean definitions from URL [file:/C:/Develop/IdeaWorkPlace/MyWeb/target/classes/spring/applicationContext.xml]
2019-03-22 17:54:24.281 [main] INFO [org.springframework.beans.factory.xml.XmlBeanDefinitionReader.loadBeanDefinitions] - Loading XML bean definitions from URL [file:/C:/Develop/IdeaWorkPlace/MyWeb/target/classes/spring/spring/spring-mybatis.xml]
2019-03-22 17:55:25.623 [main] INFO [org.springframework.test.context.TestContextManager.retrieveTestExecutionListeners] - @TestExecutionListeners is not present for class [class com.springbasetest.Test1]: using defaults.
2019-03-22 17:55:25.767 [main] INFO [org.springframework.beans.factory.xml.XmlBeanDefinitionReader.loadBeanDefinitions] - Loading XML bean definitions from class path resource [spring/spring-mybatis.xml]
2019-03-22 17:55:26.105 [main] INFO [org.springframework.beans.factory.xml.XmlBeanDefinitionReader.loadBeanDefinitions] - Loading XML bean definitions from URL [file:/C:/Develop/IdeaWorkPlace/MyWeb/target/classes/spring/applicationContext.xml]
2019-03-22 17:55:26.157 [main] INFO [org.springframework.beans.factory.xml.XmlBeanDefinitionReader.loadBeanDefinitions] - Loading XML bean definitions from URL [file:/C:/Develop/IdeaWorkPlace/MyWeb/target/classes/spring/spring-mybatis.xml]
2019-03-22 17:55:27.800 [main] INFO [org.springframework.context.support.AbstractApplicationContext.prepareRefresh] - Refreshing org.springframework.context.support.GenericApplicationContext@6973b51b: startup date [Fri Mar 22 17:55:27 CST 2019]; root of context hierarchy
2019-03-22 17:55:27.996 [main] WARN [org.mybatis.spring.mapper.ClassPathMapperScanner.checkCandidate] - Skipping MapperFactoryBean with name 'cityMapper' and 'com.project.dao.CityMapper' mapperInterface. Bean already defined with the same name!
2019-03-22 17:55:27.997 [main] WARN [org.mybatis.spring.mapper.ClassPathMapperScanner.checkCandidate] - Skipping MapperFactoryBean with name 'teacherMapper' and 'com.project.dao.TeacherMapper' mapperInterface. Bean already defined with the same name!
2019-03-22 17:55:27.997 [main] WARN [org.mybatis.spring.mapper.ClassPathMapperScanner.doScan] - No MyBatis mapper was found in '[com.project.dao]' package. Please check your configuration.
2019-03-22 17:55:29.186 [main] INFO [com.alibaba.druid.support.logging.Log4j2Impl.info] - {dataSource-1} inited
2019-03-22 17:55:29.456 [Thread-1] INFO [org.springframework.context.support.AbstractApplicationContext.doClose] - Closing org.springframework.context.support.GenericApplicationContext@6973b51b: startup date [Fri Mar 22 17:55:27 CST 2019]; root of context hierarchy
2019-03-22 17:55:29.462 [Thread-1] INFO [com.alibaba.druid.support.logging.Log4j2Impl.info] - {dataSource-1} closed
2019-03-22 21:27:11.614 [main] INFO [org.springframework.test.context.TestContextManager.retrieveTestExecutionListeners] - @TestExecutionListeners is not present for class [class com.springbasetest.Test1]: using defaults.
2019-03-22 21:27:11.772 [main] INFO [org.springframework.beans.factory.xml.XmlBeanDefinitionReader.loadBeanDefinitions] - Loading XML bean definitions from class path resource [spring/spring-mybatis.xml]
2019-03-22 21:27:12.156 [main] INFO [org.springframework.beans.factory.xml.XmlBeanDefinitionReader.loadBeanDefinitions] - Loading XML bean definitions from URL [file:/C:/Develop/IdeaWorkPlace/MyWeb/target/classes/spring/applicationContext.xml]
2019-03-22 21:27:12.338 [main] INFO [org.springframework.beans.factory.xml.XmlBeanDefinitionReader.loadBeanDefinitions] - Loading XML bean definitions from URL [file:/C:/Develop/IdeaWorkPlace/MyWeb/target/classes/spring/spring-mybatis.xml]
2019-03-22 21:27:14.381 [main] INFO [org.springframework.context.support.AbstractApplicationContext.prepareRefresh] - Refreshing org.springframework.context.support.GenericApplicationContext@6973b51b: startup date [Fri Mar 22 21:27:14 CST 2019]; root of context hierarchy
2019-03-22 21:27:14.562 [main] WARN [org.mybatis.spring.mapper.ClassPathMapperScanner.checkCandidate] - Skipping MapperFactoryBean with name 'cityMapper' and 'com.project.dao.CityMapper' mapperInterface. Bean already defined with the same name!
2019-03-22 21:27:14.563 [main] WARN [org.mybatis.spring.mapper.ClassPathMapperScanner.checkCandidate] - Skipping MapperFactoryBean with name 'teacherMapper' and 'com.project.dao.TeacherMapper' mapperInterface. Bean already defined with the same name!
2019-03-22 21:27:14.563 [main] WARN [org.mybatis.spring.mapper.ClassPathMapperScanner.doScan] - No MyBatis mapper was found in '[com.project.dao]' package. Please check your configuration.
2019-03-22 21:27:15.697 [main] INFO [com.alibaba.druid.support.logging.Log4j2Impl.info] - {dataSource-1} inited
2019-03-22 21:27:16.031 [main] INFO [org.springframework.beans.factory.xml.XmlBeanDefinitionReader.loadBeanDefinitions] - Loading XML bean definitions from class path resource [org/springframework/jdbc/support/sql-error-codes.xml]
2019-03-22 21:27:16.052 [main] INFO [org.springframework.jdbc.support.SQLErrorCodesFactory.<init>] - SQLErrorCodes loaded: [DB2, Derby, H2, HSQL, Informix, MS-SQL, MySQL, Oracle, PostgreSQL, Sybase, Hana]
2019-03-22 21:27:16.066 [Thread-1] INFO [org.springframework.context.support.AbstractApplicationContext.doClose] - Closing org.springframework.context.support.GenericApplicationContext@6973b51b: startup date [Fri Mar 22 21:27:14 CST 2019]; root of context hierarchy
2019-03-22 21:27:16.070 [Thread-1] INFO [com.alibaba.druid.support.logging.Log4j2Impl.info] - {dataSource-1} closed
2019-03-22 21:28:18.673 [main] INFO [org.springframework.test.context.TestContextManager.retrieveTestExecutionListeners] - @TestExecutionListeners is not present for class [class com.springbasetest.Test1]: using defaults.
2019-03-22 21:28:18.850 [main] INFO [org.springframework.beans.factory.xml.XmlBeanDefinitionReader.loadBeanDefinitions] - Loading XML bean definitions from class path resource [spring/spring-mybatis.xml]
2019-03-22 21:28:19.258 [main] INFO [org.springframework.beans.factory.xml.XmlBeanDefinitionReader.loadBeanDefinitions] - Loading XML bean definitions from URL [file:/C:/Develop/IdeaWorkPlace/MyWeb/target/classes/spring/applicationContext.xml]
2019-03-22 21:28:19.295 [main] INFO [org.springframework.beans.factory.xml.XmlBeanDefinitionReader.loadBeanDefinitions] - Loading XML bean definitions from URL [file:/C:/Develop/IdeaWorkPlace/MyWeb/target/classes/spring/spring-mybatis.xml]
2019-03-22 21:28:20.720 [main] INFO [org.springframework.context.support.AbstractApplicationContext.prepareRefresh] - Refreshing org.springframework.context.support.GenericApplicationContext@6973b51b: startup date [Fri Mar 22 21:28:20 CST 2019]; root of context hierarchy
2019-03-22 21:28:20.911 [main] WARN [org.mybatis.spring.mapper.ClassPathMapperScanner.checkCandidate] - Skipping MapperFactoryBean with name 'cityMapper' and 'com.project.dao.CityMapper' mapperInterface. Bean already defined with the same name!
2019-03-22 21:28:20.911 [main] WARN [org.mybatis.spring.mapper.ClassPathMapperScanner.checkCandidate] - Skipping MapperFactoryBean with name 'teacherMapper' and 'com.project.dao.TeacherMapper' mapperInterface. Bean already defined with the same name!
2019-03-22 21:28:20.911 [main] WARN [org.mybatis.spring.mapper.ClassPathMapperScanner.doScan] - No MyBatis mapper was found in '[com.project.dao]' package. Please check your configuration.
2019-03-22 21:28:22.018 [main] INFO [com.alibaba.druid.support.logging.Log4j2Impl.info] - {dataSource-1} inited
2019-03-22 21:28:22.317 [main] INFO [org.springframework.beans.factory.xml.XmlBeanDefinitionReader.loadBeanDefinitions] - Loading XML bean definitions from class path resource [org/springframework/jdbc/support/sql-error-codes.xml]
2019-03-22 21:28:22.343 [main] INFO [org.springframework.jdbc.support.SQLErrorCodesFactory.<init>] - SQLErrorCodes loaded: [DB2, Derby, H2, HSQL, Informix, MS-SQL, MySQL, Oracle, PostgreSQL, Sybase, Hana]
2019-03-22 21:28:22.357 [Thread-1] INFO [org.springframework.context.support.AbstractApplicationContext.doClose] - Closing org.springframework.context.support.GenericApplicationContext@6973b51b: startup date [Fri Mar 22 21:28:20 CST 2019]; root of context hierarchy
2019-03-22 21:28:22.363 [Thread-1] INFO [com.alibaba.druid.support.logging.Log4j2Impl.info] - {dataSource-1} closed
2019-03-22 21:31:33.846 [main] INFO [org.springframework.test.context.TestContextManager.retrieveTestExecutionListeners] - @TestExecutionListeners is not present for class [class com.springbasetest.Test1]: using defaults.
2019-03-22 21:31:33.998 [main] INFO [org.springframework.beans.factory.xml.XmlBeanDefinitionReader.loadBeanDefinitions] - Loading XML bean definitions from class path resource [spring/spring-mybatis.xml]
2019-03-22 21:31:34.395 [main] INFO [org.springframework.beans.factory.xml.XmlBeanDefinitionReader.loadBeanDefinitions] - Loading XML bean definitions from URL [file:/C:/Develop/IdeaWorkPlace/MyWeb/target/classes/spring/applicationContext.xml]
2019-03-22 21:31:34.433 [main] INFO [org.springframework.beans.factory.xml.XmlBeanDefinitionReader.loadBeanDefinitions] - Loading XML bean definitions from URL [file:/C:/Develop/IdeaWorkPlace/MyWeb/target/classes/spring/spring-mybatis.xml]
2019-03-22 21:31:35.879 [main] INFO [org.springframework.context.support.AbstractApplicationContext.prepareRefresh] - Refreshing org.springframework.context.support.GenericApplicationContext@6973b51b: startup date [Fri Mar 22 21:31:35 CST 2019]; root of context hierarchy
2019-03-22 21:31:36.054 [main] WARN [org.mybatis.spring.mapper.ClassPathMapperScanner.checkCandidate] - Skipping MapperFactoryBean with name 'cityMapper' and 'com.project.dao.CityMapper' mapperInterface. Bean already defined with the same name!
2019-03-22 21:31:36.055 [main] WARN [org.mybatis.spring.mapper.ClassPathMapperScanner.checkCandidate] - Skipping MapperFactoryBean with name 'teacherMapper' and 'com.project.dao.TeacherMapper' mapperInterface. Bean already defined with the same name!
2019-03-22 21:31:36.055 [main] WARN [org.mybatis.spring.mapper.ClassPathMapperScanner.doScan] - No MyBatis mapper was found in '[com.project.dao]' package. Please check your configuration.
2019-03-22 21:31:37.120 [main] INFO [com.alibaba.druid.support.logging.Log4j2Impl.info] - {dataSource-1} inited
2019-03-22 21:31:37.384 [main] INFO [org.springframework.beans.factory.xml.XmlBeanDefinitionReader.loadBeanDefinitions] - Loading XML bean definitions from class path resource [org/springframework/jdbc/support/sql-error-codes.xml]
2019-03-22 21:31:37.412 [main] INFO [org.springframework.jdbc.support.SQLErrorCodesFactory.<init>] - SQLErrorCodes loaded: [DB2, Derby, H2, HSQL, Informix, MS-SQL, MySQL, Oracle, PostgreSQL, Sybase, Hana]
2019-03-22 21:31:37.429 [Thread-1] INFO [org.springframework.context.support.AbstractApplicationContext.doClose] - Closing org.springframework.context.support.GenericApplicationContext@6973b51b: startup date [Fri Mar 22 21:31:35 CST 2019]; root of context hierarchy
2019-03-22 21:31:37.435 [Thread-1] INFO [com.alibaba.druid.support.logging.Log4j2Impl.info] - {dataSource-1} closed
2019-03-22 21:33:07.208 [main] INFO [org.springframework.test.context.TestContextManager.retrieveTestExecutionListeners] - @TestExecutionListeners is not present for class [class com.springbasetest.Test1]: using defaults.
2019-03-22 21:33:07.439 [main] INFO [org.springframework.beans.factory.xml.XmlBeanDefinitionReader.loadBeanDefinitions] - Loading XML bean definitions from class path resource [spring/spring-mybatis.xml]
2019-03-22 21:33:07.857 [main] INFO [org.springframework.beans.factory.xml.XmlBeanDefinitionReader.loadBeanDefinitions] - Loading XML bean definitions from URL [file:/C:/Develop/IdeaWorkPlace/MyWeb/target/classes/spring/applicationContext.xml]
2019-03-22 21:33:07.895 [main] INFO [org.springframework.beans.factory.xml.XmlBeanDefinitionReader.loadBeanDefinitions] - Loading XML bean definitions from URL [file:/C:/Develop/IdeaWorkPlace/MyWeb/target/classes/spring/spring-mybatis.xml]
2019-03-22 21:33:09.485 [main] INFO [org.springframework.context.support.AbstractApplicationContext.prepareRefresh] - Refreshing org.springframework.context.support.GenericApplicationContext@6973b51b: startup date [Fri Mar 22 21:33:09 CST 2019]; root of context hierarchy
2019-03-22 21:33:09.682 [main] WARN [org.mybatis.spring.mapper.ClassPathMapperScanner.checkCandidate] - Skipping MapperFactoryBean with name 'cityMapper' and 'com.project.dao.CityMapper' mapperInterface. Bean already defined with the same name!
2019-03-22 21:33:09.683 [main] WARN [org.mybatis.spring.mapper.ClassPathMapperScanner.checkCandidate] - Skipping MapperFactoryBean with name 'teacherMapper' and 'com.project.dao.TeacherMapper' mapperInterface. Bean already defined with the same name!
2019-03-22 21:33:09.683 [main] WARN [org.mybatis.spring.mapper.ClassPathMapperScanner.doScan] - No MyBatis mapper was found in '[com.project.dao]' package. Please check your configuration.
2019-03-22 21:33:10.856 [main] INFO [com.alibaba.druid.support.logging.Log4j2Impl.info] - {dataSource-1} inited
2019-03-22 21:33:11.117 [Thread-1] INFO [org.springframework.context.support.AbstractApplicationContext.doClose] - Closing org.springframework.context.support.GenericApplicationContext@6973b51b: startup date [Fri Mar 22 21:33:09 CST 2019]; root of context hierarchy
2019-03-22 21:33:11.122 [Thread-1] INFO [com.alibaba.druid.support.logging.Log4j2Impl.info] - {dataSource-1} closed
2019-03-22 21:38:36.933 [main] INFO [org.springframework.test.context.TestContextManager.retrieveTestExecutionListeners] - @TestExecutionListeners is not present for class [class com.springbasetest.Test1]: using defaults.
2019-03-22 21:38:37.140 [main] INFO [org.springframework.beans.factory.xml.XmlBeanDefinitionReader.loadBeanDefinitions] - Loading XML bean definitions from class path resource [spring/spring-mybatis.xml]
2019-03-22 21:38:37.543 [main] INFO [org.springframework.beans.factory.xml.XmlBeanDefinitionReader.loadBeanDefinitions] - Loading XML bean definitions from URL [file:/C:/Develop/IdeaWorkPlace/MyWeb/target/classes/spring/applicationContext.xml]
2019-03-22 21:38:37.594 [main] INFO [org.springframework.beans.factory.xml.XmlBeanDefinitionReader.loadBeanDefinitions] - Loading XML bean definitions from URL [file:/C:/Develop/IdeaWorkPlace/MyWeb/target/classes/spring/spring-mybatis.xml]
2019-03-22 21:38:39.031 [main] INFO [org.springframework.context.support.AbstractApplicationContext.prepareRefresh] - Refreshing org.springframework.context.support.GenericApplicationContext@6973b51b: startup date [Fri Mar 22 21:38:39 CST 2019]; root of context hierarchy
2019-03-22 21:38:39.224 [main] WARN [org.mybatis.spring.mapper.ClassPathMapperScanner.checkCandidate] - Skipping MapperFactoryBean with name 'cityMapper' and 'com.project.dao.CityMapper' mapperInterface. Bean already defined with the same name!
2019-03-22 21:38:39.224 [main] WARN [org.mybatis.spring.mapper.ClassPathMapperScanner.checkCandidate] - Skipping MapperFactoryBean with name 'teacherMapper' and 'com.project.dao.TeacherMapper' mapperInterface. Bean already defined with the same name!
2019-03-22 21:38:39.224 [main] WARN [org.mybatis.spring.mapper.ClassPathMapperScanner.doScan] - No MyBatis mapper was found in '[com.project.dao]' package. Please check your configuration.
2019-03-22 21:38:40.455 [main] INFO [com.alibaba.druid.support.logging.Log4j2Impl.info] - {dataSource-1} inited
2019-03-22 21:38:40.758 [Thread-1] INFO [org.springframework.context.support.AbstractApplicationContext.doClose] - Closing org.springframework.context.support.GenericApplicationContext@6973b51b: startup date [Fri Mar 22 21:38:39 CST 2019]; root of context hierarchy
2019-03-22 21:38:40.764 [Thread-1] INFO [com.alibaba.druid.support.logging.Log4j2Impl.info] - {dataSource-1} closed
2019-03-22 21:39:53.952 [main] INFO [org.springframework.test.context.TestContextManager.retrieveTestExecutionListeners] - @TestExecutionListeners is not present for class [class com.springbasetest.Test1]: using defaults.
2019-03-22 21:39:54.187 [main] INFO [org.springframework.beans.factory.xml.XmlBeanDefinitionReader.loadBeanDefinitions] - Loading XML bean definitions from class path resource [spring/spring-mybatis.xml]
2019-03-22 21:39:54.582 [main] INFO [org.springframework.beans.factory.xml.XmlBeanDefinitionReader.loadBeanDefinitions] - Loading XML bean definitions from URL [file:/C:/Develop/IdeaWorkPlace/MyWeb/target/classes/spring/applicationContext.xml]
2019-03-22 21:39:54.639 [main] INFO [org.springframework.beans.factory.xml.XmlBeanDefinitionReader.loadBeanDefinitions] - Loading XML bean definitions from URL [file:/C:/Develop/IdeaWorkPlace/MyWeb/target/classes/spring/spring-mybatis.xml]
2019-03-22 21:39:56.193 [main] INFO [org.springframework.context.support.AbstractApplicationContext.prepareRefresh] - Refreshing org.springframework.context.support.GenericApplicationContext@6973b51b: startup date [Fri Mar 22 21:39:56 CST 2019]; root of context hierarchy
2019-03-22 21:39:56.380 [main] WARN [org.mybatis.spring.mapper.ClassPathMapperScanner.checkCandidate] - Skipping MapperFactoryBean with name 'cityMapper' and 'com.project.dao.CityMapper' mapperInterface. Bean already defined with the same name!
2019-03-22 21:39:56.381 [main] WARN [org.mybatis.spring.mapper.ClassPathMapperScanner.checkCandidate] - Skipping MapperFactoryBean with name 'teacherMapper' and 'com.project.dao.TeacherMapper' mapperInterface. Bean already defined with the same name!
2019-03-22 21:39:56.381 [main] WARN [org.mybatis.spring.mapper.ClassPathMapperScanner.doScan] - No MyBatis mapper was found in '[com.project.dao]' package. Please check your configuration.
2019-03-22 21:39:57.501 [main] INFO [com.alibaba.druid.support.logging.Log4j2Impl.info] - {dataSource-1} inited
2019-03-22 21:39:57.798 [Thread-1] INFO [org.springframework.context.support.AbstractApplicationContext.doClose] - Closing org.springframework.context.support.GenericApplicationContext@6973b51b: startup date [Fri Mar 22 21:39:56 CST 2019]; root of context hierarchy
2019-03-22 21:39:57.810 [Thread-1] INFO [com.alibaba.druid.support.logging.Log4j2Impl.info] - {dataSource-1} closed
2019-03-22 21:41:08.479 [main] INFO [org.springframework.test.context.TestContextManager.retrieveTestExecutionListeners] - @TestExecutionListeners is not present for class [class com.springbasetest.Test1]: using defaults.
2019-03-22 21:41:08.636 [main] INFO [org.springframework.beans.factory.xml.XmlBeanDefinitionReader.loadBeanDefinitions] - Loading XML bean definitions from class path resource [spring/spring-mybatis.xml]
2019-03-22 21:41:08.920 [main] INFO [org.springframework.beans.factory.xml.XmlBeanDefinitionReader.loadBeanDefinitions] - Loading XML bean definitions from URL [file:/C:/Develop/IdeaWorkPlace/MyWeb/target/classes/spring/applicationContext.xml]
2019-03-22 21:41:08.948 [main] INFO [org.springframework.beans.factory.xml.XmlBeanDefinitionReader.loadBeanDefinitions] - Loading XML bean definitions from URL [file:/C:/Develop/IdeaWorkPlace/MyWeb/target/classes/spring/spring-mybatis.xml]
2019-03-22 21:41:10.315 [main] INFO [org.springframework.context.support.AbstractApplicationContext.prepareRefresh] - Refreshing org.springframework.context.support.GenericApplicationContext@6973b51b: startup date [Fri Mar 22 21:41:10 CST 2019]; root of context hierarchy
2019-03-22 21:41:10.560 [main] WARN [org.mybatis.spring.mapper.ClassPathMapperScanner.checkCandidate] - Skipping MapperFactoryBean with name 'cityMapper' and 'com.project.dao.CityMapper' mapperInterface. Bean already defined with the same name!
2019-03-22 21:41:10.561 [main] WARN [org.mybatis.spring.mapper.ClassPathMapperScanner.checkCandidate] - Skipping MapperFactoryBean with name 'teacherMapper' and 'com.project.dao.TeacherMapper' mapperInterface. Bean already defined with the same name!
2019-03-22 21:41:10.561 [main] WARN [org.mybatis.spring.mapper.ClassPathMapperScanner.doScan] - No MyBatis mapper was found in '[com.project.dao]' package. Please check your configuration.
2019-03-22 21:41:11.670 [main] INFO [com.alibaba.druid.support.logging.Log4j2Impl.info] - {dataSource-1} inited
2019-03-22 21:41:11.980 [Thread-1] INFO [org.springframework.context.support.AbstractApplicationContext.doClose] - Closing org.springframework.context.support.GenericApplicationContext@6973b51b: startup date [Fri Mar 22 21:41:10 CST 2019]; root of context hierarchy
2019-03-22 21:41:11.987 [Thread-1] INFO [com.alibaba.druid.support.logging.Log4j2Impl.info] - {dataSource-1} closed
2019-03-22 21:46:26.566 [main] INFO [org.springframework.test.context.TestContextManager.retrieveTestExecutionListeners] - @TestExecutionListeners is not present for class [class com.springbasetest.Test1]: using defaults.
2019-03-22 21:46:26.719 [main] INFO [org.springframework.beans.factory.xml.XmlBeanDefinitionReader.loadBeanDefinitions] - Loading XML bean definitions from class path resource [spring/spring-mybatis.xml]
2019-03-22 21:46:27.234 [main] INFO [org.springframework.beans.factory.xml.XmlBeanDefinitionReader.loadBeanDefinitions] - Loading XML bean definitions from URL [file:/C:/Develop/IdeaWorkPlace/MyWeb/target/classes/spring/applicationContext.xml]
2019-03-22 21:46:27.274 [main] INFO [org.springframework.beans.factory.xml.XmlBeanDefinitionReader.loadBeanDefinitions] - Loading XML bean definitions from URL [file:/C:/Develop/IdeaWorkPlace/MyWeb/target/classes/spring/spring-mybatis.xml]
2019-03-22 21:46:28.831 [main] INFO [org.springframework.context.support.AbstractApplicationContext.prepareRefresh] - Refreshing org.springframework.context.support.GenericApplicationContext@6973b51b: startup date [Fri Mar 22 21:46:28 CST 2019]; root of context hierarchy
2019-03-22 21:46:29.013 [main] WARN [org.mybatis.spring.mapper.ClassPathMapperScanner.checkCandidate] - Skipping MapperFactoryBean with name 'cityMapper' and 'com.project.dao.CityMapper' mapperInterface. Bean already defined with the same name!
2019-03-22 21:46:29.013 [main] WARN [org.mybatis.spring.mapper.ClassPathMapperScanner.checkCandidate] - Skipping MapperFactoryBean with name 'teacherMapper' and 'com.project.dao.TeacherMapper' mapperInterface. Bean already defined with the same name!
2019-03-22 21:46:29.013 [main] WARN [org.mybatis.spring.mapper.ClassPathMapperScanner.doScan] - No MyBatis mapper was found in '[com.project.dao]' package. Please check your configuration.
2019-03-22 21:46:30.422 [main] INFO [com.alibaba.druid.support.logging.Log4j2Impl.info] - {dataSource-1} inited
2019-03-22 21:46:30.651 [main] INFO [com.alibaba.druid.support.logging.Log4j2Impl.info] - {dataSource-2} inited
2019-03-22 21:46:30.689 [Thread-1] INFO [org.springframework.context.support.AbstractApplicationContext.doClose] - Closing org.springframework.context.support.GenericApplicationContext@6973b51b: startup date [Fri Mar 22 21:46:28 CST 2019]; root of context hierarchy
2019-03-22 21:46:30.695 [Thread-1] INFO [com.alibaba.druid.support.logging.Log4j2Impl.info] - {dataSource-2} closed
2019-03-22 21:46:30.696 [Thread-1] INFO [com.alibaba.druid.support.logging.Log4j2Impl.info] - {dataSource-1} closed
2019-03-22 21:46:52.878 [main] INFO [org.springframework.test.context.TestContextManager.retrieveTestExecutionListeners] - @TestExecutionListeners is not present for class [class com.springbasetest.Test1]: using defaults.
2019-03-22 21:46:53.066 [main] INFO [org.springframework.beans.factory.xml.XmlBeanDefinitionReader.loadBeanDefinitions] - Loading XML bean definitions from class path resource [spring/spring-mybatis.xml]
2019-03-22 21:46:53.356 [main] INFO [org.springframework.beans.factory.xml.XmlBeanDefinitionReader.loadBeanDefinitions] - Loading XML bean definitions from URL [file:/C:/Develop/IdeaWorkPlace/MyWeb/target/classes/spring/applicationContext.xml]
2019-03-22 21:46:53.388 [main] INFO [org.springframework.beans.factory.xml.XmlBeanDefinitionReader.loadBeanDefinitions] - Loading XML bean definitions from URL [file:/C:/Develop/IdeaWorkPlace/MyWeb/target/classes/spring/spring-mybatis.xml]
2019-03-22 21:46:55.004 [main] INFO [org.springframework.context.support.AbstractApplicationContext.prepareRefresh] - Refreshing org.springframework.context.support.GenericApplicationContext@6973b51b: startup date [Fri Mar 22 21:46:55 CST 2019]; root of context hierarchy
2019-03-22 21:46:55.188 [main] WARN [org.mybatis.spring.mapper.ClassPathMapperScanner.checkCandidate] - Skipping MapperFactoryBean with name 'cityMapper' and 'com.project.dao.CityMapper' mapperInterface. Bean already defined with the same name!
2019-03-22 21:46:55.188 [main] WARN [org.mybatis.spring.mapper.ClassPathMapperScanner.checkCandidate] - Skipping MapperFactoryBean with name 'teacherMapper' and 'com.project.dao.TeacherMapper' mapperInterface. Bean already defined with the same name!
2019-03-22 21:46:55.188 [main] WARN [org.mybatis.spring.mapper.ClassPathMapperScanner.doScan] - No MyBatis mapper was found in '[com.project.dao]' package. Please check your configuration.
2019-03-22 21:46:56.241 [main] INFO [com.alibaba.druid.support.logging.Log4j2Impl.info] - {dataSource-1} inited
2019-03-22 21:46:56.526 [main] INFO [com.alibaba.druid.support.logging.Log4j2Impl.info] - {dataSource-2} inited
2019-03-22 21:46:56.560 [Thread-1] INFO [org.springframework.context.support.AbstractApplicationContext.doClose] - Closing org.springframework.context.support.GenericApplicationContext@6973b51b: startup date [Fri Mar 22 21:46:55 CST 2019]; root of context hierarchy
2019-03-22 21:46:56.566 [Thread-1] INFO [com.alibaba.druid.support.logging.Log4j2Impl.info] - {dataSource-2} closed
2019-03-22 21:46:56.567 [Thread-1] INFO [com.alibaba.druid.support.logging.Log4j2Impl.info] - {dataSource-1} closed
2019-03-22 21:48:24.345 [main] INFO [org.springframework.test.context.TestContextManager.retrieveTestExecutionListeners] - @TestExecutionListeners is not present for class [class com.springbasetest.Test1]: using defaults.
2019-03-22 21:48:24.595 [main] INFO [org.springframework.beans.factory.xml.XmlBeanDefinitionReader.loadBeanDefinitions] - Loading XML bean definitions from class path resource [spring/spring-mybatis.xml]
2019-03-22 21:48:24.877 [main] INFO [org.springframework.beans.factory.xml.XmlBeanDefinitionReader.loadBeanDefinitions] - Loading XML bean definitions from URL [file:/C:/Develop/IdeaWorkPlace/MyWeb/target/classes/spring/applicationContext.xml]
2019-03-22 21:48:24.911 [main] INFO [org.springframework.beans.factory.xml.XmlBeanDefinitionReader.loadBeanDefinitions] - Loading XML bean definitions from URL [file:/C:/Develop/IdeaWorkPlace/MyWeb/target/classes/spring/spring-mybatis.xml]
2019-03-22 21:48:26.441 [main] INFO [org.springframework.context.support.AbstractApplicationContext.prepareRefresh] - Refreshing org.springframework.context.support.GenericApplicationContext@1ab3a8c8: startup date [Fri Mar 22 21:48:26 CST 2019]; root of context hierarchy
2019-03-22 21:48:26.609 [main] WARN [org.mybatis.spring.mapper.ClassPathMapperScanner.checkCandidate] - Skipping MapperFactoryBean with name 'cityMapper' and 'com.project.dao.CityMapper' mapperInterface. Bean already defined with the same name!
2019-03-22 21:48:26.609 [main] WARN [org.mybatis.spring.mapper.ClassPathMapperScanner.checkCandidate] - Skipping MapperFactoryBean with name 'teacherMapper' and 'com.project.dao.TeacherMapper' mapperInterface. Bean already defined with the same name!
2019-03-22 21:48:26.609 [main] WARN [org.mybatis.spring.mapper.ClassPathMapperScanner.doScan] - No MyBatis mapper was found in '[com.project.dao]' package. Please check your configuration.
2019-03-22 21:48:27.698 [main] INFO [com.alibaba.druid.support.logging.Log4j2Impl.info] - {dataSource-1} inited
2019-03-22 21:48:27.952 [main] INFO [com.alibaba.druid.support.logging.Log4j2Impl.info] - {dataSource-2} inited
2019-03-22 21:48:27.987 [Thread-1] INFO [org.springframework.context.support.AbstractApplicationContext.doClose] - Closing org.springframework.context.support.GenericApplicationContext@1ab3a8c8: startup date [Fri Mar 22 21:48:26 CST 2019]; root of context hierarchy
2019-03-22 21:48:27.992 [Thread-1] INFO [com.alibaba.druid.support.logging.Log4j2Impl.info] - {dataSource-2} closed
2019-03-22 21:48:27.993 [Thread-1] INFO [com.alibaba.druid.support.logging.Log4j2Impl.info] - {dataSource-1} closed
2019-03-22 22:01:57.990 [main] INFO [org.springframework.test.context.TestContextManager.retrieveTestExecutionListeners] - @TestExecutionListeners is not present for class [class com.springbasetest.Test1]: using defaults.
2019-03-22 22:01:58.228 [main] INFO [org.springframework.beans.factory.xml.XmlBeanDefinitionReader.loadBeanDefinitions] - Loading XML bean definitions from class path resource [spring/spring-mybatis.xml]
2019-03-22 22:01:58.642 [main] INFO [org.springframework.beans.factory.xml.XmlBeanDefinitionReader.loadBeanDefinitions] - Loading XML bean definitions from URL [file:/C:/Develop/IdeaWorkPlace/MyWeb/target/classes/spring/applicationContext.xml]
2019-03-22 22:01:58.674 [main] INFO [org.springframework.beans.factory.xml.XmlBeanDefinitionReader.loadBeanDefinitions] - Loading XML bean definitions from URL [file:/C:/Develop/IdeaWorkPlace/MyWeb/target/classes/spring/spring-mybatis.xml]
2019-03-22 22:02:00.208 [main] INFO [org.springframework.context.support.AbstractApplicationContext.prepareRefresh] - Refreshing org.springframework.context.support.GenericApplicationContext@6973b51b: startup date [Fri Mar 22 22:02:00 CST 2019]; root of context hierarchy
2019-03-22 22:02:00.376 [main] WARN [org.mybatis.spring.mapper.ClassPathMapperScanner.checkCandidate] - Skipping MapperFactoryBean with name 'cityMapper' and 'com.project.dao.CityMapper' mapperInterface. Bean already defined with the same name!
2019-03-22 22:02:00.377 [main] WARN [org.mybatis.spring.mapper.ClassPathMapperScanner.checkCandidate] - Skipping MapperFactoryBean with name 'teacherMapper' and 'com.project.dao.TeacherMapper' mapperInterface. Bean already defined with the same name!
2019-03-22 22:02:00.377 [main] WARN [org.mybatis.spring.mapper.ClassPathMapperScanner.doScan] - No MyBatis mapper was found in '[com.project.dao]' package. Please check your configuration.
2019-03-22 22:02:01.456 [main] INFO [com.alibaba.druid.support.logging.Log4j2Impl.info] - {dataSource-1} inited
2019-03-22 22:02:01.741 [main] INFO [com.alibaba.druid.support.logging.Log4j2Impl.info] - {dataSource-2} inited
2019-03-22 22:02:01.769 [Thread-1] INFO [org.springframework.context.support.AbstractApplicationContext.doClose] - Closing org.springframework.context.support.GenericApplicationContext@6973b51b: startup date [Fri Mar 22 22:02:00 CST 2019]; root of context hierarchy
2019-03-22 22:02:01.774 [Thread-1] INFO [com.alibaba.druid.support.logging.Log4j2Impl.info] - {dataSource-2} closed
2019-03-22 22:02:01.775 [Thread-1] INFO [com.alibaba.druid.support.logging.Log4j2Impl.info] - {dataSource-1} closed
2019-03-22 22:03:34.990 [main] INFO [org.springframework.test.context.TestContextManager.retrieveTestExecutionListeners] - @TestExecutionListeners is not present for class [class com.springbasetest.Test1]: using defaults.
2019-03-22 22:03:35.151 [main] INFO [org.springframework.beans.factory.xml.XmlBeanDefinitionReader.loadBeanDefinitions] - Loading XML bean definitions from class path resource [spring/spring-mybatis.xml]
2019-03-22 22:03:35.450 [main] INFO [org.springframework.beans.factory.xml.XmlBeanDefinitionReader.loadBeanDefinitions] - Loading XML bean definitions from URL [file:/C:/Develop/IdeaWorkPlace/MyWeb/target/classes/spring/applicationContext.xml]
2019-03-22 22:03:35.491 [main] INFO [org.springframework.beans.factory.xml.XmlBeanDefinitionReader.loadBeanDefinitions] - Loading XML bean definitions from URL [file:/C:/Develop/IdeaWorkPlace/MyWeb/target/classes/spring/spring-mybatis.xml]
2019-03-22 22:03:37.021 [main] INFO [org.springframework.context.support.AbstractApplicationContext.prepareRefresh] - Refreshing org.springframework.context.support.GenericApplicationContext@6973b51b: startup date [Fri Mar 22 22:03:37 CST 2019]; root of context hierarchy
2019-03-22 22:03:37.194 [main] WARN [org.mybatis.spring.mapper.ClassPathMapperScanner.checkCandidate] - Skipping MapperFactoryBean with name 'cityMapper' and 'com.project.dao.CityMapper' mapperInterface. Bean already defined with the same name!
2019-03-22 22:03:37.194 [main] WARN [org.mybatis.spring.mapper.ClassPathMapperScanner.checkCandidate] - Skipping MapperFactoryBean with name 'teacherMapper' and 'com.project.dao.TeacherMapper' mapperInterface. Bean already defined with the same name!
2019-03-22 22:03:37.194 [main] WARN [org.mybatis.spring.mapper.ClassPathMapperScanner.doScan] - No MyBatis mapper was found in '[com.project.dao]' package. Please check your configuration.
2019-03-22 22:03:38.220 [main] INFO [com.alibaba.druid.support.logging.Log4j2Impl.info] - {dataSource-1} inited
2019-03-22 22:03:38.462 [main] INFO [com.alibaba.druid.support.logging.Log4j2Impl.info] - {dataSource-2} inited
2019-03-22 22:03:38.506 [Thread-1] INFO [org.springframework.context.support.AbstractApplicationContext.doClose] - Closing org.springframework.context.support.GenericApplicationContext@6973b51b: startup date [Fri Mar 22 22:03:37 CST 2019]; root of context hierarchy
2019-03-22 22:03:38.512 [Thread-1] INFO [com.alibaba.druid.support.logging.Log4j2Impl.info] - {dataSource-2} closed
2019-03-22 22:03:38.513 [Thread-1] INFO [com.alibaba.druid.support.logging.Log4j2Impl.info] - {dataSource-1} closed
2019-03-22 22:04:09.100 [main] INFO [org.springframework.test.context.TestContextManager.retrieveTestExecutionListeners] - @TestExecutionListeners is not present for class [class com.springbasetest.Test1]: using defaults.
2019-03-22 22:04:09.253 [main] INFO [org.springframework.beans.factory.xml.XmlBeanDefinitionReader.loadBeanDefinitions] - Loading XML bean definitions from class path resource [spring/spring-mybatis.xml]
2019-03-22 22:04:09.594 [main] INFO [org.springframework.beans.factory.xml.XmlBeanDefinitionReader.loadBeanDefinitions] - Loading XML bean definitions from URL [file:/C:/Develop/IdeaWorkPlace/MyWeb/target/classes/spring/applicationContext.xml]
2019-03-22 22:04:09.629 [main] INFO [org.springframework.beans.factory.xml.XmlBeanDefinitionReader.loadBeanDefinitions] - Loading XML bean definitions from URL [file:/C:/Develop/IdeaWorkPlace/MyWeb/target/classes/spring/spring-mybatis.xml]
2019-03-22 22:04:11.109 [main] INFO [org.springframework.context.support.AbstractApplicationContext.prepareRefresh] - Refreshing org.springframework.context.support.GenericApplicationContext@6973b51b: startup date [Fri Mar 22 22:04:11 CST 2019]; root of context hierarchy
2019-03-22 22:04:11.297 [main] WARN [org.mybatis.spring.mapper.ClassPathMapperScanner.checkCandidate] - Skipping MapperFactoryBean with name 'cityMapper' and 'com.project.dao.CityMapper' mapperInterface. Bean already defined with the same name!
2019-03-22 22:04:11.297 [main] WARN [org.mybatis.spring.mapper.ClassPathMapperScanner.checkCandidate] - Skipping MapperFactoryBean with name 'teacherMapper' and 'com.project.dao.TeacherMapper' mapperInterface. Bean already defined with the same name!
2019-03-22 22:04:11.297 [main] WARN [org.mybatis.spring.mapper.ClassPathMapperScanner.doScan] - No MyBatis mapper was found in '[com.project.dao]' package. Please check your configuration.
2019-03-22 22:04:12.327 [main] INFO [com.alibaba.druid.support.logging.Log4j2Impl.info] - {dataSource-1} inited
2019-03-22 22:04:12.616 [main] INFO [com.alibaba.druid.support.logging.Log4j2Impl.info] - {dataSource-2} inited
2019-03-22 22:04:12.665 [Thread-1] INFO [org.springframework.context.support.AbstractApplicationContext.doClose] - Closing org.springframework.context.support.GenericApplicationContext@6973b51b: startup date [Fri Mar 22 22:04:11 CST 2019]; root of context hierarchy
2019-03-22 22:04:12.679 [Thread-1] INFO [com.alibaba.druid.support.logging.Log4j2Impl.info] - {dataSource-2} closed
2019-03-22 22:04:12.681 [Thread-1] INFO [com.alibaba.druid.support.logging.Log4j2Impl.info] - {dataSource-1} closed
2019-03-22 22:07:30.939 [main] INFO [org.springframework.test.context.TestContextManager.retrieveTestExecutionListeners] - @TestExecutionListeners is not present for class [class com.springbasetest.Test1]: using defaults.
2019-03-22 22:07:31.116 [main] INFO [org.springframework.beans.factory.xml.XmlBeanDefinitionReader.loadBeanDefinitions] - Loading XML bean definitions from class path resource [spring/spring-mybatis.xml]
2019-03-22 22:07:31.371 [main] INFO [org.springframework.beans.factory.xml.XmlBeanDefinitionReader.loadBeanDefinitions] - Loading XML bean definitions from URL [file:/C:/Develop/IdeaWorkPlace/MyWeb/target/classes/spring/applicationContext.xml]
2019-03-22 22:07:31.407 [main] INFO [org.springframework.beans.factory.xml.XmlBeanDefinitionReader.loadBeanDefinitions] - Loading XML bean definitions from URL [file:/C:/Develop/IdeaWorkPlace/MyWeb/target/classes/spring/spring-mybatis.xml]
2019-03-22 22:07:32.974 [main] INFO [org.springframework.context.support.AbstractApplicationContext.prepareRefresh] - Refreshing org.springframework.context.support.GenericApplicationContext@6973b51b: startup date [Fri Mar 22 22:07:32 CST 2019]; root of context hierarchy
2019-03-22 22:07:33.247 [main] WARN [org.mybatis.spring.mapper.ClassPathMapperScanner.checkCandidate] - Skipping MapperFactoryBean with name 'cityMapper' and 'com.project.dao.CityMapper' mapperInterface. Bean already defined with the same name!
2019-03-22 22:07:33.247 [main] WARN [org.mybatis.spring.mapper.ClassPathMapperScanner.checkCandidate] - Skipping MapperFactoryBean with name 'teacherMapper' and 'com.project.dao.TeacherMapper' mapperInterface. Bean already defined with the same name!
2019-03-22 22:07:33.247 [main] WARN [org.mybatis.spring.mapper.ClassPathMapperScanner.doScan] - No MyBatis mapper was found in '[com.project.dao]' package. Please check your configuration.
2019-03-22 22:07:34.305 [main] INFO [com.alibaba.druid.support.logging.Log4j2Impl.info] - {dataSource-1} inited
2019-03-22 22:07:34.566 [main] INFO [com.alibaba.druid.support.logging.Log4j2Impl.info] - {dataSource-2} inited
2019-03-22 22:07:34.606 [Thread-1] INFO [org.springframework.context.support.AbstractApplicationContext.doClose] - Closing org.springframework.context.support.GenericApplicationContext@6973b51b: startup date [Fri Mar 22 22:07:32 CST 2019]; root of context hierarchy
2019-03-22 22:07:34.611 [Thread-1] INFO [com.alibaba.druid.support.logging.Log4j2Impl.info] - {dataSource-2} closed
2019-03-22 22:07:34.613 [Thread-1] INFO [com.alibaba.druid.support.logging.Log4j2Impl.info] - {dataSource-1} closed
2019-03-22 22:07:48.943 [main] INFO [org.springframework.test.context.TestContextManager.retrieveTestExecutionListeners] - @TestExecutionListeners is not present for class [class com.springbasetest.Test1]: using defaults.
2019-03-22 22:07:49.131 [main] INFO [org.springframework.beans.factory.xml.XmlBeanDefinitionReader.loadBeanDefinitions] - Loading XML bean definitions from class path resource [spring/spring-mybatis.xml]
2019-03-22 22:07:49.403 [main] INFO [org.springframework.beans.factory.xml.XmlBeanDefinitionReader.loadBeanDefinitions] - Loading XML bean definitions from URL [file:/C:/Develop/IdeaWorkPlace/MyWeb/target/classes/spring/applicationContext.xml]
2019-03-22 22:07:49.446 [main] INFO [org.springframework.beans.factory.xml.XmlBeanDefinitionReader.loadBeanDefinitions] - Loading XML bean definitions from URL [file:/C:/Develop/IdeaWorkPlace/MyWeb/target/classes/spring/spring-mybatis.xml]
2019-03-22 22:07:50.859 [main] INFO [org.springframework.context.support.AbstractApplicationContext.prepareRefresh] - Refreshing org.springframework.context.support.GenericApplicationContext@6973b51b: startup date [Fri Mar 22 22:07:50 CST 2019]; root of context hierarchy
2019-03-22 22:07:51.024 [main] WARN [org.mybatis.spring.mapper.ClassPathMapperScanner.checkCandidate] - Skipping MapperFactoryBean with name 'cityMapper' and 'com.project.dao.CityMapper' mapperInterface. Bean already defined with the same name!
2019-03-22 22:07:51.025 [main] WARN [org.mybatis.spring.mapper.ClassPathMapperScanner.checkCandidate] - Skipping MapperFactoryBean with name 'teacherMapper' and 'com.project.dao.TeacherMapper' mapperInterface. Bean already defined with the same name!
2019-03-22 22:07:51.025 [main] WARN [org.mybatis.spring.mapper.ClassPathMapperScanner.doScan] - No MyBatis mapper was found in '[com.project.dao]' package. Please check your configuration.
2019-03-22 22:07:52.069 [main] INFO [com.alibaba.druid.support.logging.Log4j2Impl.info] - {dataSource-1} inited
2019-03-22 22:07:52.341 [main] INFO [com.alibaba.druid.support.logging.Log4j2Impl.info] - {dataSource-2} inited
2019-03-22 22:07:52.384 [Thread-1] INFO [org.springframework.context.support.AbstractApplicationContext.doClose] - Closing org.springframework.context.support.GenericApplicationContext@6973b51b: startup date [Fri Mar 22 22:07:50 CST 2019]; root of context hierarchy
2019-03-22 22:07:52.390 [Thread-1] INFO [com.alibaba.druid.support.logging.Log4j2Impl.info] - {dataSource-2} closed
2019-03-22 22:07:52.391 [Thread-1] INFO [com.alibaba.druid.support.logging.Log4j2Impl.info] - {dataSource-1} closed
2019-03-22 22:10:19.135 [main] INFO [org.springframework.test.context.TestContextManager.retrieveTestExecutionListeners] - @TestExecutionListeners is not present for class [class com.springbasetest.Test1]: using defaults.
2019-03-22 22:10:19.302 [main] INFO [org.springframework.beans.factory.xml.XmlBeanDefinitionReader.loadBeanDefinitions] - Loading XML bean definitions from class path resource [spring/spring-mybatis.xml]
2019-03-22 22:10:19.578 [main] INFO [org.springframework.beans.factory.xml.XmlBeanDefinitionReader.loadBeanDefinitions] - Loading XML bean definitions from URL [file:/C:/Develop/IdeaWorkPlace/MyWeb/target/classes/spring/applicationContext.xml]
2019-03-22 22:10:19.620 [main] INFO [org.springframework.beans.factory.xml.XmlBeanDefinitionReader.loadBeanDefinitions] - Loading XML bean definitions from URL [file:/C:/Develop/IdeaWorkPlace/MyWeb/target/classes/spring/spring-mybatis.xml]
2019-03-22 22:10:21.130 [main] INFO [org.springframework.context.support.AbstractApplicationContext.prepareRefresh] - Refreshing org.springframework.context.support.GenericApplicationContext@6973b51b: startup date [Fri Mar 22 22:10:21 CST 2019]; root of context hierarchy
2019-03-22 22:10:21.313 [main] WARN [org.mybatis.spring.mapper.ClassPathMapperScanner.checkCandidate] - Skipping MapperFactoryBean with name 'cityMapper' and 'com.project.dao.CityMapper' mapperInterface. Bean already defined with the same name!
2019-03-22 22:10:21.313 [main] WARN [org.mybatis.spring.mapper.ClassPathMapperScanner.checkCandidate] - Skipping MapperFactoryBean with name 'teacherMapper' and 'com.project.dao.TeacherMapper' mapperInterface. Bean already defined with the same name!
2019-03-22 22:10:21.314 [main] WARN [org.mybatis.spring.mapper.ClassPathMapperScanner.doScan] - No MyBatis mapper was found in '[com.project.dao]' package. Please check your configuration.
2019-03-22 22:10:22.321 [main] INFO [com.alibaba.druid.support.logging.Log4j2Impl.info] - {dataSource-1} inited
2019-03-22 22:10:22.629 [main] INFO [com.alibaba.druid.support.logging.Log4j2Impl.info] - {dataSource-2} inited
2019-03-22 22:10:22.662 [Thread-1] INFO [org.springframework.context.support.AbstractApplicationContext.doClose] - Closing org.springframework.context.support.GenericApplicationContext@6973b51b: startup date [Fri Mar 22 22:10:21 CST 2019]; root of context hierarchy
2019-03-22 22:10:22.668 [Thread-1] INFO [com.alibaba.druid.support.logging.Log4j2Impl.info] - {dataSource-2} closed
2019-03-22 22:10:22.668 [Thread-1] INFO [com.alibaba.druid.support.logging.Log4j2Impl.info] - {dataSource-1} closed
2019-03-22 22:13:26.035 [main] INFO [org.springframework.test.context.TestContextManager.retrieveTestExecutionListeners] - @TestExecutionListeners is not present for class [class com.springbasetest.Test1]: using defaults.
2019-03-22 22:13:26.177 [main] INFO [org.springframework.beans.factory.xml.XmlBeanDefinitionReader.loadBeanDefinitions] - Loading XML bean definitions from class path resource [spring/spring-mybatis.xml]
2019-03-22 22:13:26.472 [main] INFO [org.springframework.beans.factory.xml.XmlBeanDefinitionReader.loadBeanDefinitions] - Loading XML bean definitions from URL [file:/C:/Develop/IdeaWorkPlace/MyWeb/target/classes/spring/applicationContext.xml]
2019-03-22 22:13:26.514 [main] INFO [org.springframework.beans.factory.xml.XmlBeanDefinitionReader.loadBeanDefinitions] - Loading XML bean definitions from URL [file:/C:/Develop/IdeaWorkPlace/MyWeb/target/classes/spring/spring-mybatis.xml]
2019-03-22 22:13:28.339 [main] INFO [org.springframework.context.support.AbstractApplicationContext.prepareRefresh] - Refreshing org.springframework.context.support.GenericApplicationContext@6973b51b: startup date [Fri Mar 22 22:13:28 CST 2019]; root of context hierarchy
2019-03-22 22:13:28.536 [main] WARN [org.mybatis.spring.mapper.ClassPathMapperScanner.checkCandidate] - Skipping MapperFactoryBean with name 'cityMapper' and 'com.project.dao.CityMapper' mapperInterface. Bean already defined with the same name!
2019-03-22 22:13:28.536 [main] WARN [org.mybatis.spring.mapper.ClassPathMapperScanner.checkCandidate] - Skipping MapperFactoryBean with name 'teacherMapper' and 'com.project.dao.TeacherMapper' mapperInterface. Bean already defined with the same name!
2019-03-22 22:13:28.536 [main] WARN [org.mybatis.spring.mapper.ClassPathMapperScanner.doScan] - No MyBatis mapper was found in '[com.project.dao]' package. Please check your configuration.
2019-03-22 22:13:29.464 [main] INFO [com.alibaba.druid.support.logging.Log4j2Impl.info] - {dataSource-1} inited
2019-03-22 22:13:29.749 [main] INFO [com.alibaba.druid.support.logging.Log4j2Impl.info] - {dataSource-2} inited
2019-03-22 22:13:29.784 [Thread-1] INFO [org.springframework.context.support.AbstractApplicationContext.doClose] - Closing org.springframework.context.support.GenericApplicationContext@6973b51b: startup date [Fri Mar 22 22:13:28 CST 2019]; root of context hierarchy
2019-03-22 22:13:29.792 [Thread-1] INFO [com.alibaba.druid.support.logging.Log4j2Impl.info] - {dataSource-2} closed
2019-03-22 22:13:29.793 [Thread-1] INFO [com.alibaba.druid.support.logging.Log4j2Impl.info] - {dataSource-1} closed
2019-03-22 22:13:53.124 [main] INFO [org.springframework.test.context.TestContextManager.retrieveTestExecutionListeners] - @TestExecutionListeners is not present for class [class com.springbasetest.Test1]: using defaults.
2019-03-22 22:13:53.267 [main] INFO [org.springframework.beans.factory.xml.XmlBeanDefinitionReader.loadBeanDefinitions] - Loading XML bean definitions from class path resource [spring/spring-mybatis.xml]
2019-03-22 22:13:53.533 [main] INFO [org.springframework.beans.factory.xml.XmlBeanDefinitionReader.loadBeanDefinitions] - Loading XML bean definitions from URL [file:/C:/Develop/IdeaWorkPlace/MyWeb/target/classes/spring/applicationContext.xml]
2019-03-22 22:13:53.575 [main] INFO [org.springframework.beans.factory.xml.XmlBeanDefinitionReader.loadBeanDefinitions] - Loading XML bean definitions from URL [file:/C:/Develop/IdeaWorkPlace/MyWeb/target/classes/spring/spring-mybatis.xml]
2019-03-22 22:13:55.472 [main] INFO [org.springframework.context.support.AbstractApplicationContext.prepareRefresh] - Refreshing org.springframework.context.support.GenericApplicationContext@6973b51b: startup date [Fri Mar 22 22:13:55 CST 2019]; root of context hierarchy
2019-03-22 22:13:55.641 [main] WARN [org.mybatis.spring.mapper.ClassPathMapperScanner.checkCandidate] - Skipping MapperFactoryBean with name 'cityMapper' and 'com.project.dao.CityMapper' mapperInterface. Bean already defined with the same name!
2019-03-22 22:13:55.642 [main] WARN [org.mybatis.spring.mapper.ClassPathMapperScanner.checkCandidate] - Skipping MapperFactoryBean with name 'teacherMapper' and 'com.project.dao.TeacherMapper' mapperInterface. Bean already defined with the same name!
2019-03-22 22:13:55.642 [main] WARN [org.mybatis.spring.mapper.ClassPathMapperScanner.doScan] - No MyBatis mapper was found in '[com.project.dao]' package. Please check your configuration.
2019-03-22 22:13:56.661 [main] INFO [com.alibaba.druid.support.logging.Log4j2Impl.info] - {dataSource-1} inited
2019-03-22 22:13:56.938 [main] INFO [com.alibaba.druid.support.logging.Log4j2Impl.info] - {dataSource-2} inited
2019-03-22 22:13:56.976 [Thread-1] INFO [org.springframework.context.support.AbstractApplicationContext.doClose] - Closing org.springframework.context.support.GenericApplicationContext@6973b51b: startup date [Fri Mar 22 22:13:55 CST 2019]; root of context hierarchy
2019-03-22 22:13:56.981 [Thread-1] INFO [com.alibaba.druid.support.logging.Log4j2Impl.info] - {dataSource-2} closed
2019-03-22 22:13:56.982 [Thread-1] INFO [com.alibaba.druid.support.logging.Log4j2Impl.info] - {dataSource-1} closed
2019-03-22 22:15:48.236 [main] INFO [org.springframework.test.context.TestContextManager.retrieveTestExecutionListeners] - @TestExecutionListeners is not present for class [class com.springbasetest.Test1]: using defaults.
2019-03-22 22:15:48.411 [main] INFO [org.springframework.beans.factory.xml.XmlBeanDefinitionReader.loadBeanDefinitions] - Loading XML bean definitions from class path resource [spring/spring-mybatis.xml]
2019-03-22 22:15:48.701 [main] INFO [org.springframework.beans.factory.xml.XmlBeanDefinitionReader.loadBeanDefinitions] - Loading XML bean definitions from URL [file:/C:/Develop/IdeaWorkPlace/MyWeb/target/classes/spring/applicationContext.xml]
2019-03-22 22:15:48.742 [main] INFO [org.springframework.beans.factory.xml.XmlBeanDefinitionReader.loadBeanDefinitions] - Loading XML bean definitions from URL [file:/C:/Develop/IdeaWorkPlace/MyWeb/target/classes/spring/spring-mybatis.xml]
2019-03-22 22:15:50.184 [main] INFO [org.springframework.context.support.AbstractApplicationContext.prepareRefresh] - Refreshing org.springframework.context.support.GenericApplicationContext@6973b51b: startup date [Fri Mar 22 22:15:50 CST 2019]; root of context hierarchy
2019-03-22 22:15:50.346 [main] WARN [org.mybatis.spring.mapper.ClassPathMapperScanner.checkCandidate] - Skipping MapperFactoryBean with name 'cityMapper' and 'com.project.dao.CityMapper' mapperInterface. Bean already defined with the same name!
2019-03-22 22:15:50.346 [main] WARN [org.mybatis.spring.mapper.ClassPathMapperScanner.checkCandidate] - Skipping MapperFactoryBean with name 'teacherMapper' and 'com.project.dao.TeacherMapper' mapperInterface. Bean already defined with the same name!
2019-03-22 22:15:50.346 [main] WARN [org.mybatis.spring.mapper.ClassPathMapperScanner.doScan] - No MyBatis mapper was found in '[com.project.dao]' package. Please check your configuration.
2019-03-22 22:15:51.254 [main] INFO [com.alibaba.druid.support.logging.Log4j2Impl.info] - {dataSource-1} inited
2019-03-22 22:15:51.496 [main] INFO [com.alibaba.druid.support.logging.Log4j2Impl.info] - {dataSource-2} inited
2019-03-22 22:15:51.535 [Thread-1] INFO [org.springframework.context.support.AbstractApplicationContext.doClose] - Closing org.springframework.context.support.GenericApplicationContext@6973b51b: startup date [Fri Mar 22 22:15:50 CST 2019]; root of context hierarchy
2019-03-22 22:15:51.541 [Thread-1] INFO [com.alibaba.druid.support.logging.Log4j2Impl.info] - {dataSource-2} closed
2019-03-22 22:15:51.542 [Thread-1] INFO [com.alibaba.druid.support.logging.Log4j2Impl.info] - {dataSource-1} closed
2019-03-22 22:18:25.847 [main] INFO [org.springframework.test.context.TestContextManager.retrieveTestExecutionListeners] - @TestExecutionListeners is not present for class [class com.springbasetest.Test1]: using defaults.
2019-03-22 22:18:25.986 [main] INFO [org.springframework.beans.factory.xml.XmlBeanDefinitionReader.loadBeanDefinitions] - Loading XML bean definitions from class path resource [spring/spring-mybatis.xml]
2019-03-22 22:18:26.286 [main] INFO [org.springframework.beans.factory.xml.XmlBeanDefinitionReader.loadBeanDefinitions] - Loading XML bean definitions from URL [file:/C:/Develop/IdeaWorkPlace/MyWeb/target/classes/spring/applicationContext.xml]
2019-03-22 22:18:26.316 [main] INFO [org.springframework.beans.factory.xml.XmlBeanDefinitionReader.loadBeanDefinitions] - Loading XML bean definitions from URL [file:/C:/Develop/IdeaWorkPlace/MyWeb/target/classes/spring/spring-mybatis.xml]
2019-03-22 22:18:27.829 [main] INFO [org.springframework.context.support.AbstractApplicationContext.prepareRefresh] - Refreshing org.springframework.context.support.GenericApplicationContext@6973b51b: startup date [Fri Mar 22 22:18:27 CST 2019]; root of context hierarchy
2019-03-22 22:18:28.023 [main] WARN [org.mybatis.spring.mapper.ClassPathMapperScanner.checkCandidate] - Skipping MapperFactoryBean with name 'cityMapper' and 'com.project.dao.CityMapper' mapperInterface. Bean already defined with the same name!
2019-03-22 22:18:28.023 [main] WARN [org.mybatis.spring.mapper.ClassPathMapperScanner.checkCandidate] - Skipping MapperFactoryBean with name 'teacherMapper' and 'com.project.dao.TeacherMapper' mapperInterface. Bean already defined with the same name!
2019-03-22 22:18:28.023 [main] WARN [org.mybatis.spring.mapper.ClassPathMapperScanner.doScan] - No MyBatis mapper was found in '[com.project.dao]' package. Please check your configuration.
2019-03-22 22:18:28.997 [main] INFO [com.alibaba.druid.support.logging.Log4j2Impl.info] - {dataSource-1} inited
2019-03-22 22:18:29.564 [main] INFO [com.alibaba.druid.support.logging.Log4j2Impl.info] - {dataSource-2} inited
2019-03-22 22:18:29.620 [Thread-1] INFO [org.springframework.context.support.AbstractApplicationContext.doClose] - Closing org.springframework.context.support.GenericApplicationContext@6973b51b: startup date [Fri Mar 22 22:18:27 CST 2019]; root of context hierarchy
2019-03-22 22:18:29.629 [Thread-1] INFO [com.alibaba.druid.support.logging.Log4j2Impl.info] - {dataSource-2} closed
2019-03-22 22:18:29.631 [Thread-1] INFO [com.alibaba.druid.support.logging.Log4j2Impl.info] - {dataSource-1} closed
2019-03-22 22:18:46.376 [main] INFO [org.springframework.test.context.TestContextManager.retrieveTestExecutionListeners] - @TestExecutionListeners is not present for class [class com.springbasetest.Test1]: using defaults.
2019-03-22 22:18:46.521 [main] INFO [org.springframework.beans.factory.xml.XmlBeanDefinitionReader.loadBeanDefinitions] - Loading XML bean definitions from class path resource [spring/spring-mybatis.xml]
2019-03-22 22:18:46.828 [main] INFO [org.springframework.beans.factory.xml.XmlBeanDefinitionReader.loadBeanDefinitions] - Loading XML bean definitions from URL [file:/C:/Develop/IdeaWorkPlace/MyWeb/target/classes/spring/applicationContext.xml]
2019-03-22 22:18:46.860 [main] INFO [org.springframework.beans.factory.xml.XmlBeanDefinitionReader.loadBeanDefinitions] - Loading XML bean definitions from URL [file:/C:/Develop/IdeaWorkPlace/MyWeb/target/classes/spring/spring-mybatis.xml]
2019-03-22 22:18:48.215 [main] INFO [org.springframework.context.support.AbstractApplicationContext.prepareRefresh] - Refreshing org.springframework.context.support.GenericApplicationContext@6973b51b: startup date [Fri Mar 22 22:18:48 CST 2019]; root of context hierarchy
2019-03-22 22:18:48.377 [main] WARN [org.mybatis.spring.mapper.ClassPathMapperScanner.checkCandidate] - Skipping MapperFactoryBean with name 'cityMapper' and 'com.project.dao.CityMapper' mapperInterface. Bean already defined with the same name!
2019-03-22 22:18:48.377 [main] WARN [org.mybatis.spring.mapper.ClassPathMapperScanner.checkCandidate] - Skipping MapperFactoryBean with name 'teacherMapper' and 'com.project.dao.TeacherMapper' mapperInterface. Bean already defined with the same name!
2019-03-22 22:18:48.377 [main] WARN [org.mybatis.spring.mapper.ClassPathMapperScanner.doScan] - No MyBatis mapper was found in '[com.project.dao]' package. Please check your configuration.
2019-03-22 22:18:49.294 [main] INFO [com.alibaba.druid.support.logging.Log4j2Impl.info] - {dataSource-1} inited
2019-03-22 22:18:49.607 [main] INFO [com.alibaba.druid.support.logging.Log4j2Impl.info] - {dataSource-2} inited
2019-03-22 22:18:49.653 [Thread-1] INFO [org.springframework.context.support.AbstractApplicationContext.doClose] - Closing org.springframework.context.support.GenericApplicationContext@6973b51b: startup date [Fri Mar 22 22:18:48 CST 2019]; root of context hierarchy
2019-03-22 22:18:49.660 [Thread-1] INFO [com.alibaba.druid.support.logging.Log4j2Impl.info] - {dataSource-2} closed
2019-03-22 22:18:49.661 [Thread-1] INFO [com.alibaba.druid.support.logging.Log4j2Impl.info] - {dataSource-1} closed
2019-03-22 22:39:01.500 [main] INFO [org.springframework.test.context.TestContextManager.retrieveTestExecutionListeners] - @TestExecutionListeners is not present for class [class com.springbasetest.Test1]: using defaults.
2019-03-22 22:39:01.651 [main] INFO [org.springframework.beans.factory.xml.XmlBeanDefinitionReader.loadBeanDefinitions] - Loading XML bean definitions from class path resource [spring/spring-mybatis.xml]
2019-03-22 22:39:02.068 [main] INFO [org.springframework.beans.factory.xml.XmlBeanDefinitionReader.loadBeanDefinitions] - Loading XML bean definitions from URL [file:/C:/Develop/IdeaWorkPlace/MyWeb/target/classes/spring/applicationContext.xml]
2019-03-22 22:39:02.107 [main] INFO [org.springframework.beans.factory.xml.XmlBeanDefinitionReader.loadBeanDefinitions] - Loading XML bean definitions from URL [file:/C:/Develop/IdeaWorkPlace/MyWeb/target/classes/spring/spring-mybatis.xml]
2019-03-22 22:39:03.886 [main] INFO [org.springframework.context.support.AbstractApplicationContext.prepareRefresh] - Refreshing org.springframework.context.support.GenericApplicationContext@6973b51b: startup date [Fri Mar 22 22:39:03 CST 2019]; root of context hierarchy
2019-03-22 22:39:04.095 [main] WARN [org.mybatis.spring.mapper.ClassPathMapperScanner.checkCandidate] - Skipping MapperFactoryBean with name 'cityMapper' and 'com.project.dao.CityMapper' mapperInterface. Bean already defined with the same name!
2019-03-22 22:39:04.095 [main] WARN [org.mybatis.spring.mapper.ClassPathMapperScanner.checkCandidate] - Skipping MapperFactoryBean with name 'teacherMapper' and 'com.project.dao.TeacherMapper' mapperInterface. Bean already defined with the same name!
2019-03-22 22:39:04.095 [main] WARN [org.mybatis.spring.mapper.ClassPathMapperScanner.doScan] - No MyBatis mapper was found in '[com.project.dao]' package. Please check your configuration.
2019-03-22 22:39:05.018 [main] INFO [com.alibaba.druid.support.logging.Log4j2Impl.info] - {dataSource-1} inited
2019-03-22 22:39:05.308 [main] INFO [com.alibaba.druid.support.logging.Log4j2Impl.info] - {dataSource-2} inited
2019-03-22 22:39:05.358 [Thread-1] INFO [org.springframework.context.support.AbstractApplicationContext.doClose] - Closing org.springframework.context.support.GenericApplicationContext@6973b51b: startup date [Fri Mar 22 22:39:03 CST 2019]; root of context hierarchy
2019-03-22 22:39:05.364 [Thread-1] INFO [com.alibaba.druid.support.logging.Log4j2Impl.info] - {dataSource-2} closed
2019-03-22 22:39:05.365 [Thread-1] INFO [com.alibaba.druid.support.logging.Log4j2Impl.info] - {dataSource-1} closed
2019-03-22 22:40:10.475 [main] INFO [org.springframework.test.context.TestContextManager.retrieveTestExecutionListeners] - @TestExecutionListeners is not present for class [class com.springbasetest.Test1]: using defaults.
2019-03-22 22:40:10.635 [main] INFO [org.springframework.beans.factory.xml.XmlBeanDefinitionReader.loadBeanDefinitions] - Loading XML bean definitions from class path resource [spring/spring-mybatis.xml]
2019-03-22 22:40:10.895 [main] INFO [org.springframework.beans.factory.xml.XmlBeanDefinitionReader.loadBeanDefinitions] - Loading XML bean definitions from URL [file:/C:/Develop/IdeaWorkPlace/MyWeb/target/classes/spring/applicationContext.xml]
2019-03-22 22:40:10.922 [main] INFO [org.springframework.beans.factory.xml.XmlBeanDefinitionReader.loadBeanDefinitions] - Loading XML bean definitions from URL [file:/C:/Develop/IdeaWorkPlace/MyWeb/target/classes/spring/spring-mybatis.xml]
2019-03-22 22:40:12.274 [main] INFO [org.springframework.context.support.AbstractApplicationContext.prepareRefresh] - Refreshing org.springframework.context.support.GenericApplicationContext@6973b51b: startup date [Fri Mar 22 22:40:12 CST 2019]; root of context hierarchy
2019-03-22 22:40:12.496 [main] WARN [org.mybatis.spring.mapper.ClassPathMapperScanner.checkCandidate] - Skipping MapperFactoryBean with name 'cityMapper' and 'com.project.dao.CityMapper' mapperInterface. Bean already defined with the same name!
2019-03-22 22:40:12.496 [main] WARN [org.mybatis.spring.mapper.ClassPathMapperScanner.checkCandidate] - Skipping MapperFactoryBean with name 'teacherMapper' and 'com.project.dao.TeacherMapper' mapperInterface. Bean already defined with the same name!
2019-03-22 22:40:12.496 [main] WARN [org.mybatis.spring.mapper.ClassPathMapperScanner.doScan] - No MyBatis mapper was found in '[com.project.dao]' package. Please check your configuration.
2019-03-22 22:40:13.327 [main] INFO [com.alibaba.druid.support.logging.Log4j2Impl.info] - {dataSource-1} inited
2019-03-22 22:40:13.581 [main] INFO [com.alibaba.druid.support.logging.Log4j2Impl.info] - {dataSource-2} inited
2019-03-22 22:40:13.615 [Thread-1] INFO [org.springframework.context.support.AbstractApplicationContext.doClose] - Closing org.springframework.context.support.GenericApplicationContext@6973b51b: startup date [Fri Mar 22 22:40:12 CST 2019]; root of context hierarchy
2019-03-22 22:40:13.619 [Thread-1] INFO [com.alibaba.druid.support.logging.Log4j2Impl.info] - {dataSource-2} closed
2019-03-22 22:40:13.620 [Thread-1] INFO [com.alibaba.druid.support.logging.Log4j2Impl.info] - {dataSource-1} closed
2019-03-22 22:45:44.017 [main] INFO [org.springframework.test.context.TestContextManager.retrieveTestExecutionListeners] - @TestExecutionListeners is not present for class [class com.springbasetest.Test1]: using defaults.
2019-03-22 22:45:44.175 [main] INFO [org.springframework.beans.factory.xml.XmlBeanDefinitionReader.loadBeanDefinitions] - Loading XML bean definitions from URL [file:/C:/Develop/IdeaWorkPlace/MyWeb/target/classes/spring/applicationContext.xml]
2019-03-22 22:45:44.338 [main] INFO [org.springframework.beans.factory.xml.XmlBeanDefinitionReader.loadBeanDefinitions] - Loading XML bean definitions from URL [file:/C:/Develop/IdeaWorkPlace/MyWeb/target/classes/spring/spring-mybatis.xml]
2019-03-22 22:45:45.995 [main] INFO [org.springframework.context.support.AbstractApplicationContext.prepareRefresh] - Refreshing org.springframework.context.support.GenericApplicationContext@6973b51b: startup date [Fri Mar 22 22:45:45 CST 2019]; root of context hierarchy
2019-03-22 22:45:46.999 [main] INFO [com.alibaba.druid.support.logging.Log4j2Impl.info] - {dataSource-1} inited
2019-03-22 22:45:47.241 [main] INFO [com.alibaba.druid.support.logging.Log4j2Impl.info] - {dataSource-2} inited
2019-03-22 22:45:47.289 [Thread-1] INFO [org.springframework.context.support.AbstractApplicationContext.doClose] - Closing org.springframework.context.support.GenericApplicationContext@6973b51b: startup date [Fri Mar 22 22:45:45 CST 2019]; root of context hierarchy
2019-03-22 22:45:47.301 [Thread-1] INFO [com.alibaba.druid.support.logging.Log4j2Impl.info] - {dataSource-2} closed
2019-03-22 22:45:47.303 [Thread-1] INFO [com.alibaba.druid.support.logging.Log4j2Impl.info] - {dataSource-1} closed
2019-03-22 22:46:06.558 [main] INFO [org.springframework.test.context.TestContextManager.retrieveTestExecutionListeners] - @TestExecutionListeners is not present for class [class com.springbasetest.Test1]: using defaults.
2019-03-22 22:46:06.708 [main] INFO [org.springframework.beans.factory.xml.XmlBeanDefinitionReader.loadBeanDefinitions] - Loading XML bean definitions from URL [file:/C:/Develop/IdeaWorkPlace/MyWeb/target/classes/spring/applicationContext.xml]
2019-03-22 22:46:06.885 [main] INFO [org.springframework.beans.factory.xml.XmlBeanDefinitionReader.loadBeanDefinitions] - Loading XML bean definitions from URL [file:/C:/Develop/IdeaWorkPlace/MyWeb/target/classes/spring/spring-mybatis.xml]
2019-03-22 22:46:08.622 [main] INFO [org.springframework.context.support.AbstractApplicationContext.prepareRefresh] - Refreshing org.springframework.context.support.GenericApplicationContext@6973b51b: startup date [Fri Mar 22 22:46:08 CST 2019]; root of context hierarchy
2019-03-22 22:46:09.569 [main] INFO [com.alibaba.druid.support.logging.Log4j2Impl.info] - {dataSource-1} inited
2019-03-22 22:46:09.791 [main] INFO [com.alibaba.druid.support.logging.Log4j2Impl.info] - {dataSource-2} inited
2019-03-22 22:46:09.823 [Thread-1] INFO [org.springframework.context.support.AbstractApplicationContext.doClose] - Closing org.springframework.context.support.GenericApplicationContext@6973b51b: startup date [Fri Mar 22 22:46:08 CST 2019]; root of context hierarchy
2019-03-22 22:46:09.827 [Thread-1] INFO [com.alibaba.druid.support.logging.Log4j2Impl.info] - {dataSource-2} closed
2019-03-22 22:46:09.828 [Thread-1] INFO [com.alibaba.druid.support.logging.Log4j2Impl.info] - {dataSource-1} closed
2019-03-22 22:48:36.852 [main] INFO [org.springframework.test.context.TestContextManager.retrieveTestExecutionListeners] - @TestExecutionListeners is not present for class [class com.springbasetest.Test1]: using defaults.
2019-03-22 22:48:37.008 [main] INFO [org.springframework.beans.factory.xml.XmlBeanDefinitionReader.loadBeanDefinitions] - Loading XML bean definitions from URL [file:/C:/Develop/IdeaWorkPlace/MyWeb/target/classes/spring/applicationContext.xml]
2019-03-22 22:48:37.163 [main] INFO [org.springframework.beans.factory.xml.XmlBeanDefinitionReader.loadBeanDefinitions] - Loading XML bean definitions from URL [file:/C:/Develop/IdeaWorkPlace/MyWeb/target/classes/spring/spring-mybatis.xml]
2019-03-22 22:48:38.734 [main] INFO [org.springframework.context.support.AbstractApplicationContext.prepareRefresh] - Refreshing org.springframework.context.support.GenericApplicationContext@6973b51b: startup date [Fri Mar 22 22:48:38 CST 2019]; root of context hierarchy
2019-03-22 22:48:40.012 [main] INFO [com.alibaba.druid.support.logging.Log4j2Impl.info] - {dataSource-1} inited
2019-03-22 22:48:40.255 [main] INFO [org.springframework.beans.factory.xml.XmlBeanDefinitionReader.loadBeanDefinitions] - Loading XML bean definitions from class path resource [org/springframework/jdbc/support/sql-error-codes.xml]
2019-03-22 22:48:40.276 [main] INFO [org.springframework.jdbc.support.SQLErrorCodesFactory.<init>] - SQLErrorCodes loaded: [DB2, Derby, H2, HSQL, Informix, MS-SQL, MySQL, Oracle, PostgreSQL, Sybase, Hana]
2019-03-22 22:48:40.293 [Thread-1] INFO [org.springframework.context.support.AbstractApplicationContext.doClose] - Closing org.springframework.context.support.GenericApplicationContext@6973b51b: startup date [Fri Mar 22 22:48:38 CST 2019]; root of context hierarchy
2019-03-22 22:48:40.297 [Thread-1] INFO [com.alibaba.druid.support.logging.Log4j2Impl.info] - {dataSource-1} closed
2019-03-22 22:52:12.139 [main] INFO [org.springframework.test.context.TestContextManager.retrieveTestExecutionListeners] - @TestExecutionListeners is not present for class [class com.springbasetest.Test1]: using defaults.
2019-03-22 22:52:12.311 [main] INFO [org.springframework.beans.factory.xml.XmlBeanDefinitionReader.loadBeanDefinitions] - Loading XML bean definitions from URL [file:/C:/Develop/IdeaWorkPlace/MyWeb/target/classes/spring/applicationContext.xml]
2019-03-22 22:52:12.483 [main] INFO [org.springframework.beans.factory.xml.XmlBeanDefinitionReader.loadBeanDefinitions] - Loading XML bean definitions from URL [file:/C:/Develop/IdeaWorkPlace/MyWeb/target/classes/spring/spring-mybatis.xml]
2019-03-22 22:52:14.007 [main] INFO [org.springframework.context.support.AbstractApplicationContext.prepareRefresh] - Refreshing org.springframework.context.support.GenericApplicationContext@6973b51b: startup date [Fri Mar 22 22:52:14 CST 2019]; root of context hierarchy
2019-03-22 22:52:14.957 [main] INFO [com.alibaba.druid.support.logging.Log4j2Impl.info] - {dataSource-1} inited
2019-03-22 22:52:15.167 [main] INFO [com.alibaba.druid.support.logging.Log4j2Impl.info] - {dataSource-2} inited
2019-03-22 22:52:15.206 [Thread-1] INFO [org.springframework.context.support.AbstractApplicationContext.doClose] - Closing org.springframework.context.support.GenericApplicationContext@6973b51b: startup date [Fri Mar 22 22:52:14 CST 2019]; root of context hierarchy
2019-03-22 22:52:15.211 [Thread-1] INFO [com.alibaba.druid.support.logging.Log4j2Impl.info] - {dataSource-2} closed
2019-03-22 22:52:15.212 [Thread-1] INFO [com.alibaba.druid.support.logging.Log4j2Impl.info] - {dataSource-1} closed
2019-03-22 22:52:46.812 [main] INFO [org.springframework.test.context.TestContextManager.retrieveTestExecutionListeners] - @TestExecutionListeners is not present for class [class com.springbasetest.Test1]: using defaults.
2019-03-22 22:52:46.972 [main] INFO [org.springframework.beans.factory.xml.XmlBeanDefinitionReader.loadBeanDefinitions] - Loading XML bean definitions from URL [file:/C:/Develop/IdeaWorkPlace/MyWeb/target/classes/spring/applicationContext.xml]
2019-03-22 22:52:47.131 [main] INFO [org.springframework.beans.factory.xml.XmlBeanDefinitionReader.loadBeanDefinitions] - Loading XML bean definitions from URL [file:/C:/Develop/IdeaWorkPlace/MyWeb/target/classes/spring/spring-mybatis.xml]
2019-03-22 22:52:48.689 [main] INFO [org.springframework.context.support.AbstractApplicationContext.prepareRefresh] - Refreshing org.springframework.context.support.GenericApplicationContext@6973b51b: startup date [Fri Mar 22 22:52:48 CST 2019]; root of context hierarchy
2019-03-22 22:52:49.550 [main] INFO [com.alibaba.druid.support.logging.Log4j2Impl.info] - {dataSource-1} inited
2019-03-22 22:52:49.769 [main] INFO [com.alibaba.druid.support.logging.Log4j2Impl.info] - {dataSource-2} inited
2019-03-22 22:52:49.801 [Thread-1] INFO [org.springframework.context.support.AbstractApplicationContext.doClose] - Closing org.springframework.context.support.GenericApplicationContext@6973b51b: startup date [Fri Mar 22 22:52:48 CST 2019]; root of context hierarchy
2019-03-22 22:52:49.805 [Thread-1] INFO [com.alibaba.druid.support.logging.Log4j2Impl.info] - {dataSource-2} closed
2019-03-22 22:52:49.806 [Thread-1] INFO [com.alibaba.druid.support.logging.Log4j2Impl.info] - {dataSource-1} closed
2019-03-22 23:18:24.446 [main] INFO [org.springframework.test.context.TestContextManager.retrieveTestExecutionListeners] - @TestExecutionListeners is not present for class [class com.springbasetest.Test1]: using defaults.
2019-03-22 23:18:24.607 [main] INFO [org.springframework.beans.factory.xml.XmlBeanDefinitionReader.loadBeanDefinitions] - Loading XML bean definitions from URL [file:/C:/Develop/IdeaWorkPlace/MyWeb/target/classes/spring/applicationContext.xml]
2019-03-22 23:18:24.790 [main] INFO [org.springframework.beans.factory.xml.XmlBeanDefinitionReader.loadBeanDefinitions] - Loading XML bean definitions from URL [file:/C:/Develop/IdeaWorkPlace/MyWeb/target/classes/spring/spring-mybatis.xml]
2019-03-22 23:18:26.400 [main] INFO [org.springframework.context.support.AbstractApplicationContext.prepareRefresh] - Refreshing org.springframework.context.support.GenericApplicationContext@6973b51b: startup date [Fri Mar 22 23:18:26 CST 2019]; root of context hierarchy
2019-03-22 23:18:27.292 [Thread-1] INFO [org.springframework.context.support.AbstractApplicationContext.doClose] - Closing org.springframework.context.support.GenericApplicationContext@6973b51b: startup date [Fri Mar 22 23:18:26 CST 2019]; root of context hierarchy
2019-03-22 23:19:06.797 [main] INFO [org.springframework.test.context.TestContextManager.retrieveTestExecutionListeners] - @TestExecutionListeners is not present for class [class com.springbasetest.Test1]: using defaults.
2019-03-22 23:19:06.954 [main] INFO [org.springframework.beans.factory.xml.XmlBeanDefinitionReader.loadBeanDefinitions] - Loading XML bean definitions from URL [file:/C:/Develop/IdeaWorkPlace/MyWeb/target/classes/spring/applicationContext.xml]
2019-03-22 23:19:07.125 [main] INFO [org.springframework.beans.factory.xml.XmlBeanDefinitionReader.loadBeanDefinitions] - Loading XML bean definitions from URL [file:/C:/Develop/IdeaWorkPlace/MyWeb/target/classes/spring/spring-mybatis.xml]
2019-03-22 23:19:08.639 [main] INFO [org.springframework.context.support.AbstractApplicationContext.prepareRefresh] - Refreshing org.springframework.context.support.GenericApplicationContext@6973b51b: startup date [Fri Mar 22 23:19:08 CST 2019]; root of context hierarchy
2019-03-22 23:19:09.680 [main] INFO [com.alibaba.druid.support.logging.Log4j2Impl.info] - {dataSource-1} inited
2019-03-22 23:19:09.898 [main] INFO [com.alibaba.druid.support.logging.Log4j2Impl.info] - {dataSource-2} inited
2019-03-22 23:19:09.928 [Thread-1] INFO [org.springframework.context.support.AbstractApplicationContext.doClose] - Closing org.springframework.context.support.GenericApplicationContext@6973b51b: startup date [Fri Mar 22 23:19:08 CST 2019]; root of context hierarchy
2019-03-22 23:19:09.932 [Thread-1] INFO [com.alibaba.druid.support.logging.Log4j2Impl.info] - {dataSource-2} closed
2019-03-22 23:19:09.933 [Thread-1] INFO [com.alibaba.druid.support.logging.Log4j2Impl.info] - {dataSource-1} closed
2019-03-22 23:19:37.704 [main] INFO [org.springframework.test.context.TestContextManager.retrieveTestExecutionListeners] - @TestExecutionListeners is not present for class [class com.springbasetest.Test1]: using defaults.
2019-03-22 23:19:37.857 [main] INFO [org.springframework.beans.factory.xml.XmlBeanDefinitionReader.loadBeanDefinitions] - Loading XML bean definitions from URL [file:/C:/Develop/IdeaWorkPlace/MyWeb/target/classes/spring/applicationContext.xml]
2019-03-22 23:19:38.008 [main] INFO [org.springframework.beans.factory.xml.XmlBeanDefinitionReader.loadBeanDefinitions] - Loading XML bean definitions from URL [file:/C:/Develop/IdeaWorkPlace/MyWeb/target/classes/spring/spring-mybatis.xml]
2019-03-22 23:19:39.475 [main] INFO [org.springframework.context.support.AbstractApplicationContext.prepareRefresh] - Refreshing org.springframework.context.support.GenericApplicationContext@6973b51b: startup date [Fri Mar 22 23:19:39 CST 2019]; root of context hierarchy
2019-03-22 23:19:40.402 [main] INFO [com.alibaba.druid.support.logging.Log4j2Impl.info] - {dataSource-1} inited
2019-03-22 23:19:40.624 [main] INFO [com.alibaba.druid.support.logging.Log4j2Impl.info] - {dataSource-2} inited
2019-03-22 23:19:40.658 [Thread-1] INFO [org.springframework.context.support.AbstractApplicationContext.doClose] - Closing org.springframework.context.support.GenericApplicationContext@6973b51b: startup date [Fri Mar 22 23:19:39 CST 2019]; root of context hierarchy
2019-03-22 23:19:40.662 [Thread-1] INFO [com.alibaba.druid.support.logging.Log4j2Impl.info] - {dataSource-2} closed
2019-03-22 23:19:40.663 [Thread-1] INFO [com.alibaba.druid.support.logging.Log4j2Impl.info] - {dataSource-1} closed
2019-03-22 23:24:27.061 [main] INFO [org.springframework.test.context.TestContextManager.retrieveTestExecutionListeners] - @TestExecutionListeners is not present for class [class com.springbasetest.Test1]: using defaults.
2019-03-22 23:24:27.327 [main] INFO [org.springframework.beans.factory.xml.XmlBeanDefinitionReader.loadBeanDefinitions] - Loading XML bean definitions from URL [file:/C:/Develop/IdeaWorkPlace/MyWeb/target/classes/spring/applicationContext.xml]
2019-03-22 23:24:27.530 [main] INFO [org.springframework.beans.factory.xml.XmlBeanDefinitionReader.loadBeanDefinitions] - Loading XML bean definitions from URL [file:/C:/Develop/IdeaWorkPlace/MyWeb/target/classes/spring/spring-mybatis.xml]
2019-03-22 23:24:29.129 [main] INFO [org.springframework.context.support.AbstractApplicationContext.prepareRefresh] - Refreshing org.springframework.context.support.GenericApplicationContext@6973b51b: startup date [Fri Mar 22 23:24:29 CST 2019]; root of context hierarchy
2019-03-22 23:24:30.234 [main] INFO [com.alibaba.druid.support.logging.Log4j2Impl.info] - {dataSource-1} inited
2019-03-22 23:24:30.484 [main] INFO [com.alibaba.druid.support.logging.Log4j2Impl.info] - {dataSource-2} inited
2019-03-22 23:24:30.521 [Thread-1] INFO [org.springframework.context.support.AbstractApplicationContext.doClose] - Closing org.springframework.context.support.GenericApplicationContext@6973b51b: startup date [Fri Mar 22 23:24:29 CST 2019]; root of context hierarchy
2019-03-22 23:24:30.525 [Thread-1] INFO [com.alibaba.druid.support.logging.Log4j2Impl.info] - {dataSource-2} closed
2019-03-22 23:24:30.526 [Thread-1] INFO [com.alibaba.druid.support.logging.Log4j2Impl.info] - {dataSource-1} closed
2019-03-22 23:25:35.586 [main] INFO [org.springframework.test.context.TestContextManager.retrieveTestExecutionListeners] - @TestExecutionListeners is not present for class [class com.springbasetest.Test1]: using defaults.
2019-03-22 23:25:35.799 [main] INFO [org.springframework.beans.factory.xml.XmlBeanDefinitionReader.loadBeanDefinitions] - Loading XML bean definitions from URL [file:/C:/Develop/IdeaWorkPlace/MyWeb/target/classes/spring/applicationContext.xml]
2019-03-22 23:25:35.989 [main] INFO [org.springframework.beans.factory.xml.XmlBeanDefinitionReader.loadBeanDefinitions] - Loading XML bean definitions from URL [file:/C:/Develop/IdeaWorkPlace/MyWeb/target/classes/spring/spring-mybatis.xml]
2019-03-22 23:25:37.432 [main] INFO [org.springframework.context.support.AbstractApplicationContext.prepareRefresh] - Refreshing org.springframework.context.support.GenericApplicationContext@6973b51b: startup date [Fri Mar 22 23:25:37 CST 2019]; root of context hierarchy
2019-03-22 23:25:38.291 [main] INFO [com.alibaba.druid.support.logging.Log4j2Impl.info] - {dataSource-1} inited
2019-03-22 23:25:38.506 [main] INFO [com.alibaba.druid.support.logging.Log4j2Impl.info] - {dataSource-2} inited
2019-03-22 23:25:38.539 [Thread-1] INFO [org.springframework.context.support.AbstractApplicationContext.doClose] - Closing org.springframework.context.support.GenericApplicationContext@6973b51b: startup date [Fri Mar 22 23:25:37 CST 2019]; root of context hierarchy
2019-03-22 23:25:38.543 [Thread-1] INFO [com.alibaba.druid.support.logging.Log4j2Impl.info] - {dataSource-2} closed
2019-03-22 23:25:38.544 [Thread-1] INFO [com.alibaba.druid.support.logging.Log4j2Impl.info] - {dataSource-1} closed
2019-03-22 23:27:53.283 [main] INFO [org.springframework.test.context.TestContextManager.retrieveTestExecutionListeners] - @TestExecutionListeners is not present for class [class com.springbasetest.Test1]: using defaults.
2019-03-22 23:27:53.495 [main] INFO [org.springframework.beans.factory.xml.XmlBeanDefinitionReader.loadBeanDefinitions] - Loading XML bean definitions from URL [file:/C:/Develop/IdeaWorkPlace/MyWeb/target/classes/spring/applicationContext.xml]
2019-03-22 23:27:53.702 [main] INFO [org.springframework.beans.factory.xml.XmlBeanDefinitionReader.loadBeanDefinitions] - Loading XML bean definitions from URL [file:/C:/Develop/IdeaWorkPlace/MyWeb/target/classes/spring/spring-mybatis.xml]
2019-03-22 23:27:55.352 [main] INFO [org.springframework.context.support.AbstractApplicationContext.prepareRefresh] - Refreshing org.springframework.context.support.GenericApplicationContext@7714e963: startup date [Fri Mar 22 23:27:55 CST 2019]; root of context hierarchy
2019-03-22 23:27:56.261 [main] INFO [com.alibaba.druid.support.logging.Log4j2Impl.info] - {dataSource-1} inited
2019-03-22 23:27:56.471 [main] INFO [com.alibaba.druid.support.logging.Log4j2Impl.info] - {dataSource-2} inited
2019-03-22 23:27:56.511 [Thread-1] INFO [org.springframework.context.support.AbstractApplicationContext.doClose] - Closing org.springframework.context.support.GenericApplicationContext@7714e963: startup date [Fri Mar 22 23:27:55 CST 2019]; root of context hierarchy
2019-03-22 23:27:56.516 [Thread-1] INFO [com.alibaba.druid.support.logging.Log4j2Impl.info] - {dataSource-2} closed
2019-03-22 23:27:56.517 [Thread-1] INFO [com.alibaba.druid.support.logging.Log4j2Impl.info] - {dataSource-1} closed
2019-03-22 23:29:55.878 [main] INFO [org.springframework.test.context.TestContextManager.retrieveTestExecutionListeners] - @TestExecutionListeners is not present for class [class com.springbasetest.Test1]: using defaults.
2019-03-22 23:29:56.034 [main] INFO [org.springframework.beans.factory.xml.XmlBeanDefinitionReader.loadBeanDefinitions] - Loading XML bean definitions from URL [file:/C:/Develop/IdeaWorkPlace/MyWeb/target/classes/spring/applicationContext.xml]
2019-03-22 23:29:56.187 [main] INFO [org.springframework.beans.factory.xml.XmlBeanDefinitionReader.loadBeanDefinitions] - Loading XML bean definitions from URL [file:/C:/Develop/IdeaWorkPlace/MyWeb/target/classes/spring/spring-mybatis.xml]
2019-03-22 23:29:57.756 [main] INFO [org.springframework.context.support.AbstractApplicationContext.prepareRefresh] - Refreshing org.springframework.context.support.GenericApplicationContext@6973b51b: startup date [Fri Mar 22 23:29:57 CST 2019]; root of context hierarchy
2019-03-22 23:29:58.751 [main] INFO [com.alibaba.druid.support.logging.Log4j2Impl.info] - {dataSource-1} inited
2019-03-22 23:29:58.971 [main] INFO [com.alibaba.druid.support.logging.Log4j2Impl.info] - {dataSource-2} inited
2019-03-22 23:29:59.015 [Thread-1] INFO [org.springframework.context.support.AbstractApplicationContext.doClose] - Closing org.springframework.context.support.GenericApplicationContext@6973b51b: startup date [Fri Mar 22 23:29:57 CST 2019]; root of context hierarchy
2019-03-22 23:29:59.021 [Thread-1] INFO [com.alibaba.druid.support.logging.Log4j2Impl.info] - {dataSource-2} closed
2019-03-22 23:29:59.022 [Thread-1] INFO [com.alibaba.druid.support.logging.Log4j2Impl.info] - {dataSource-1} closed
2019-03-22 23:30:20.879 [main] INFO [org.springframework.test.context.TestContextManager.retrieveTestExecutionListeners] - @TestExecutionListeners is not present for class [class com.springbasetest.Test1]: using defaults.
2019-03-22 23:30:21.120 [main] INFO [org.springframework.beans.factory.xml.XmlBeanDefinitionReader.loadBeanDefinitions] - Loading XML bean definitions from URL [file:/C:/Develop/IdeaWorkPlace/MyWeb/target/classes/spring/applicationContext.xml]
2019-03-22 23:30:21.331 [main] INFO [org.springframework.beans.factory.xml.XmlBeanDefinitionReader.loadBeanDefinitions] - Loading XML bean definitions from URL [file:/C:/Develop/IdeaWorkPlace/MyWeb/target/classes/spring/spring-mybatis.xml]
2019-03-22 23:30:22.834 [main] INFO [org.springframework.context.support.AbstractApplicationContext.prepareRefresh] - Refreshing org.springframework.context.support.GenericApplicationContext@6973b51b: startup date [Fri Mar 22 23:30:22 CST 2019]; root of context hierarchy
2019-03-22 23:30:23.689 [main] INFO [com.alibaba.druid.support.logging.Log4j2Impl.info] - {dataSource-1} inited
2019-03-22 23:30:23.906 [main] INFO [com.alibaba.druid.support.logging.Log4j2Impl.info] - {dataSource-2} inited
2019-03-22 23:30:23.941 [Thread-1] INFO [org.springframework.context.support.AbstractApplicationContext.doClose] - Closing org.springframework.context.support.GenericApplicationContext@6973b51b: startup date [Fri Mar 22 23:30:22 CST 2019]; root of context hierarchy
2019-03-22 23:30:23.945 [Thread-1] INFO [com.alibaba.druid.support.logging.Log4j2Impl.info] - {dataSource-2} closed
2019-03-22 23:30:23.946 [Thread-1] INFO [com.alibaba.druid.support.logging.Log4j2Impl.info] - {dataSource-1} closed
2019-03-22 23:30:39.040 [main] INFO [org.springframework.test.context.TestContextManager.retrieveTestExecutionListeners] - @TestExecutionListeners is not present for class [class com.springbasetest.Test1]: using defaults.
2019-03-22 23:30:39.166 [main] INFO [org.springframework.beans.factory.xml.XmlBeanDefinitionReader.loadBeanDefinitions] - Loading XML bean definitions from URL [file:/C:/Develop/IdeaWorkPlace/MyWeb/target/classes/spring/applicationContext.xml]
2019-03-22 23:30:39.265 [main] INFO [org.springframework.beans.factory.xml.XmlBeanDefinitionReader.loadBeanDefinitions] - Loading XML bean definitions from URL [file:/C:/Develop/IdeaWorkPlace/MyWeb/target/classes/spring/spring-mybatis.xml]
2019-03-22 23:30:41.394 [main] INFO [org.springframework.context.support.AbstractApplicationContext.prepareRefresh] - Refreshing org.springframework.context.support.GenericApplicationContext@676cf48: startup date [Fri Mar 22 23:30:41 CST 2019]; root of context hierarchy
2019-03-22 23:30:42.830 [main] INFO [com.alibaba.druid.support.logging.Log4j2Impl.info] - {dataSource-1} inited
2019-03-22 23:30:43.105 [main] INFO [com.alibaba.druid.support.logging.Log4j2Impl.info] - {dataSource-2} inited
2019-03-22 23:30:43.151 [Thread-1] INFO [org.springframework.context.support.AbstractApplicationContext.doClose] - Closing org.springframework.context.support.GenericApplicationContext@676cf48: startup date [Fri Mar 22 23:30:41 CST 2019]; root of context hierarchy
2019-03-22 23:30:43.159 [Thread-1] INFO [com.alibaba.druid.support.logging.Log4j2Impl.info] - {dataSource-2} closed
2019-03-22 23:30:43.160 [Thread-1] INFO [com.alibaba.druid.support.logging.Log4j2Impl.info] - {dataSource-1} closed
2019-03-22 23:31:14.127 [main] INFO [org.springframework.test.context.TestContextManager.retrieveTestExecutionListeners] - @TestExecutionListeners is not present for class [class com.springbasetest.Test1]: using defaults.
2019-03-22 23:31:14.314 [main] INFO [org.springframework.beans.factory.xml.XmlBeanDefinitionReader.loadBeanDefinitions] - Loading XML bean definitions from URL [file:/C:/Develop/IdeaWorkPlace/MyWeb/target/classes/spring/applicationContext.xml]
2019-03-22 23:31:14.464 [main] INFO [org.springframework.beans.factory.xml.XmlBeanDefinitionReader.loadBeanDefinitions] - Loading XML bean definitions from URL [file:/C:/Develop/IdeaWorkPlace/MyWeb/target/classes/spring/spring-mybatis.xml]
2019-03-22 23:31:16.252 [main] INFO [org.springframework.context.support.AbstractApplicationContext.prepareRefresh] - Refreshing org.springframework.context.support.GenericApplicationContext@5a1de7fb: startup date [Fri Mar 22 23:31:16 CST 2019]; root of context hierarchy
2019-03-22 23:31:22.882 [main] INFO [com.alibaba.druid.support.logging.Log4j2Impl.info] - {dataSource-1} inited
2019-03-22 23:31:23.182 [main] INFO [com.alibaba.druid.support.logging.Log4j2Impl.info] - {dataSource-2} inited
2019-03-22 23:32:31.961 [Thread-1] INFO [org.springframework.context.support.AbstractApplicationContext.doClose] - Closing org.springframework.context.support.GenericApplicationContext@5a1de7fb: startup date [Fri Mar 22 23:31:16 CST 2019]; root of context hierarchy
2019-03-22 23:32:31.967 [Thread-1] INFO [com.alibaba.druid.support.logging.Log4j2Impl.info] - {dataSource-2} closed
2019-03-22 23:32:31.968 [Thread-1] INFO [com.alibaba.druid.support.logging.Log4j2Impl.info] - {dataSource-1} closed
