2019-01-13 13:32:57.070 [main] INFO [org.springframework.test.context.TestContextManager.retrieveTestExecutionListeners] - @TestExecutionListeners is not present for class [class com.springbasetest.Test1]: using defaults.
2019-01-13 13:32:57.242 [main] INFO [org.springframework.beans.factory.xml.XmlBeanDefinitionReader.loadBeanDefinitions] - Loading XML bean definitions from class path resource [spring/spring-mybatis.xml]
2019-01-13 13:32:57.554 [main] INFO [org.springframework.beans.factory.xml.XmlBeanDefinitionReader.loadBeanDefinitions] - Loading XML bean definitions from URL [file:/C:/Develop/IdeaWorkPlace/MyWeb/target/classes/spring/applicationContext.xml]
2019-01-13 13:32:59.329 [main] INFO [org.springframework.context.support.AbstractApplicationContext.prepareRefresh] - Refreshing org.springframework.context.support.GenericApplicationContext@402bba4f: startup date [Sun Jan 13 13:32:59 CST 2019]; root of context hierarchy
2019-01-13 13:33:00.769 [main] INFO [com.alibaba.druid.support.logging.Log4j2Impl.info] - {dataSource-1} inited
2019-01-13 13:33:13.120 [main] INFO [org.springframework.test.context.TestContextManager.retrieveTestExecutionListeners] - @TestExecutionListeners is not present for class [class com.springbasetest.Test1]: using defaults.
2019-01-13 13:33:13.308 [main] INFO [org.springframework.beans.factory.xml.XmlBeanDefinitionReader.loadBeanDefinitions] - Loading XML bean definitions from class path resource [spring/spring-mybatis.xml]
2019-01-13 13:33:13.604 [main] INFO [org.springframework.beans.factory.xml.XmlBeanDefinitionReader.loadBeanDefinitions] - Loading XML bean definitions from URL [file:/C:/Develop/IdeaWorkPlace/MyWeb/target/classes/spring/applicationContext.xml]
2019-01-13 13:34:25.111 [main] INFO [org.springframework.test.context.TestContextManager.retrieveTestExecutionListeners] - @TestExecutionListeners is not present for class [class com.springbasetest.Test1]: using defaults.
2019-01-13 13:34:25.268 [main] INFO [org.springframework.beans.factory.xml.XmlBeanDefinitionReader.loadBeanDefinitions] - Loading XML bean definitions from class path resource [spring/spring-mybatis.xml]
2019-01-13 13:34:25.549 [main] INFO [org.springframework.beans.factory.xml.XmlBeanDefinitionReader.loadBeanDefinitions] - Loading XML bean definitions from URL [file:/C:/Develop/IdeaWorkPlace/MyWeb/target/classes/spring/applicationContext.xml]
2019-01-13 13:34:26.941 [main] INFO [org.springframework.context.support.AbstractApplicationContext.prepareRefresh] - Refreshing org.springframework.context.support.GenericApplicationContext@7714e963: startup date [Sun Jan 13 13:34:26 CST 2019]; root of context hierarchy
2019-01-13 13:34:28.039 [main] INFO [com.alibaba.druid.support.logging.Log4j2Impl.info] - {dataSource-1} inited
2019-01-13 13:34:28.363 [Thread-1] INFO [org.springframework.context.support.AbstractApplicationContext.doClose] - Closing org.springframework.context.support.GenericApplicationContext@7714e963: startup date [Sun Jan 13 13:34:26 CST 2019]; root of context hierarchy
2019-01-13 13:34:28.363 [Thread-1] INFO [com.alibaba.druid.support.logging.Log4j2Impl.info] - {dataSource-1} closed
2019-01-13 13:34:33.713 [Thread-1] INFO [org.springframework.context.support.AbstractApplicationContext.doClose] - Closing org.springframework.context.support.GenericApplicationContext@402bba4f: startup date [Sun Jan 13 13:32:59 CST 2019]; root of context hierarchy
2019-01-13 13:34:33.729 [Thread-1] INFO [com.alibaba.druid.support.logging.Log4j2Impl.info] - {dataSource-1} closed
2019-01-13 13:34:45.288 [main] INFO [org.springframework.test.context.TestContextManager.retrieveTestExecutionListeners] - @TestExecutionListeners is not present for class [class com.springbasetest.Test1]: using defaults.
2019-01-13 13:34:45.446 [main] INFO [org.springframework.beans.factory.xml.XmlBeanDefinitionReader.loadBeanDefinitions] - Loading XML bean definitions from class path resource [spring/spring-mybatis.xml]
2019-01-13 13:34:45.680 [main] INFO [org.springframework.beans.factory.xml.XmlBeanDefinitionReader.loadBeanDefinitions] - Loading XML bean definitions from URL [file:/C:/Develop/IdeaWorkPlace/MyWeb/target/classes/spring/applicationContext.xml]
2019-01-13 13:34:47.165 [main] INFO [org.springframework.context.support.AbstractApplicationContext.prepareRefresh] - Refreshing org.springframework.context.support.GenericApplicationContext@6973b51b: startup date [Sun Jan 13 13:34:47 CST 2019]; root of context hierarchy
2019-01-13 13:34:48.265 [main] INFO [com.alibaba.druid.support.logging.Log4j2Impl.info] - {dataSource-1} inited
2019-01-13 13:34:48.519 [Thread-1] INFO [org.springframework.context.support.AbstractApplicationContext.doClose] - Closing org.springframework.context.support.GenericApplicationContext@6973b51b: startup date [Sun Jan 13 13:34:47 CST 2019]; root of context hierarchy
2019-01-13 13:34:48.519 [Thread-1] INFO [com.alibaba.druid.support.logging.Log4j2Impl.info] - {dataSource-1} closed
2019-01-13 14:19:09.704 [main] INFO [org.springframework.test.context.TestContextManager.retrieveTestExecutionListeners] - @TestExecutionListeners is not present for class [class com.springbasetest.TestMybatis]: using defaults.
2019-01-13 14:19:09.871 [main] INFO [org.springframework.beans.factory.xml.XmlBeanDefinitionReader.loadBeanDefinitions] - Loading XML bean definitions from class path resource [spring/spring-mybatis.xml]
2019-01-13 14:19:10.117 [main] INFO [org.springframework.beans.factory.xml.XmlBeanDefinitionReader.loadBeanDefinitions] - Loading XML bean definitions from URL [file:/C:/Develop/IdeaWorkPlace/MyWeb/target/classes/spring/applicationContext.xml]
2019-01-13 14:19:11.753 [main] INFO [org.springframework.context.support.AbstractApplicationContext.prepareRefresh] - Refreshing org.springframework.context.support.GenericApplicationContext@72057ecf: startup date [Sun Jan 13 14:19:11 CST 2019]; root of context hierarchy
2019-01-13 14:19:12.596 [main] WARN [org.springframework.context.support.AbstractApplicationContext.refresh] - Exception encountered during context initialization - cancelling refresh attempt: org.springframework.beans.factory.BeanCreationException: Error creating bean with name 'sqlSessionFactory' defined in class path resource [spring/spring-mybatis.xml]: Invocation of init method failed; nested exception is org.springframework.core.NestedIOException: Failed to parse mapping resource: 'file [C:\Develop\IdeaWorkPlace\MyWeb\target\classes\com\project\dao\impl\TeacherMapper.xml]'; nested exception is org.apache.ibatis.builder.BuilderException: Error parsing Mapper XML. Cause: java.lang.IllegalStateException: Mapping is missing column attribute for property id
2019-01-13 14:21:36.013 [main] INFO [org.springframework.test.context.TestContextManager.retrieveTestExecutionListeners] - @TestExecutionListeners is not present for class [class com.springbasetest.Test1]: using defaults.
2019-01-13 14:21:36.185 [main] INFO [org.springframework.beans.factory.xml.XmlBeanDefinitionReader.loadBeanDefinitions] - Loading XML bean definitions from class path resource [spring/spring-mybatis.xml]
2019-01-13 14:21:36.453 [main] INFO [org.springframework.beans.factory.xml.XmlBeanDefinitionReader.loadBeanDefinitions] - Loading XML bean definitions from URL [file:/C:/Develop/IdeaWorkPlace/MyWeb/target/classes/spring/applicationContext.xml]
2019-01-13 14:21:37.816 [main] INFO [org.springframework.context.support.AbstractApplicationContext.prepareRefresh] - Refreshing org.springframework.context.support.GenericApplicationContext@6973b51b: startup date [Sun Jan 13 14:21:37 CST 2019]; root of context hierarchy
2019-01-13 14:21:38.630 [main] WARN [org.springframework.context.support.AbstractApplicationContext.refresh] - Exception encountered during context initialization - cancelling refresh attempt: org.springframework.beans.factory.BeanCreationException: Error creating bean with name 'sqlSessionFactory' defined in class path resource [spring/spring-mybatis.xml]: Invocation of init method failed; nested exception is org.springframework.core.NestedIOException: Failed to parse mapping resource: 'file [C:\Develop\IdeaWorkPlace\MyWeb\target\classes\com\project\dao\impl\TeacherMapper.xml]'; nested exception is org.apache.ibatis.builder.BuilderException: Error parsing Mapper XML. Cause: java.lang.IllegalStateException: Mapping is missing column attribute for property id
2019-01-13 14:22:48.605 [main] INFO [org.springframework.test.context.TestContextManager.retrieveTestExecutionListeners] - @TestExecutionListeners is not present for class [class com.springbasetest.Test1]: using defaults.
2019-01-13 14:22:48.774 [main] INFO [org.springframework.beans.factory.xml.XmlBeanDefinitionReader.loadBeanDefinitions] - Loading XML bean definitions from class path resource [spring/spring-mybatis.xml]
2019-01-13 14:22:49.029 [main] INFO [org.springframework.beans.factory.xml.XmlBeanDefinitionReader.loadBeanDefinitions] - Loading XML bean definitions from URL [file:/C:/Develop/IdeaWorkPlace/MyWeb/target/classes/spring/applicationContext.xml]
2019-01-13 14:22:50.373 [main] INFO [org.springframework.context.support.AbstractApplicationContext.prepareRefresh] - Refreshing org.springframework.context.support.GenericApplicationContext@dbf57b3: startup date [Sun Jan 13 14:22:50 CST 2019]; root of context hierarchy
2019-01-13 14:22:51.190 [main] WARN [org.springframework.context.support.AbstractApplicationContext.refresh] - Exception encountered during context initialization - cancelling refresh attempt: org.springframework.beans.factory.BeanCreationException: Error creating bean with name 'sqlSessionFactory' defined in class path resource [spring/spring-mybatis.xml]: Invocation of init method failed; nested exception is org.springframework.core.NestedIOException: Failed to parse mapping resource: 'file [C:\Develop\IdeaWorkPlace\MyWeb\target\classes\com\project\dao\impl\TeacherMapper.xml]'; nested exception is org.apache.ibatis.builder.BuilderException: Error parsing Mapper XML. Cause: java.lang.IllegalStateException: Mapping is missing column attribute for property id
2019-01-13 14:24:06.175 [main] INFO [org.springframework.test.context.TestContextManager.retrieveTestExecutionListeners] - @TestExecutionListeners is not present for class [class com.springbasetest.Test1]: using defaults.
2019-01-13 14:24:06.329 [main] INFO [org.springframework.beans.factory.xml.XmlBeanDefinitionReader.loadBeanDefinitions] - Loading XML bean definitions from class path resource [spring/spring-mybatis.xml]
2019-01-13 14:24:06.594 [main] INFO [org.springframework.beans.factory.xml.XmlBeanDefinitionReader.loadBeanDefinitions] - Loading XML bean definitions from URL [file:/C:/Develop/IdeaWorkPlace/MyWeb/target/classes/spring/applicationContext.xml]
2019-01-13 14:24:07.987 [main] INFO [org.springframework.context.support.AbstractApplicationContext.prepareRefresh] - Refreshing org.springframework.context.support.GenericApplicationContext@6973b51b: startup date [Sun Jan 13 14:24:07 CST 2019]; root of context hierarchy
2019-01-13 14:24:08.820 [main] WARN [org.springframework.context.support.AbstractApplicationContext.refresh] - Exception encountered during context initialization - cancelling refresh attempt: org.springframework.beans.factory.BeanCreationException: Error creating bean with name 'sqlSessionFactory' defined in class path resource [spring/spring-mybatis.xml]: Invocation of init method failed; nested exception is org.springframework.core.NestedIOException: Failed to parse mapping resource: 'file [C:\Develop\IdeaWorkPlace\MyWeb\target\classes\com\project\dao\impl\TeacherMapper.xml]'; nested exception is org.apache.ibatis.builder.BuilderException: Error parsing Mapper XML. Cause: java.lang.IllegalStateException: Mapping is missing column attribute for property id
2019-01-13 14:25:41.484 [main] INFO [org.springframework.test.context.TestContextManager.retrieveTestExecutionListeners] - @TestExecutionListeners is not present for class [class com.springbasetest.Test1]: using defaults.
2019-01-13 14:25:41.647 [main] INFO [org.springframework.beans.factory.xml.XmlBeanDefinitionReader.loadBeanDefinitions] - Loading XML bean definitions from class path resource [spring/spring-mybatis.xml]
2019-01-13 14:25:41.901 [main] INFO [org.springframework.beans.factory.xml.XmlBeanDefinitionReader.loadBeanDefinitions] - Loading XML bean definitions from URL [file:/C:/Develop/IdeaWorkPlace/MyWeb/target/classes/spring/applicationContext.xml]
2019-01-13 14:25:43.481 [main] INFO [org.springframework.context.support.AbstractApplicationContext.prepareRefresh] - Refreshing org.springframework.context.support.GenericApplicationContext@6973b51b: startup date [Sun Jan 13 14:25:43 CST 2019]; root of context hierarchy
2019-01-13 14:25:44.414 [main] WARN [org.springframework.context.support.AbstractApplicationContext.refresh] - Exception encountered during context initialization - cancelling refresh attempt: org.springframework.beans.factory.BeanCreationException: Error creating bean with name 'sqlSessionFactory' defined in class path resource [spring/spring-mybatis.xml]: Invocation of init method failed; nested exception is org.springframework.core.NestedIOException: Failed to parse mapping resource: 'file [C:\Develop\IdeaWorkPlace\MyWeb\target\classes\com\project\dao\impl\TeacherMapper.xml]'; nested exception is org.apache.ibatis.builder.BuilderException: Error parsing Mapper XML. Cause: java.lang.IllegalStateException: Mapping is missing column attribute for property id
2019-01-13 14:27:19.140 [main] INFO [org.springframework.test.context.TestContextManager.retrieveTestExecutionListeners] - @TestExecutionListeners is not present for class [class com.springbasetest.TestMybatis]: using defaults.
2019-01-13 14:27:19.323 [main] INFO [org.springframework.beans.factory.xml.XmlBeanDefinitionReader.loadBeanDefinitions] - Loading XML bean definitions from class path resource [spring/spring-mybatis.xml]
2019-01-13 14:27:19.576 [main] INFO [org.springframework.beans.factory.xml.XmlBeanDefinitionReader.loadBeanDefinitions] - Loading XML bean definitions from URL [file:/C:/Develop/IdeaWorkPlace/MyWeb/target/classes/spring/applicationContext.xml]
2019-01-13 14:27:21.372 [main] INFO [org.springframework.context.support.AbstractApplicationContext.prepareRefresh] - Refreshing org.springframework.context.support.GenericApplicationContext@72057ecf: startup date [Sun Jan 13 14:27:21 CST 2019]; root of context hierarchy
2019-01-13 14:27:22.221 [main] WARN [org.springframework.context.support.AbstractApplicationContext.refresh] - Exception encountered during context initialization - cancelling refresh attempt: org.springframework.beans.factory.BeanCreationException: Error creating bean with name 'sqlSessionFactory' defined in class path resource [spring/spring-mybatis.xml]: Invocation of init method failed; nested exception is org.springframework.core.NestedIOException: Failed to parse mapping resource: 'file [C:\Develop\IdeaWorkPlace\MyWeb\target\classes\com\project\dao\impl\TeacherMapper.xml]'; nested exception is org.apache.ibatis.builder.BuilderException: Error parsing Mapper XML. Cause: java.lang.IllegalStateException: Mapping is missing column attribute for property id
2019-01-13 14:28:46.589 [main] INFO [org.springframework.test.context.TestContextManager.retrieveTestExecutionListeners] - @TestExecutionListeners is not present for class [class com.springbasetest.Test1]: using defaults.
2019-01-13 14:28:46.801 [main] INFO [org.springframework.beans.factory.xml.XmlBeanDefinitionReader.loadBeanDefinitions] - Loading XML bean definitions from class path resource [spring/spring-mybatis.xml]
2019-01-13 14:28:47.073 [main] INFO [org.springframework.beans.factory.xml.XmlBeanDefinitionReader.loadBeanDefinitions] - Loading XML bean definitions from URL [file:/C:/Develop/IdeaWorkPlace/MyWeb/target/classes/spring/applicationContext.xml]
2019-01-13 14:28:48.523 [main] INFO [org.springframework.context.support.AbstractApplicationContext.prepareRefresh] - Refreshing org.springframework.context.support.GenericApplicationContext@6973b51b: startup date [Sun Jan 13 14:28:48 CST 2019]; root of context hierarchy
2019-01-13 14:28:49.415 [main] WARN [org.springframework.context.support.AbstractApplicationContext.refresh] - Exception encountered during context initialization - cancelling refresh attempt: org.springframework.beans.factory.BeanCreationException: Error creating bean with name 'sqlSessionFactory' defined in class path resource [spring/spring-mybatis.xml]: Invocation of init method failed; nested exception is org.springframework.core.NestedIOException: Failed to parse mapping resource: 'file [C:\Develop\IdeaWorkPlace\MyWeb\target\classes\com\project\dao\impl\TeacherMapper.xml]'; nested exception is org.apache.ibatis.builder.BuilderException: Error parsing Mapper XML. Cause: java.lang.IllegalStateException: Mapping is missing column attribute for property id
2019-01-13 14:29:22.012 [main] INFO [org.springframework.test.context.TestContextManager.retrieveTestExecutionListeners] - @TestExecutionListeners is not present for class [class com.springbasetest.TestMybatis]: using defaults.
2019-01-13 14:29:22.185 [main] INFO [org.springframework.beans.factory.xml.XmlBeanDefinitionReader.loadBeanDefinitions] - Loading XML bean definitions from class path resource [spring/spring-mybatis.xml]
2019-01-13 14:29:22.448 [main] INFO [org.springframework.beans.factory.xml.XmlBeanDefinitionReader.loadBeanDefinitions] - Loading XML bean definitions from URL [file:/C:/Develop/IdeaWorkPlace/MyWeb/target/classes/spring/applicationContext.xml]
2019-01-13 14:29:23.955 [main] INFO [org.springframework.context.support.AbstractApplicationContext.prepareRefresh] - Refreshing org.springframework.context.support.GenericApplicationContext@72057ecf: startup date [Sun Jan 13 14:29:23 CST 2019]; root of context hierarchy
2019-01-13 14:29:25.044 [main] INFO [com.alibaba.druid.support.logging.Log4j2Impl.info] - {dataSource-1} inited
2019-01-13 14:29:25.631 [main] INFO [org.springframework.beans.factory.xml.XmlBeanDefinitionReader.loadBeanDefinitions] - Loading XML bean definitions from class path resource [org/springframework/jdbc/support/sql-error-codes.xml]
2019-01-13 14:29:25.652 [main] INFO [org.springframework.jdbc.support.SQLErrorCodesFactory.<init>] - SQLErrorCodes loaded: [DB2, Derby, H2, HSQL, Informix, MS-SQL, MySQL, Oracle, PostgreSQL, Sybase, Hana]
2019-01-13 14:29:25.668 [Thread-1] INFO [org.springframework.context.support.AbstractApplicationContext.doClose] - Closing org.springframework.context.support.GenericApplicationContext@72057ecf: startup date [Sun Jan 13 14:29:23 CST 2019]; root of context hierarchy
2019-01-13 14:29:25.672 [Thread-1] INFO [com.alibaba.druid.support.logging.Log4j2Impl.info] - {dataSource-1} closed
2019-01-13 14:40:37.643 [main] INFO [org.springframework.test.context.TestContextManager.retrieveTestExecutionListeners] - @TestExecutionListeners is not present for class [class com.springbasetest.TestMybatis]: using defaults.
2019-01-13 14:40:37.789 [main] INFO [org.springframework.beans.factory.xml.XmlBeanDefinitionReader.loadBeanDefinitions] - Loading XML bean definitions from class path resource [spring/spring-mybatis.xml]
2019-01-13 14:40:38.059 [main] INFO [org.springframework.beans.factory.xml.XmlBeanDefinitionReader.loadBeanDefinitions] - Loading XML bean definitions from URL [file:/C:/Develop/IdeaWorkPlace/MyWeb/target/classes/spring/applicationContext.xml]
2019-01-13 14:40:39.476 [main] INFO [org.springframework.context.support.AbstractApplicationContext.prepareRefresh] - Refreshing org.springframework.context.support.GenericApplicationContext@72057ecf: startup date [Sun Jan 13 14:40:39 CST 2019]; root of context hierarchy
2019-01-13 14:40:40.208 [main] WARN [org.springframework.context.support.AbstractApplicationContext.refresh] - Exception encountered during context initialization - cancelling refresh attempt: org.springframework.beans.factory.BeanCreationException: Error creating bean with name 'sqlSessionFactory2' defined in class path resource [spring/spring-mybatis.xml]: Invocation of init method failed; nested exception is org.springframework.core.NestedIOException: Failed to parse mapping resource: 'file [C:\Develop\IdeaWorkPlace\MyWeb\target\classes\com\project\dao\impl\TeacherMapper.xml]'; nested exception is org.apache.ibatis.builder.BuilderException: Error parsing Mapper XML. Cause: java.lang.IllegalStateException: Mapping is missing column attribute for property id
2019-01-13 14:42:08.143 [main] INFO [org.springframework.test.context.TestContextManager.retrieveTestExecutionListeners] - @TestExecutionListeners is not present for class [class com.springbasetest.TestMybatis]: using defaults.
2019-01-13 14:42:08.311 [main] INFO [org.springframework.beans.factory.xml.XmlBeanDefinitionReader.loadBeanDefinitions] - Loading XML bean definitions from class path resource [spring/spring-mybatis.xml]
2019-01-13 14:42:08.569 [main] INFO [org.springframework.beans.factory.xml.XmlBeanDefinitionReader.loadBeanDefinitions] - Loading XML bean definitions from URL [file:/C:/Develop/IdeaWorkPlace/MyWeb/target/classes/spring/applicationContext.xml]
2019-01-13 14:42:09.903 [main] INFO [org.springframework.context.support.AbstractApplicationContext.prepareRefresh] - Refreshing org.springframework.context.support.GenericApplicationContext@72057ecf: startup date [Sun Jan 13 14:42:09 CST 2019]; root of context hierarchy
2019-01-13 14:42:10.652 [main] WARN [org.springframework.context.support.AbstractApplicationContext.refresh] - Exception encountered during context initialization - cancelling refresh attempt: org.springframework.beans.factory.BeanCreationException: Error creating bean with name 'sqlSessionFactory2' defined in class path resource [spring/spring-mybatis.xml]: Invocation of init method failed; nested exception is org.springframework.core.NestedIOException: Failed to parse mapping resource: 'file [C:\Develop\IdeaWorkPlace\MyWeb\target\classes\com\project\dao\impl\TeacherMapper.xml]'; nested exception is org.apache.ibatis.builder.BuilderException: Error parsing Mapper XML. Cause: java.lang.IllegalStateException: Mapping is missing column attribute for property id
2019-01-13 14:43:10.756 [main] INFO [org.springframework.test.context.TestContextManager.retrieveTestExecutionListeners] - @TestExecutionListeners is not present for class [class com.springbasetest.Test1]: using defaults.
2019-01-13 14:43:10.927 [main] INFO [org.springframework.beans.factory.xml.XmlBeanDefinitionReader.loadBeanDefinitions] - Loading XML bean definitions from class path resource [spring/spring-mybatis.xml]
2019-01-13 14:43:11.204 [main] INFO [org.springframework.beans.factory.xml.XmlBeanDefinitionReader.loadBeanDefinitions] - Loading XML bean definitions from URL [file:/C:/Develop/IdeaWorkPlace/MyWeb/target/classes/spring/applicationContext.xml]
2019-01-13 14:43:12.565 [main] INFO [org.springframework.context.support.AbstractApplicationContext.prepareRefresh] - Refreshing org.springframework.context.support.GenericApplicationContext@6973b51b: startup date [Sun Jan 13 14:43:12 CST 2019]; root of context hierarchy
2019-01-13 14:43:13.327 [main] WARN [org.springframework.context.support.AbstractApplicationContext.refresh] - Exception encountered during context initialization - cancelling refresh attempt: org.springframework.beans.factory.BeanCreationException: Error creating bean with name 'sqlSessionFactory2' defined in class path resource [spring/spring-mybatis.xml]: Invocation of init method failed; nested exception is org.springframework.core.NestedIOException: Failed to parse mapping resource: 'file [C:\Develop\IdeaWorkPlace\MyWeb\target\classes\com\project\dao\impl\TeacherMapper.xml]'; nested exception is org.apache.ibatis.builder.BuilderException: Error parsing Mapper XML. Cause: java.lang.IllegalStateException: Mapping is missing column attribute for property id
2019-01-13 14:45:39.470 [main] INFO [org.springframework.test.context.TestContextManager.retrieveTestExecutionListeners] - @TestExecutionListeners is not present for class [class com.springbasetest.TestMybatis]: using defaults.
2019-01-13 14:45:39.628 [main] INFO [org.springframework.beans.factory.xml.XmlBeanDefinitionReader.loadBeanDefinitions] - Loading XML bean definitions from class path resource [spring/spring-mybatis.xml]
2019-01-13 14:45:39.863 [main] INFO [org.springframework.beans.factory.xml.XmlBeanDefinitionReader.loadBeanDefinitions] - Loading XML bean definitions from URL [file:/C:/Develop/IdeaWorkPlace/MyWeb/target/classes/spring/applicationContext.xml]
2019-01-13 14:45:41.259 [main] INFO [org.springframework.context.support.AbstractApplicationContext.prepareRefresh] - Refreshing org.springframework.context.support.GenericApplicationContext@72057ecf: startup date [Sun Jan 13 14:45:41 CST 2019]; root of context hierarchy
2019-01-13 14:45:42.027 [main] WARN [org.springframework.context.support.AbstractApplicationContext.refresh] - Exception encountered during context initialization - cancelling refresh attempt: org.springframework.beans.factory.BeanCreationException: Error creating bean with name 'sqlSessionFactory2' defined in class path resource [spring/spring-mybatis.xml]: Invocation of init method failed; nested exception is org.springframework.core.NestedIOException: Failed to parse mapping resource: 'file [C:\Develop\IdeaWorkPlace\MyWeb\target\classes\com\project\dao\impl\TeacherMapper.xml]'; nested exception is org.apache.ibatis.builder.BuilderException: Error parsing Mapper XML. Cause: java.lang.IllegalStateException: Mapping is missing column attribute for property id
2019-01-13 14:46:59.629 [main] INFO [org.springframework.test.context.TestContextManager.retrieveTestExecutionListeners] - @TestExecutionListeners is not present for class [class com.springbasetest.TestMybatis]: using defaults.
2019-01-13 14:46:59.811 [main] INFO [org.springframework.beans.factory.xml.XmlBeanDefinitionReader.loadBeanDefinitions] - Loading XML bean definitions from class path resource [spring/spring-mybatis.xml]
2019-01-13 14:47:00.066 [main] INFO [org.springframework.beans.factory.xml.XmlBeanDefinitionReader.loadBeanDefinitions] - Loading XML bean definitions from URL [file:/C:/Develop/IdeaWorkPlace/MyWeb/target/classes/spring/applicationContext.xml]
2019-01-13 14:47:01.473 [main] INFO [org.springframework.context.support.AbstractApplicationContext.prepareRefresh] - Refreshing org.springframework.context.support.GenericApplicationContext@72057ecf: startup date [Sun Jan 13 14:47:01 CST 2019]; root of context hierarchy
2019-01-13 14:47:02.558 [main] INFO [com.alibaba.druid.support.logging.Log4j2Impl.info] - {dataSource-1} inited
2019-01-13 14:47:02.832 [Thread-1] INFO [org.springframework.context.support.AbstractApplicationContext.doClose] - Closing org.springframework.context.support.GenericApplicationContext@72057ecf: startup date [Sun Jan 13 14:47:01 CST 2019]; root of context hierarchy
2019-01-13 14:47:02.837 [Thread-1] INFO [com.alibaba.druid.support.logging.Log4j2Impl.info] - {dataSource-1} closed
2019-01-13 14:48:43.471 [main] INFO [org.springframework.test.context.TestContextManager.retrieveTestExecutionListeners] - @TestExecutionListeners is not present for class [class com.springbasetest.TestMybatis]: using defaults.
2019-01-13 14:48:43.718 [main] INFO [org.springframework.beans.factory.xml.XmlBeanDefinitionReader.loadBeanDefinitions] - Loading XML bean definitions from class path resource [spring/spring-mybatis.xml]
2019-01-13 14:48:44.046 [main] INFO [org.springframework.beans.factory.xml.XmlBeanDefinitionReader.loadBeanDefinitions] - Loading XML bean definitions from URL [file:/C:/Develop/IdeaWorkPlace/MyWeb/target/classes/spring/applicationContext.xml]
2019-01-13 14:48:45.563 [main] INFO [org.springframework.context.support.AbstractApplicationContext.prepareRefresh] - Refreshing org.springframework.context.support.GenericApplicationContext@72057ecf: startup date [Sun Jan 13 14:48:45 CST 2019]; root of context hierarchy
2019-01-13 14:48:46.667 [main] INFO [com.alibaba.druid.support.logging.Log4j2Impl.info] - {dataSource-1} inited
2019-01-13 14:48:46.922 [Thread-1] INFO [org.springframework.context.support.AbstractApplicationContext.doClose] - Closing org.springframework.context.support.GenericApplicationContext@72057ecf: startup date [Sun Jan 13 14:48:45 CST 2019]; root of context hierarchy
2019-01-13 14:48:46.927 [Thread-1] INFO [com.alibaba.druid.support.logging.Log4j2Impl.info] - {dataSource-1} closed
2019-01-13 14:50:11.153 [main] INFO [org.springframework.test.context.TestContextManager.retrieveTestExecutionListeners] - @TestExecutionListeners is not present for class [class com.springbasetest.TestMybatis]: using defaults.
2019-01-13 14:50:11.343 [main] INFO [org.springframework.beans.factory.xml.XmlBeanDefinitionReader.loadBeanDefinitions] - Loading XML bean definitions from class path resource [spring/spring-mybatis.xml]
2019-01-13 14:50:11.619 [main] INFO [org.springframework.beans.factory.xml.XmlBeanDefinitionReader.loadBeanDefinitions] - Loading XML bean definitions from URL [file:/C:/Develop/IdeaWorkPlace/MyWeb/target/classes/spring/applicationContext.xml]
2019-01-13 14:50:12.943 [main] INFO [org.springframework.context.support.AbstractApplicationContext.prepareRefresh] - Refreshing org.springframework.context.support.GenericApplicationContext@72057ecf: startup date [Sun Jan 13 14:50:12 CST 2019]; root of context hierarchy
2019-01-13 14:50:14.079 [main] INFO [com.alibaba.druid.support.logging.Log4j2Impl.info] - {dataSource-1} inited
2019-01-13 14:50:14.357 [Thread-1] INFO [org.springframework.context.support.AbstractApplicationContext.doClose] - Closing org.springframework.context.support.GenericApplicationContext@72057ecf: startup date [Sun Jan 13 14:50:12 CST 2019]; root of context hierarchy
2019-01-13 14:50:14.362 [Thread-1] INFO [com.alibaba.druid.support.logging.Log4j2Impl.info] - {dataSource-1} closed
2019-01-13 14:51:21.769 [main] INFO [org.springframework.test.context.TestContextManager.retrieveTestExecutionListeners] - @TestExecutionListeners is not present for class [class com.springbasetest.TestMybatis]: using defaults.
2019-01-13 14:51:22.039 [main] INFO [org.springframework.beans.factory.xml.XmlBeanDefinitionReader.loadBeanDefinitions] - Loading XML bean definitions from class path resource [spring/spring-mybatis.xml]
2019-01-13 14:51:22.365 [main] INFO [org.springframework.beans.factory.xml.XmlBeanDefinitionReader.loadBeanDefinitions] - Loading XML bean definitions from URL [file:/C:/Develop/IdeaWorkPlace/MyWeb/target/classes/spring/applicationContext.xml]
2019-01-13 14:51:23.786 [main] INFO [org.springframework.context.support.AbstractApplicationContext.prepareRefresh] - Refreshing org.springframework.context.support.GenericApplicationContext@72057ecf: startup date [Sun Jan 13 14:51:23 CST 2019]; root of context hierarchy
2019-01-13 14:51:24.842 [main] INFO [com.alibaba.druid.support.logging.Log4j2Impl.info] - {dataSource-1} inited
2019-01-13 14:51:25.082 [Thread-1] INFO [org.springframework.context.support.AbstractApplicationContext.doClose] - Closing org.springframework.context.support.GenericApplicationContext@72057ecf: startup date [Sun Jan 13 14:51:23 CST 2019]; root of context hierarchy
2019-01-13 14:51:25.086 [Thread-1] INFO [com.alibaba.druid.support.logging.Log4j2Impl.info] - {dataSource-1} closed
2019-01-13 14:54:39.502 [main] INFO [org.springframework.test.context.TestContextManager.retrieveTestExecutionListeners] - @TestExecutionListeners is not present for class [class com.springbasetest.Test1]: using defaults.
2019-01-13 14:54:39.698 [main] INFO [org.springframework.beans.factory.xml.XmlBeanDefinitionReader.loadBeanDefinitions] - Loading XML bean definitions from class path resource [spring/spring-mybatis.xml]
2019-01-13 14:54:39.968 [main] INFO [org.springframework.beans.factory.xml.XmlBeanDefinitionReader.loadBeanDefinitions] - Loading XML bean definitions from URL [file:/C:/Develop/IdeaWorkPlace/MyWeb/target/classes/spring/applicationContext.xml]
2019-01-13 14:54:41.413 [main] INFO [org.springframework.context.support.AbstractApplicationContext.prepareRefresh] - Refreshing org.springframework.context.support.GenericApplicationContext@6973b51b: startup date [Sun Jan 13 14:54:41 CST 2019]; root of context hierarchy
2019-01-13 14:54:42.452 [Thread-1] INFO [org.springframework.context.support.AbstractApplicationContext.doClose] - Closing org.springframework.context.support.GenericApplicationContext@6973b51b: startup date [Sun Jan 13 14:54:41 CST 2019]; root of context hierarchy
2019-01-13 15:40:56.670 [main] INFO [org.springframework.test.context.TestContextManager.retrieveTestExecutionListeners] - @TestExecutionListeners is not present for class [class com.springbasetest.TestMybatis]: using defaults.
2019-01-13 15:40:56.856 [main] INFO [org.springframework.beans.factory.xml.XmlBeanDefinitionReader.loadBeanDefinitions] - Loading XML bean definitions from class path resource [spring/spring-mybatis.xml]
2019-01-13 15:40:57.160 [main] INFO [org.springframework.beans.factory.xml.XmlBeanDefinitionReader.loadBeanDefinitions] - Loading XML bean definitions from URL [file:/C:/Develop/IdeaWorkPlace/MyWeb/target/classes/spring/applicationContext.xml]
2019-01-13 15:40:58.705 [main] INFO [org.springframework.context.support.AbstractApplicationContext.prepareRefresh] - Refreshing org.springframework.context.support.GenericApplicationContext@72057ecf: startup date [Sun Jan 13 15:40:58 CST 2019]; root of context hierarchy
2019-01-13 15:40:59.843 [main] INFO [com.alibaba.druid.support.logging.Log4j2Impl.info] - {dataSource-1} inited
2019-01-13 15:41:00.142 [Thread-1] INFO [org.springframework.context.support.AbstractApplicationContext.doClose] - Closing org.springframework.context.support.GenericApplicationContext@72057ecf: startup date [Sun Jan 13 15:40:58 CST 2019]; root of context hierarchy
2019-01-13 15:41:00.149 [Thread-1] INFO [com.alibaba.druid.support.logging.Log4j2Impl.info] - {dataSource-1} closed
2019-01-13 15:42:10.217 [main] INFO [org.springframework.test.context.TestContextManager.retrieveTestExecutionListeners] - @TestExecutionListeners is not present for class [class com.springbasetest.TestMybatis]: using defaults.
2019-01-13 15:42:10.407 [main] INFO [org.springframework.beans.factory.xml.XmlBeanDefinitionReader.loadBeanDefinitions] - Loading XML bean definitions from class path resource [spring/spring-mybatis.xml]
2019-01-13 15:42:10.692 [main] INFO [org.springframework.beans.factory.xml.XmlBeanDefinitionReader.loadBeanDefinitions] - Loading XML bean definitions from URL [file:/C:/Develop/IdeaWorkPlace/MyWeb/target/classes/spring/applicationContext.xml]
2019-01-13 15:42:12.208 [main] INFO [org.springframework.context.support.AbstractApplicationContext.prepareRefresh] - Refreshing org.springframework.context.support.GenericApplicationContext@72057ecf: startup date [Sun Jan 13 15:42:12 CST 2019]; root of context hierarchy
2019-01-13 15:42:13.367 [main] INFO [com.alibaba.druid.support.logging.Log4j2Impl.info] - {dataSource-1} inited
2019-01-13 15:42:13.682 [Thread-1] INFO [org.springframework.context.support.AbstractApplicationContext.doClose] - Closing org.springframework.context.support.GenericApplicationContext@72057ecf: startup date [Sun Jan 13 15:42:12 CST 2019]; root of context hierarchy
2019-01-13 15:42:13.689 [Thread-1] INFO [com.alibaba.druid.support.logging.Log4j2Impl.info] - {dataSource-1} closed
2019-01-13 15:43:24.947 [main] INFO [org.springframework.test.context.TestContextManager.retrieveTestExecutionListeners] - @TestExecutionListeners is not present for class [class com.springbasetest.TestMybatis]: using defaults.
2019-01-13 15:43:25.124 [main] INFO [org.springframework.beans.factory.xml.XmlBeanDefinitionReader.loadBeanDefinitions] - Loading XML bean definitions from class path resource [spring/spring-mybatis.xml]
2019-01-13 15:43:25.377 [main] INFO [org.springframework.beans.factory.xml.XmlBeanDefinitionReader.loadBeanDefinitions] - Loading XML bean definitions from URL [file:/C:/Develop/IdeaWorkPlace/MyWeb/target/classes/spring/applicationContext.xml]
2019-01-13 15:43:26.843 [main] INFO [org.springframework.context.support.AbstractApplicationContext.prepareRefresh] - Refreshing org.springframework.context.support.GenericApplicationContext@72057ecf: startup date [Sun Jan 13 15:43:26 CST 2019]; root of context hierarchy
2019-01-13 15:43:27.954 [main] INFO [com.alibaba.druid.support.logging.Log4j2Impl.info] - {dataSource-1} inited
2019-01-13 15:43:28.222 [Thread-1] INFO [org.springframework.context.support.AbstractApplicationContext.doClose] - Closing org.springframework.context.support.GenericApplicationContext@72057ecf: startup date [Sun Jan 13 15:43:26 CST 2019]; root of context hierarchy
2019-01-13 15:43:28.229 [Thread-1] INFO [com.alibaba.druid.support.logging.Log4j2Impl.info] - {dataSource-1} closed
2019-01-13 15:44:48.627 [main] INFO [org.springframework.test.context.TestContextManager.retrieveTestExecutionListeners] - @TestExecutionListeners is not present for class [class com.springbasetest.TestMybatis]: using defaults.
2019-01-13 15:44:48.884 [main] INFO [org.springframework.beans.factory.xml.XmlBeanDefinitionReader.loadBeanDefinitions] - Loading XML bean definitions from class path resource [spring/spring-mybatis.xml]
2019-01-13 15:44:49.248 [main] INFO [org.springframework.beans.factory.xml.XmlBeanDefinitionReader.loadBeanDefinitions] - Loading XML bean definitions from URL [file:/C:/Develop/IdeaWorkPlace/MyWeb/target/classes/spring/applicationContext.xml]
2019-01-13 15:44:50.703 [main] INFO [org.springframework.context.support.AbstractApplicationContext.prepareRefresh] - Refreshing org.springframework.context.support.GenericApplicationContext@72057ecf: startup date [Sun Jan 13 15:44:50 CST 2019]; root of context hierarchy
2019-01-13 15:44:51.505 [main] WARN [org.springframework.context.support.AbstractApplicationContext.refresh] - Exception encountered during context initialization - cancelling refresh attempt: org.springframework.beans.factory.BeanCreationException: Error creating bean with name 'sqlSessionFactory2' defined in class path resource [spring/spring-mybatis.xml]: Invocation of init method failed; nested exception is org.springframework.core.NestedIOException: Failed to parse mapping resource: 'file [C:\Develop\IdeaWorkPlace\MyWeb\target\classes\com\project\dao\impl\TeacherMapper.xml]'; nested exception is org.apache.ibatis.builder.BuilderException: Error parsing Mapper XML. Cause: org.apache.ibatis.builder.BuilderException: Error resolving class. Cause: org.apache.ibatis.type.TypeException: Could not resolve type alias 'import java.util.List;'.  Cause: java.lang.ClassNotFoundException: Cannot find class: import java.util.List;
2019-01-13 15:45:24.612 [main] INFO [org.springframework.test.context.TestContextManager.retrieveTestExecutionListeners] - @TestExecutionListeners is not present for class [class com.springbasetest.TestMybatis]: using defaults.
2019-01-13 15:45:24.800 [main] INFO [org.springframework.beans.factory.xml.XmlBeanDefinitionReader.loadBeanDefinitions] - Loading XML bean definitions from class path resource [spring/spring-mybatis.xml]
2019-01-13 15:45:25.054 [main] INFO [org.springframework.beans.factory.xml.XmlBeanDefinitionReader.loadBeanDefinitions] - Loading XML bean definitions from URL [file:/C:/Develop/IdeaWorkPlace/MyWeb/target/classes/spring/applicationContext.xml]
2019-01-13 15:45:26.520 [main] INFO [org.springframework.context.support.AbstractApplicationContext.prepareRefresh] - Refreshing org.springframework.context.support.GenericApplicationContext@72057ecf: startup date [Sun Jan 13 15:45:26 CST 2019]; root of context hierarchy
2019-01-13 15:45:27.715 [main] INFO [com.alibaba.druid.support.logging.Log4j2Impl.info] - {dataSource-1} inited
2019-01-13 15:45:27.998 [Thread-1] INFO [org.springframework.context.support.AbstractApplicationContext.doClose] - Closing org.springframework.context.support.GenericApplicationContext@72057ecf: startup date [Sun Jan 13 15:45:26 CST 2019]; root of context hierarchy
2019-01-13 15:45:28.002 [Thread-1] INFO [com.alibaba.druid.support.logging.Log4j2Impl.info] - {dataSource-1} closed
2019-01-13 15:45:36.729 [main] INFO [org.springframework.test.context.TestContextManager.retrieveTestExecutionListeners] - @TestExecutionListeners is not present for class [class com.springbasetest.TestMybatis]: using defaults.
2019-01-13 15:45:36.903 [main] INFO [org.springframework.beans.factory.xml.XmlBeanDefinitionReader.loadBeanDefinitions] - Loading XML bean definitions from class path resource [spring/spring-mybatis.xml]
2019-01-13 15:45:37.166 [main] INFO [org.springframework.beans.factory.xml.XmlBeanDefinitionReader.loadBeanDefinitions] - Loading XML bean definitions from URL [file:/C:/Develop/IdeaWorkPlace/MyWeb/target/classes/spring/applicationContext.xml]
2019-01-13 15:45:38.867 [main] INFO [org.springframework.context.support.AbstractApplicationContext.prepareRefresh] - Refreshing org.springframework.context.support.GenericApplicationContext@72057ecf: startup date [Sun Jan 13 15:45:38 CST 2019]; root of context hierarchy
2019-01-13 15:45:40.056 [main] INFO [com.alibaba.druid.support.logging.Log4j2Impl.info] - {dataSource-1} inited
2019-01-13 15:45:40.340 [Thread-1] INFO [org.springframework.context.support.AbstractApplicationContext.doClose] - Closing org.springframework.context.support.GenericApplicationContext@72057ecf: startup date [Sun Jan 13 15:45:38 CST 2019]; root of context hierarchy
2019-01-13 15:45:40.346 [Thread-1] INFO [com.alibaba.druid.support.logging.Log4j2Impl.info] - {dataSource-1} closed
2019-01-13 15:47:39.553 [main] INFO [org.springframework.test.context.TestContextManager.retrieveTestExecutionListeners] - @TestExecutionListeners is not present for class [class com.springbasetest.TestMybatis]: using defaults.
2019-01-13 15:47:39.731 [main] INFO [org.springframework.beans.factory.xml.XmlBeanDefinitionReader.loadBeanDefinitions] - Loading XML bean definitions from class path resource [spring/spring-mybatis.xml]
2019-01-13 15:47:40.019 [main] INFO [org.springframework.beans.factory.xml.XmlBeanDefinitionReader.loadBeanDefinitions] - Loading XML bean definitions from URL [file:/C:/Develop/IdeaWorkPlace/MyWeb/target/classes/spring/applicationContext.xml]
2019-01-13 15:47:41.502 [main] INFO [org.springframework.context.support.AbstractApplicationContext.prepareRefresh] - Refreshing org.springframework.context.support.GenericApplicationContext@72057ecf: startup date [Sun Jan 13 15:47:41 CST 2019]; root of context hierarchy
2019-01-13 15:47:42.678 [main] INFO [com.alibaba.druid.support.logging.Log4j2Impl.info] - {dataSource-1} inited
2019-01-13 15:47:42.983 [Thread-1] INFO [org.springframework.context.support.AbstractApplicationContext.doClose] - Closing org.springframework.context.support.GenericApplicationContext@72057ecf: startup date [Sun Jan 13 15:47:41 CST 2019]; root of context hierarchy
2019-01-13 15:47:42.989 [Thread-1] INFO [com.alibaba.druid.support.logging.Log4j2Impl.info] - {dataSource-1} closed
2019-01-13 15:49:55.950 [main] INFO [org.springframework.test.context.TestContextManager.retrieveTestExecutionListeners] - @TestExecutionListeners is not present for class [class com.springbasetest.TestMybatis]: using defaults.
2019-01-13 15:49:56.123 [main] INFO [org.springframework.beans.factory.xml.XmlBeanDefinitionReader.loadBeanDefinitions] - Loading XML bean definitions from class path resource [spring/spring-mybatis.xml]
2019-01-13 15:49:56.415 [main] INFO [org.springframework.beans.factory.xml.XmlBeanDefinitionReader.loadBeanDefinitions] - Loading XML bean definitions from URL [file:/C:/Develop/IdeaWorkPlace/MyWeb/target/classes/spring/applicationContext.xml]
2019-01-13 15:49:58.174 [main] INFO [org.springframework.context.support.AbstractApplicationContext.prepareRefresh] - Refreshing org.springframework.context.support.GenericApplicationContext@72057ecf: startup date [Sun Jan 13 15:49:58 CST 2019]; root of context hierarchy
2019-01-13 15:49:59.393 [main] INFO [com.alibaba.druid.support.logging.Log4j2Impl.info] - {dataSource-1} inited
2019-01-13 15:49:59.769 [Thread-1] INFO [org.springframework.context.support.AbstractApplicationContext.doClose] - Closing org.springframework.context.support.GenericApplicationContext@72057ecf: startup date [Sun Jan 13 15:49:58 CST 2019]; root of context hierarchy
2019-01-13 15:49:59.777 [Thread-1] INFO [com.alibaba.druid.support.logging.Log4j2Impl.info] - {dataSource-1} closed
2019-01-13 15:50:18.847 [main] INFO [org.springframework.test.context.TestContextManager.retrieveTestExecutionListeners] - @TestExecutionListeners is not present for class [class com.springbasetest.TestMybatis]: using defaults.
2019-01-13 15:50:19.026 [main] INFO [org.springframework.beans.factory.xml.XmlBeanDefinitionReader.loadBeanDefinitions] - Loading XML bean definitions from class path resource [spring/spring-mybatis.xml]
2019-01-13 15:50:19.298 [main] INFO [org.springframework.beans.factory.xml.XmlBeanDefinitionReader.loadBeanDefinitions] - Loading XML bean definitions from URL [file:/C:/Develop/IdeaWorkPlace/MyWeb/target/classes/spring/applicationContext.xml]
2019-01-13 15:50:20.720 [main] INFO [org.springframework.context.support.AbstractApplicationContext.prepareRefresh] - Refreshing org.springframework.context.support.GenericApplicationContext@72057ecf: startup date [Sun Jan 13 15:50:20 CST 2019]; root of context hierarchy
2019-01-13 15:50:21.923 [main] INFO [com.alibaba.druid.support.logging.Log4j2Impl.info] - {dataSource-1} inited
2019-01-13 15:50:22.237 [Thread-1] INFO [org.springframework.context.support.AbstractApplicationContext.doClose] - Closing org.springframework.context.support.GenericApplicationContext@72057ecf: startup date [Sun Jan 13 15:50:20 CST 2019]; root of context hierarchy
2019-01-13 15:50:22.244 [Thread-1] INFO [com.alibaba.druid.support.logging.Log4j2Impl.info] - {dataSource-1} closed
2019-01-13 15:51:14.852 [main] INFO [org.springframework.test.context.TestContextManager.retrieveTestExecutionListeners] - @TestExecutionListeners is not present for class [class com.springbasetest.TestMybatis]: using defaults.
2019-01-13 15:51:15.035 [main] INFO [org.springframework.beans.factory.xml.XmlBeanDefinitionReader.loadBeanDefinitions] - Loading XML bean definitions from class path resource [spring/spring-mybatis.xml]
2019-01-13 15:51:15.295 [main] INFO [org.springframework.beans.factory.xml.XmlBeanDefinitionReader.loadBeanDefinitions] - Loading XML bean definitions from URL [file:/C:/Develop/IdeaWorkPlace/MyWeb/target/classes/spring/applicationContext.xml]
2019-01-13 15:51:16.754 [main] INFO [org.springframework.context.support.AbstractApplicationContext.prepareRefresh] - Refreshing org.springframework.context.support.GenericApplicationContext@72057ecf: startup date [Sun Jan 13 15:51:16 CST 2019]; root of context hierarchy
2019-01-13 15:51:17.994 [main] INFO [com.alibaba.druid.support.logging.Log4j2Impl.info] - {dataSource-1} inited
2019-01-13 15:51:18.330 [Thread-1] INFO [org.springframework.context.support.AbstractApplicationContext.doClose] - Closing org.springframework.context.support.GenericApplicationContext@72057ecf: startup date [Sun Jan 13 15:51:16 CST 2019]; root of context hierarchy
2019-01-13 15:51:18.336 [Thread-1] INFO [com.alibaba.druid.support.logging.Log4j2Impl.info] - {dataSource-1} closed
2019-01-13 15:51:57.647 [main] INFO [org.springframework.test.context.TestContextManager.retrieveTestExecutionListeners] - @TestExecutionListeners is not present for class [class com.springbasetest.TestMybatis]: using defaults.
2019-01-13 15:51:57.840 [main] INFO [org.springframework.beans.factory.xml.XmlBeanDefinitionReader.loadBeanDefinitions] - Loading XML bean definitions from class path resource [spring/spring-mybatis.xml]
2019-01-13 15:51:58.129 [main] INFO [org.springframework.beans.factory.xml.XmlBeanDefinitionReader.loadBeanDefinitions] - Loading XML bean definitions from URL [file:/C:/Develop/IdeaWorkPlace/MyWeb/target/classes/spring/applicationContext.xml]
2019-01-13 15:51:59.789 [main] INFO [org.springframework.context.support.AbstractApplicationContext.prepareRefresh] - Refreshing org.springframework.context.support.GenericApplicationContext@72057ecf: startup date [Sun Jan 13 15:51:59 CST 2019]; root of context hierarchy
2019-01-13 15:52:00.948 [main] INFO [com.alibaba.druid.support.logging.Log4j2Impl.info] - {dataSource-1} inited
2019-01-13 15:52:01.207 [Thread-1] INFO [org.springframework.context.support.AbstractApplicationContext.doClose] - Closing org.springframework.context.support.GenericApplicationContext@72057ecf: startup date [Sun Jan 13 15:51:59 CST 2019]; root of context hierarchy
2019-01-13 15:52:01.214 [Thread-1] INFO [com.alibaba.druid.support.logging.Log4j2Impl.info] - {dataSource-1} closed
2019-01-13 15:52:18.544 [main] INFO [org.springframework.test.context.TestContextManager.retrieveTestExecutionListeners] - @TestExecutionListeners is not present for class [class com.springbasetest.TestMybatis]: using defaults.
2019-01-13 15:52:18.715 [main] INFO [org.springframework.beans.factory.xml.XmlBeanDefinitionReader.loadBeanDefinitions] - Loading XML bean definitions from class path resource [spring/spring-mybatis.xml]
2019-01-13 15:52:18.993 [main] INFO [org.springframework.beans.factory.xml.XmlBeanDefinitionReader.loadBeanDefinitions] - Loading XML bean definitions from URL [file:/C:/Develop/IdeaWorkPlace/MyWeb/target/classes/spring/applicationContext.xml]
2019-01-13 15:52:20.508 [main] INFO [org.springframework.context.support.AbstractApplicationContext.prepareRefresh] - Refreshing org.springframework.context.support.GenericApplicationContext@72057ecf: startup date [Sun Jan 13 15:52:20 CST 2019]; root of context hierarchy
2019-01-13 15:52:21.658 [main] INFO [com.alibaba.druid.support.logging.Log4j2Impl.info] - {dataSource-1} inited
2019-01-13 15:52:21.911 [Thread-1] INFO [org.springframework.context.support.AbstractApplicationContext.doClose] - Closing org.springframework.context.support.GenericApplicationContext@72057ecf: startup date [Sun Jan 13 15:52:20 CST 2019]; root of context hierarchy
2019-01-13 15:52:21.917 [Thread-1] INFO [com.alibaba.druid.support.logging.Log4j2Impl.info] - {dataSource-1} closed
2019-01-13 15:53:28.826 [main] INFO [org.springframework.test.context.TestContextManager.retrieveTestExecutionListeners] - @TestExecutionListeners is not present for class [class com.springbasetest.TestMybatis]: using defaults.
2019-01-13 15:53:28.981 [main] INFO [org.springframework.beans.factory.xml.XmlBeanDefinitionReader.loadBeanDefinitions] - Loading XML bean definitions from class path resource [spring/spring-mybatis.xml]
2019-01-13 15:53:29.241 [main] INFO [org.springframework.beans.factory.xml.XmlBeanDefinitionReader.loadBeanDefinitions] - Loading XML bean definitions from URL [file:/C:/Develop/IdeaWorkPlace/MyWeb/target/classes/spring/applicationContext.xml]
2019-01-13 15:53:30.791 [main] INFO [org.springframework.context.support.AbstractApplicationContext.prepareRefresh] - Refreshing org.springframework.context.support.GenericApplicationContext@72057ecf: startup date [Sun Jan 13 15:53:30 CST 2019]; root of context hierarchy
2019-01-13 15:53:31.984 [main] INFO [com.alibaba.druid.support.logging.Log4j2Impl.info] - {dataSource-1} inited
2019-01-13 15:53:32.277 [main] INFO [org.springframework.beans.factory.xml.XmlBeanDefinitionReader.loadBeanDefinitions] - Loading XML bean definitions from class path resource [org/springframework/jdbc/support/sql-error-codes.xml]
2019-01-13 15:53:32.307 [main] INFO [org.springframework.jdbc.support.SQLErrorCodesFactory.<init>] - SQLErrorCodes loaded: [DB2, Derby, H2, HSQL, Informix, MS-SQL, MySQL, Oracle, PostgreSQL, Sybase, Hana]
2019-01-13 15:53:32.332 [Thread-1] INFO [org.springframework.context.support.AbstractApplicationContext.doClose] - Closing org.springframework.context.support.GenericApplicationContext@72057ecf: startup date [Sun Jan 13 15:53:30 CST 2019]; root of context hierarchy
2019-01-13 15:53:32.340 [Thread-1] INFO [com.alibaba.druid.support.logging.Log4j2Impl.info] - {dataSource-1} closed
2019-01-13 15:53:54.039 [main] INFO [org.springframework.test.context.TestContextManager.retrieveTestExecutionListeners] - @TestExecutionListeners is not present for class [class com.springbasetest.TestMybatis]: using defaults.
2019-01-13 15:53:54.203 [main] INFO [org.springframework.beans.factory.xml.XmlBeanDefinitionReader.loadBeanDefinitions] - Loading XML bean definitions from class path resource [spring/spring-mybatis.xml]
2019-01-13 15:53:54.478 [main] INFO [org.springframework.beans.factory.xml.XmlBeanDefinitionReader.loadBeanDefinitions] - Loading XML bean definitions from URL [file:/C:/Develop/IdeaWorkPlace/MyWeb/target/classes/spring/applicationContext.xml]
2019-01-13 15:53:56.163 [main] INFO [org.springframework.context.support.AbstractApplicationContext.prepareRefresh] - Refreshing org.springframework.context.support.GenericApplicationContext@72057ecf: startup date [Sun Jan 13 15:53:56 CST 2019]; root of context hierarchy
2019-01-13 15:53:57.303 [main] INFO [com.alibaba.druid.support.logging.Log4j2Impl.info] - {dataSource-1} inited
2019-01-13 15:53:57.586 [Thread-1] INFO [org.springframework.context.support.AbstractApplicationContext.doClose] - Closing org.springframework.context.support.GenericApplicationContext@72057ecf: startup date [Sun Jan 13 15:53:56 CST 2019]; root of context hierarchy
2019-01-13 15:53:57.593 [Thread-1] INFO [com.alibaba.druid.support.logging.Log4j2Impl.info] - {dataSource-1} closed
