2019-04-20 12:27:03.725 [main] INFO [org.springframework.test.context.TestContextManager.retrieveTestExecutionListeners] - @TestExecutionListeners is not present for class [class com.springbasetest.TestMybatis]: using defaults.
2019-04-20 12:27:03.949 [main] INFO [org.springframework.beans.factory.xml.XmlBeanDefinitionReader.loadBeanDefinitions] - Loading XML bean definitions from class path resource [spring/spring-mybatis.xml]
2019-04-20 12:27:04.309 [main] INFO [org.springframework.beans.factory.xml.XmlBeanDefinitionReader.loadBeanDefinitions] - Loading XML bean definitions from URL [file:/C:/Develop/IdeaWorkPlace/MyWeb/target/classes/spring/applicationContext.xml]
2019-04-20 12:27:04.391 [main] INFO [org.springframework.beans.factory.xml.XmlBeanDefinitionReader.loadBeanDefinitions] - Loading XML bean definitions from class path resource [spring/spring-mybatis.xml]
2019-04-20 12:27:04.428 [main] INFO [org.springframework.context.support.AbstractApplicationContext.prepareRefresh] - Refreshing org.springframework.context.support.GenericApplicationContext@498d318c: startup date [Sat Apr 20 12:27:04 CST 2019]; root of context hierarchy
2019-04-20 12:27:04.676 [main] WARN [org.mybatis.spring.mapper.ClassPathMapperScanner.checkCandidate] - Skipping MapperFactoryBean with name 'teacherMapper' and 'com.project.dao.TeacherMapper' mapperInterface. Bean already defined with the same name!
2019-04-20 12:27:04.676 [main] WARN [org.mybatis.spring.mapper.ClassPathMapperScanner.doScan] - No MyBatis mapper was found in '[com.project.dao]' package. Please check your configuration.
2019-04-20 12:27:05.035 [main] INFO [com.alibaba.druid.support.logging.Log4j2Impl.info] - {dataSource-1} inited
2019-04-20 12:27:05.539 [Thread-1] INFO [org.springframework.context.support.AbstractApplicationContext.doClose] - Closing org.springframework.context.support.GenericApplicationContext@498d318c: startup date [Sat Apr 20 12:27:04 CST 2019]; root of context hierarchy
2019-04-20 12:27:05.541 [Thread-1] INFO [com.alibaba.druid.support.logging.Log4j2Impl.info] - {dataSource-1} closed
2019-04-20 12:27:49.059 [main] INFO [org.springframework.test.context.TestContextManager.retrieveTestExecutionListeners] - @TestExecutionListeners is not present for class [class com.springbasetest.TestMybatis]: using defaults.
2019-04-20 12:27:49.199 [main] INFO [org.springframework.beans.factory.xml.XmlBeanDefinitionReader.loadBeanDefinitions] - Loading XML bean definitions from class path resource [spring/spring-mybatis.xml]
2019-04-20 12:27:49.461 [main] INFO [org.springframework.beans.factory.xml.XmlBeanDefinitionReader.loadBeanDefinitions] - Loading XML bean definitions from URL [file:/C:/Develop/IdeaWorkPlace/MyWeb/target/classes/spring/applicationContext.xml]
2019-04-20 12:27:49.523 [main] INFO [org.springframework.beans.factory.xml.XmlBeanDefinitionReader.loadBeanDefinitions] - Loading XML bean definitions from class path resource [spring/spring-mybatis.xml]
2019-04-20 12:27:49.560 [main] INFO [org.springframework.context.support.AbstractApplicationContext.prepareRefresh] - Refreshing org.springframework.context.support.GenericApplicationContext@72057ecf: startup date [Sat Apr 20 12:27:49 CST 2019]; root of context hierarchy
2019-04-20 12:27:49.730 [main] WARN [org.mybatis.spring.mapper.ClassPathMapperScanner.checkCandidate] - Skipping MapperFactoryBean with name 'teacherMapper' and 'com.project.dao.TeacherMapper' mapperInterface. Bean already defined with the same name!
2019-04-20 12:27:49.731 [main] WARN [org.mybatis.spring.mapper.ClassPathMapperScanner.doScan] - No MyBatis mapper was found in '[com.project.dao]' package. Please check your configuration.
2019-04-20 12:27:49.982 [main] INFO [com.alibaba.druid.support.logging.Log4j2Impl.info] - {dataSource-1} inited
2019-04-20 12:27:50.875 [Thread-1] INFO [org.springframework.context.support.AbstractApplicationContext.doClose] - Closing org.springframework.context.support.GenericApplicationContext@72057ecf: startup date [Sat Apr 20 12:27:49 CST 2019]; root of context hierarchy
2019-04-20 12:27:50.880 [Thread-1] INFO [com.alibaba.druid.support.logging.Log4j2Impl.info] - {dataSource-1} closed
2019-04-20 12:28:30.409 [main] INFO [org.springframework.test.context.TestContextManager.retrieveTestExecutionListeners] - @TestExecutionListeners is not present for class [class com.springbasetest.TestMybatis]: using defaults.
2019-04-20 12:28:30.570 [main] INFO [org.springframework.beans.factory.xml.XmlBeanDefinitionReader.loadBeanDefinitions] - Loading XML bean definitions from class path resource [spring/spring-mybatis.xml]
2019-04-20 12:28:30.838 [main] INFO [org.springframework.beans.factory.xml.XmlBeanDefinitionReader.loadBeanDefinitions] - Loading XML bean definitions from URL [file:/C:/Develop/IdeaWorkPlace/MyWeb/target/classes/spring/applicationContext.xml]
2019-04-20 12:28:30.920 [main] INFO [org.springframework.beans.factory.xml.XmlBeanDefinitionReader.loadBeanDefinitions] - Loading XML bean definitions from class path resource [spring/spring-mybatis.xml]
2019-04-20 12:28:30.962 [main] INFO [org.springframework.context.support.AbstractApplicationContext.prepareRefresh] - Refreshing org.springframework.context.support.GenericApplicationContext@72057ecf: startup date [Sat Apr 20 12:28:30 CST 2019]; root of context hierarchy
2019-04-20 12:28:31.170 [main] WARN [org.mybatis.spring.mapper.ClassPathMapperScanner.checkCandidate] - Skipping MapperFactoryBean with name 'teacherMapper' and 'com.project.dao.TeacherMapper' mapperInterface. Bean already defined with the same name!
2019-04-20 12:28:31.170 [main] WARN [org.mybatis.spring.mapper.ClassPathMapperScanner.doScan] - No MyBatis mapper was found in '[com.project.dao]' package. Please check your configuration.
2019-04-20 12:28:31.443 [main] INFO [com.alibaba.druid.support.logging.Log4j2Impl.info] - {dataSource-1} inited
2019-04-20 12:28:32.274 [Thread-1] INFO [org.springframework.context.support.AbstractApplicationContext.doClose] - Closing org.springframework.context.support.GenericApplicationContext@72057ecf: startup date [Sat Apr 20 12:28:30 CST 2019]; root of context hierarchy
2019-04-20 12:28:32.279 [Thread-1] INFO [com.alibaba.druid.support.logging.Log4j2Impl.info] - {dataSource-1} closed
2019-04-20 12:29:04.595 [main] INFO [org.springframework.test.context.TestContextManager.retrieveTestExecutionListeners] - @TestExecutionListeners is not present for class [class com.springbasetest.TestMybatis]: using defaults.
2019-04-20 12:29:04.751 [main] INFO [org.springframework.beans.factory.xml.XmlBeanDefinitionReader.loadBeanDefinitions] - Loading XML bean definitions from class path resource [spring/spring-mybatis.xml]
2019-04-20 12:29:05.023 [main] INFO [org.springframework.beans.factory.xml.XmlBeanDefinitionReader.loadBeanDefinitions] - Loading XML bean definitions from URL [file:/C:/Develop/IdeaWorkPlace/MyWeb/target/classes/spring/applicationContext.xml]
2019-04-20 12:29:05.103 [main] INFO [org.springframework.beans.factory.xml.XmlBeanDefinitionReader.loadBeanDefinitions] - Loading XML bean definitions from class path resource [spring/spring-mybatis.xml]
2019-04-20 12:29:05.142 [main] INFO [org.springframework.context.support.AbstractApplicationContext.prepareRefresh] - Refreshing org.springframework.context.support.GenericApplicationContext@72057ecf: startup date [Sat Apr 20 12:29:05 CST 2019]; root of context hierarchy
2019-04-20 12:29:05.309 [main] WARN [org.mybatis.spring.mapper.ClassPathMapperScanner.checkCandidate] - Skipping MapperFactoryBean with name 'teacherMapper' and 'com.project.dao.TeacherMapper' mapperInterface. Bean already defined with the same name!
2019-04-20 12:29:05.310 [main] WARN [org.mybatis.spring.mapper.ClassPathMapperScanner.doScan] - No MyBatis mapper was found in '[com.project.dao]' package. Please check your configuration.
2019-04-20 12:29:05.592 [main] INFO [com.alibaba.druid.support.logging.Log4j2Impl.info] - {dataSource-1} inited
2019-04-20 12:29:06.468 [Thread-1] INFO [org.springframework.context.support.AbstractApplicationContext.doClose] - Closing org.springframework.context.support.GenericApplicationContext@72057ecf: startup date [Sat Apr 20 12:29:05 CST 2019]; root of context hierarchy
2019-04-20 12:29:06.472 [Thread-1] INFO [com.alibaba.druid.support.logging.Log4j2Impl.info] - {dataSource-1} closed
2019-04-20 12:33:04.821 [main] INFO [org.springframework.test.context.TestContextManager.retrieveTestExecutionListeners] - @TestExecutionListeners is not present for class [class com.springbasetest.TestMybatis]: using defaults.
2019-04-20 12:33:04.961 [main] INFO [org.springframework.beans.factory.xml.XmlBeanDefinitionReader.loadBeanDefinitions] - Loading XML bean definitions from class path resource [spring/spring-mybatis.xml]
2019-04-20 12:33:05.234 [main] INFO [org.springframework.beans.factory.xml.XmlBeanDefinitionReader.loadBeanDefinitions] - Loading XML bean definitions from URL [file:/C:/Develop/IdeaWorkPlace/MyWeb/target/classes/spring/applicationContext.xml]
2019-04-20 12:33:05.301 [main] INFO [org.springframework.beans.factory.xml.XmlBeanDefinitionReader.loadBeanDefinitions] - Loading XML bean definitions from class path resource [spring/spring-mybatis.xml]
2019-04-20 12:33:05.332 [main] INFO [org.springframework.context.support.AbstractApplicationContext.prepareRefresh] - Refreshing org.springframework.context.support.GenericApplicationContext@72057ecf: startup date [Sat Apr 20 12:33:05 CST 2019]; root of context hierarchy
2019-04-20 12:33:05.518 [main] WARN [org.mybatis.spring.mapper.ClassPathMapperScanner.checkCandidate] - Skipping MapperFactoryBean with name 'teacherMapper' and 'com.project.dao.TeacherMapper' mapperInterface. Bean already defined with the same name!
2019-04-20 12:33:05.518 [main] WARN [org.mybatis.spring.mapper.ClassPathMapperScanner.doScan] - No MyBatis mapper was found in '[com.project.dao]' package. Please check your configuration.
2019-04-20 12:33:05.764 [main] INFO [com.alibaba.druid.support.logging.Log4j2Impl.info] - {dataSource-1} inited
2019-04-20 12:33:06.610 [Thread-1] INFO [org.springframework.context.support.AbstractApplicationContext.doClose] - Closing org.springframework.context.support.GenericApplicationContext@72057ecf: startup date [Sat Apr 20 12:33:05 CST 2019]; root of context hierarchy
2019-04-20 12:33:06.615 [Thread-1] INFO [com.alibaba.druid.support.logging.Log4j2Impl.info] - {dataSource-1} closed
2019-04-20 12:33:39.251 [main] INFO [org.springframework.test.context.TestContextManager.retrieveTestExecutionListeners] - @TestExecutionListeners is not present for class [class com.springbasetest.TestMybatis]: using defaults.
2019-04-20 12:33:39.434 [main] INFO [org.springframework.beans.factory.xml.XmlBeanDefinitionReader.loadBeanDefinitions] - Loading XML bean definitions from class path resource [spring/spring-mybatis.xml]
2019-04-20 12:33:39.757 [main] INFO [org.springframework.beans.factory.xml.XmlBeanDefinitionReader.loadBeanDefinitions] - Loading XML bean definitions from URL [file:/C:/Develop/IdeaWorkPlace/MyWeb/target/classes/spring/applicationContext.xml]
2019-04-20 12:33:39.850 [main] INFO [org.springframework.beans.factory.xml.XmlBeanDefinitionReader.loadBeanDefinitions] - Loading XML bean definitions from class path resource [spring/spring-mybatis.xml]
2019-04-20 12:33:39.899 [main] INFO [org.springframework.context.support.AbstractApplicationContext.prepareRefresh] - Refreshing org.springframework.context.support.GenericApplicationContext@72057ecf: startup date [Sat Apr 20 12:33:39 CST 2019]; root of context hierarchy
2019-04-20 12:33:40.097 [main] WARN [org.mybatis.spring.mapper.ClassPathMapperScanner.checkCandidate] - Skipping MapperFactoryBean with name 'teacherMapper' and 'com.project.dao.TeacherMapper' mapperInterface. Bean already defined with the same name!
2019-04-20 12:33:40.097 [main] WARN [org.mybatis.spring.mapper.ClassPathMapperScanner.doScan] - No MyBatis mapper was found in '[com.project.dao]' package. Please check your configuration.
2019-04-20 12:33:40.338 [main] INFO [com.alibaba.druid.support.logging.Log4j2Impl.info] - {dataSource-1} inited
2019-04-20 12:33:41.186 [Thread-1] INFO [org.springframework.context.support.AbstractApplicationContext.doClose] - Closing org.springframework.context.support.GenericApplicationContext@72057ecf: startup date [Sat Apr 20 12:33:39 CST 2019]; root of context hierarchy
2019-04-20 12:33:41.193 [Thread-1] INFO [com.alibaba.druid.support.logging.Log4j2Impl.info] - {dataSource-1} closed
2019-04-20 12:34:20.851 [main] INFO [org.springframework.test.context.TestContextManager.retrieveTestExecutionListeners] - @TestExecutionListeners is not present for class [class com.springbasetest.TestMybatis]: using defaults.
2019-04-20 12:34:21.062 [main] INFO [org.springframework.beans.factory.xml.XmlBeanDefinitionReader.loadBeanDefinitions] - Loading XML bean definitions from class path resource [spring/spring-mybatis.xml]
2019-04-20 12:34:21.387 [main] INFO [org.springframework.beans.factory.xml.XmlBeanDefinitionReader.loadBeanDefinitions] - Loading XML bean definitions from URL [file:/C:/Develop/IdeaWorkPlace/MyWeb/target/classes/spring/applicationContext.xml]
2019-04-20 12:34:21.458 [main] INFO [org.springframework.beans.factory.xml.XmlBeanDefinitionReader.loadBeanDefinitions] - Loading XML bean definitions from class path resource [spring/spring-mybatis.xml]
2019-04-20 12:34:21.489 [main] INFO [org.springframework.context.support.AbstractApplicationContext.prepareRefresh] - Refreshing org.springframework.context.support.GenericApplicationContext@72057ecf: startup date [Sat Apr 20 12:34:21 CST 2019]; root of context hierarchy
2019-04-20 12:34:21.685 [main] WARN [org.mybatis.spring.mapper.ClassPathMapperScanner.checkCandidate] - Skipping MapperFactoryBean with name 'teacherMapper' and 'com.project.dao.TeacherMapper' mapperInterface. Bean already defined with the same name!
2019-04-20 12:34:21.685 [main] WARN [org.mybatis.spring.mapper.ClassPathMapperScanner.doScan] - No MyBatis mapper was found in '[com.project.dao]' package. Please check your configuration.
2019-04-20 12:34:21.945 [main] INFO [com.alibaba.druid.support.logging.Log4j2Impl.info] - {dataSource-1} inited
2019-04-20 12:34:22.818 [Thread-1] INFO [org.springframework.context.support.AbstractApplicationContext.doClose] - Closing org.springframework.context.support.GenericApplicationContext@72057ecf: startup date [Sat Apr 20 12:34:21 CST 2019]; root of context hierarchy
2019-04-20 12:34:22.823 [Thread-1] INFO [com.alibaba.druid.support.logging.Log4j2Impl.info] - {dataSource-1} closed
2019-04-20 12:35:39.944 [main] INFO [org.springframework.test.context.TestContextManager.retrieveTestExecutionListeners] - @TestExecutionListeners is not present for class [class com.springbasetest.TestMybatis]: using defaults.
2019-04-20 12:35:40.119 [main] INFO [org.springframework.beans.factory.xml.XmlBeanDefinitionReader.loadBeanDefinitions] - Loading XML bean definitions from class path resource [spring/spring-mybatis.xml]
2019-04-20 12:35:40.379 [main] INFO [org.springframework.beans.factory.xml.XmlBeanDefinitionReader.loadBeanDefinitions] - Loading XML bean definitions from URL [file:/C:/Develop/IdeaWorkPlace/MyWeb/target/classes/spring/applicationContext.xml]
2019-04-20 12:35:40.455 [main] INFO [org.springframework.beans.factory.xml.XmlBeanDefinitionReader.loadBeanDefinitions] - Loading XML bean definitions from class path resource [spring/spring-mybatis.xml]
2019-04-20 12:35:40.496 [main] INFO [org.springframework.context.support.AbstractApplicationContext.prepareRefresh] - Refreshing org.springframework.context.support.GenericApplicationContext@72057ecf: startup date [Sat Apr 20 12:35:40 CST 2019]; root of context hierarchy
2019-04-20 12:35:40.674 [main] WARN [org.mybatis.spring.mapper.ClassPathMapperScanner.checkCandidate] - Skipping MapperFactoryBean with name 'teacherMapper' and 'com.project.dao.TeacherMapper' mapperInterface. Bean already defined with the same name!
2019-04-20 12:35:40.675 [main] WARN [org.mybatis.spring.mapper.ClassPathMapperScanner.doScan] - No MyBatis mapper was found in '[com.project.dao]' package. Please check your configuration.
2019-04-20 12:35:40.910 [main] INFO [com.alibaba.druid.support.logging.Log4j2Impl.info] - {dataSource-1} inited
2019-04-20 12:35:41.793 [Thread-1] INFO [org.springframework.context.support.AbstractApplicationContext.doClose] - Closing org.springframework.context.support.GenericApplicationContext@72057ecf: startup date [Sat Apr 20 12:35:40 CST 2019]; root of context hierarchy
2019-04-20 12:35:41.799 [Thread-1] INFO [com.alibaba.druid.support.logging.Log4j2Impl.info] - {dataSource-1} closed
2019-04-20 12:36:04.864 [main] INFO [org.springframework.test.context.TestContextManager.retrieveTestExecutionListeners] - @TestExecutionListeners is not present for class [class com.springbasetest.TestMybatis]: using defaults.
2019-04-20 12:36:05.014 [main] INFO [org.springframework.beans.factory.xml.XmlBeanDefinitionReader.loadBeanDefinitions] - Loading XML bean definitions from class path resource [spring/spring-mybatis.xml]
2019-04-20 12:36:05.333 [main] INFO [org.springframework.beans.factory.xml.XmlBeanDefinitionReader.loadBeanDefinitions] - Loading XML bean definitions from URL [file:/C:/Develop/IdeaWorkPlace/MyWeb/target/classes/spring/applicationContext.xml]
2019-04-20 12:36:05.518 [main] INFO [org.springframework.beans.factory.xml.XmlBeanDefinitionReader.loadBeanDefinitions] - Loading XML bean definitions from class path resource [spring/spring-mybatis.xml]
2019-04-20 12:36:05.558 [main] INFO [org.springframework.context.support.AbstractApplicationContext.prepareRefresh] - Refreshing org.springframework.context.support.GenericApplicationContext@72057ecf: startup date [Sat Apr 20 12:36:05 CST 2019]; root of context hierarchy
2019-04-20 12:36:05.791 [main] WARN [org.mybatis.spring.mapper.ClassPathMapperScanner.checkCandidate] - Skipping MapperFactoryBean with name 'teacherMapper' and 'com.project.dao.TeacherMapper' mapperInterface. Bean already defined with the same name!
2019-04-20 12:36:05.791 [main] WARN [org.mybatis.spring.mapper.ClassPathMapperScanner.doScan] - No MyBatis mapper was found in '[com.project.dao]' package. Please check your configuration.
2019-04-20 12:36:06.074 [main] INFO [com.alibaba.druid.support.logging.Log4j2Impl.info] - {dataSource-1} inited
2019-04-20 12:36:06.929 [Thread-1] INFO [org.springframework.context.support.AbstractApplicationContext.doClose] - Closing org.springframework.context.support.GenericApplicationContext@72057ecf: startup date [Sat Apr 20 12:36:05 CST 2019]; root of context hierarchy
2019-04-20 12:36:06.934 [Thread-1] INFO [com.alibaba.druid.support.logging.Log4j2Impl.info] - {dataSource-1} closed
2019-04-20 12:50:12.748 [main] INFO [org.springframework.test.context.TestContextManager.retrieveTestExecutionListeners] - @TestExecutionListeners is not present for class [class com.springbasetest.TestMybatis]: using defaults.
2019-04-20 12:50:13.011 [main] INFO [org.springframework.beans.factory.xml.XmlBeanDefinitionReader.loadBeanDefinitions] - Loading XML bean definitions from class path resource [spring/spring-mybatis.xml]
2019-04-20 12:50:13.340 [main] INFO [org.springframework.beans.factory.xml.XmlBeanDefinitionReader.loadBeanDefinitions] - Loading XML bean definitions from URL [file:/C:/Develop/IdeaWorkPlace/MyWeb/target/classes/spring/applicationContext.xml]
2019-04-20 12:50:13.408 [main] INFO [org.springframework.beans.factory.xml.XmlBeanDefinitionReader.loadBeanDefinitions] - Loading XML bean definitions from class path resource [spring/spring-mybatis.xml]
2019-04-20 12:50:13.442 [main] INFO [org.springframework.context.support.AbstractApplicationContext.prepareRefresh] - Refreshing org.springframework.context.support.GenericApplicationContext@72057ecf: startup date [Sat Apr 20 12:50:13 CST 2019]; root of context hierarchy
2019-04-20 12:50:13.667 [main] WARN [org.mybatis.spring.mapper.ClassPathMapperScanner.checkCandidate] - Skipping MapperFactoryBean with name 'teacherMapper' and 'com.project.dao.TeacherMapper' mapperInterface. Bean already defined with the same name!
2019-04-20 12:50:13.668 [main] WARN [org.mybatis.spring.mapper.ClassPathMapperScanner.doScan] - No MyBatis mapper was found in '[com.project.dao]' package. Please check your configuration.
2019-04-20 12:50:13.955 [main] INFO [com.alibaba.druid.support.logging.Log4j2Impl.info] - {dataSource-1} inited
2019-04-20 12:50:14.806 [Thread-1] INFO [org.springframework.context.support.AbstractApplicationContext.doClose] - Closing org.springframework.context.support.GenericApplicationContext@72057ecf: startup date [Sat Apr 20 12:50:13 CST 2019]; root of context hierarchy
2019-04-20 12:50:14.811 [Thread-1] INFO [com.alibaba.druid.support.logging.Log4j2Impl.info] - {dataSource-1} closed
2019-04-20 12:52:09.072 [main] INFO [org.springframework.test.context.TestContextManager.retrieveTestExecutionListeners] - @TestExecutionListeners is not present for class [class com.springbasetest.TestMybatis]: using defaults.
2019-04-20 12:52:09.239 [main] INFO [org.springframework.beans.factory.xml.XmlBeanDefinitionReader.loadBeanDefinitions] - Loading XML bean definitions from URL [file:/C:/Develop/IdeaWorkPlace/MyWeb/target/classes/spring/applicationContext.xml]
2019-04-20 12:52:09.643 [main] INFO [org.springframework.beans.factory.xml.XmlBeanDefinitionReader.loadBeanDefinitions] - Loading XML bean definitions from class path resource [spring/spring-mybatis.xml]
2019-04-20 12:52:09.726 [main] INFO [org.springframework.context.support.AbstractApplicationContext.prepareRefresh] - Refreshing org.springframework.context.support.GenericApplicationContext@72057ecf: startup date [Sat Apr 20 12:52:09 CST 2019]; root of context hierarchy
2019-04-20 12:52:10.175 [main] INFO [com.alibaba.druid.support.logging.Log4j2Impl.info] - {dataSource-1} inited
2019-04-20 12:52:10.993 [Thread-1] INFO [org.springframework.context.support.AbstractApplicationContext.doClose] - Closing org.springframework.context.support.GenericApplicationContext@72057ecf: startup date [Sat Apr 20 12:52:09 CST 2019]; root of context hierarchy
2019-04-20 12:52:10.997 [Thread-1] INFO [com.alibaba.druid.support.logging.Log4j2Impl.info] - {dataSource-1} closed
2019-04-20 12:55:47.793 [main] INFO [org.springframework.test.context.TestContextManager.retrieveTestExecutionListeners] - @TestExecutionListeners is not present for class [class com.springbasetest.TestMybatis]: using defaults.
2019-04-20 12:55:48.025 [main] INFO [org.springframework.beans.factory.xml.XmlBeanDefinitionReader.loadBeanDefinitions] - Loading XML bean definitions from class path resource [spring/spring-mybatis.xml]
2019-04-20 12:55:48.293 [main] INFO [org.springframework.beans.factory.xml.XmlBeanDefinitionReader.loadBeanDefinitions] - Loading XML bean definitions from URL [file:/C:/Develop/IdeaWorkPlace/MyWeb/target/classes/spring/applicationContext.xml]
2019-04-20 12:55:48.376 [main] INFO [org.springframework.beans.factory.xml.XmlBeanDefinitionReader.loadBeanDefinitions] - Loading XML bean definitions from class path resource [spring/spring-mybatis.xml,classpath:jdbc/sqlMapConfig.xml]
2019-04-20 12:56:06.325 [main] INFO [org.springframework.test.context.TestContextManager.retrieveTestExecutionListeners] - @TestExecutionListeners is not present for class [class com.springbasetest.TestMybatis]: using defaults.
2019-04-20 12:56:06.560 [main] INFO [org.springframework.beans.factory.xml.XmlBeanDefinitionReader.loadBeanDefinitions] - Loading XML bean definitions from class path resource [spring/spring-mybatis.xml]
2019-04-20 12:56:06.866 [main] INFO [org.springframework.beans.factory.xml.XmlBeanDefinitionReader.loadBeanDefinitions] - Loading XML bean definitions from URL [file:/C:/Develop/IdeaWorkPlace/MyWeb/target/classes/spring/applicationContext.xml]
2019-04-20 12:56:06.930 [main] INFO [org.springframework.beans.factory.xml.XmlBeanDefinitionReader.loadBeanDefinitions] - Loading XML bean definitions from class path resource [spring/spring-mybatis.xml]
2019-04-20 12:56:06.957 [main] INFO [org.springframework.beans.factory.xml.XmlBeanDefinitionReader.loadBeanDefinitions] - Loading XML bean definitions from class path resource [jdbc/sqlMapConfig.xml]
2019-04-20 12:56:59.660 [main] INFO [org.springframework.test.context.TestContextManager.retrieveTestExecutionListeners] - @TestExecutionListeners is not present for class [class com.springbasetest.TestMybatis]: using defaults.
2019-04-20 12:56:59.814 [main] INFO [org.springframework.beans.factory.xml.XmlBeanDefinitionReader.loadBeanDefinitions] - Loading XML bean definitions from class path resource [spring/spring-mybatis.xml]
2019-04-20 12:57:00.072 [main] INFO [org.springframework.beans.factory.xml.XmlBeanDefinitionReader.loadBeanDefinitions] - Loading XML bean definitions from URL [file:/C:/Develop/IdeaWorkPlace/MyWeb/target/classes/spring/applicationContext.xml]
2019-04-20 12:57:00.183 [main] INFO [org.springframework.beans.factory.xml.XmlBeanDefinitionReader.loadBeanDefinitions] - Loading XML bean definitions from class path resource [spring/spring-mybatis.xml]
2019-04-20 12:57:00.228 [main] INFO [org.springframework.beans.factory.xml.XmlBeanDefinitionReader.loadBeanDefinitions] - Loading XML bean definitions from class path resource [jdbc/sqlMapConfig.xml]
