2018-12-24 09:25:07.236 [main] INFO [org.springframework.test.context.TestContextManager.retrieveTestExecutionListeners] - @TestExecutionListeners is not present for class [class com.springbasetest.Test1]: using defaults.
2018-12-24 09:25:07.391 [main] INFO [org.springframework.beans.factory.xml.XmlBeanDefinitionReader.loadBeanDefinitions] - Loading XML bean definitions from class path resource [spring/spring-mybatis.xml]
2018-12-24 09:25:07.592 [main] INFO [org.springframework.beans.factory.xml.XmlBeanDefinitionReader.loadBeanDefinitions] - Loading XML bean definitions from URL [file:/C:/Develop/IdeaWorkPlace/MyWeb/target/classes/spring/applicationContext.xml]
2018-12-24 09:25:09.180 [main] INFO [org.springframework.context.support.AbstractApplicationContext.prepareRefresh] - Refreshing org.springframework.context.support.GenericApplicationContext@1d9b7cce: startup date [Mon Dec 24 09:25:09 CST 2018]; root of context hierarchy
2018-12-24 09:25:09.948 [main] INFO [com.alibaba.druid.support.logging.Log4j2Impl.info] - {dataSource-1} inited
2018-12-24 09:25:10.164 [Thread-2] INFO [org.springframework.context.support.AbstractApplicationContext.doClose] - Closing org.springframework.context.support.GenericApplicationContext@1d9b7cce: startup date [Mon Dec 24 09:25:09 CST 2018]; root of context hierarchy
2018-12-24 09:25:10.169 [Thread-2] INFO [com.alibaba.druid.support.logging.Log4j2Impl.info] - {dataSource-1} closed
2018-12-24 09:25:21.819 [main] INFO [org.springframework.test.context.TestContextManager.retrieveTestExecutionListeners] - @TestExecutionListeners is not present for class [class com.springbasetest.Test1]: using defaults.
2018-12-24 09:25:22.001 [main] INFO [org.springframework.beans.factory.xml.XmlBeanDefinitionReader.loadBeanDefinitions] - Loading XML bean definitions from class path resource [spring/spring-mybatis.xml]
2018-12-24 09:25:22.278 [main] INFO [org.springframework.beans.factory.xml.XmlBeanDefinitionReader.loadBeanDefinitions] - Loading XML bean definitions from URL [file:/C:/Develop/IdeaWorkPlace/MyWeb/target/classes/spring/applicationContext.xml]
2018-12-24 09:25:24.481 [main] INFO [org.springframework.context.support.AbstractApplicationContext.prepareRefresh] - Refreshing org.springframework.context.support.GenericApplicationContext@6973b51b: startup date [Mon Dec 24 09:25:24 CST 2018]; root of context hierarchy
2018-12-24 09:25:25.396 [main] INFO [com.alibaba.druid.support.logging.Log4j2Impl.info] - {dataSource-1} inited
2018-12-24 09:25:25.626 [Thread-1] INFO [org.springframework.context.support.AbstractApplicationContext.doClose] - Closing org.springframework.context.support.GenericApplicationContext@6973b51b: startup date [Mon Dec 24 09:25:24 CST 2018]; root of context hierarchy
2018-12-24 09:25:25.631 [Thread-1] INFO [com.alibaba.druid.support.logging.Log4j2Impl.info] - {dataSource-1} closed
2018-12-24 09:33:42.884 [main] INFO [org.springframework.test.context.TestContextManager.retrieveTestExecutionListeners] - @TestExecutionListeners is not present for class [class com.springbasetest.Test1]: using defaults.
2018-12-24 09:33:43.118 [main] INFO [org.springframework.beans.factory.xml.XmlBeanDefinitionReader.loadBeanDefinitions] - Loading XML bean definitions from class path resource [spring/spring-mybatis.xml]
2018-12-24 09:33:43.508 [main] INFO [org.springframework.beans.factory.xml.XmlBeanDefinitionReader.loadBeanDefinitions] - Loading XML bean definitions from URL [file:/C:/Develop/IdeaWorkPlace/MyWeb/target/classes/spring/applicationContext.xml]
2018-12-24 09:33:45.441 [main] INFO [org.springframework.context.support.AbstractApplicationContext.prepareRefresh] - Refreshing org.springframework.context.support.GenericApplicationContext@72057ecf: startup date [Mon Dec 24 09:33:45 CST 2018]; root of context hierarchy
2018-12-24 09:33:46.222 [main] INFO [com.alibaba.druid.support.logging.Log4j2Impl.info] - {dataSource-1} inited
2018-12-24 09:33:46.440 [Thread-1] INFO [org.springframework.context.support.AbstractApplicationContext.doClose] - Closing org.springframework.context.support.GenericApplicationContext@72057ecf: startup date [Mon Dec 24 09:33:45 CST 2018]; root of context hierarchy
2018-12-24 09:33:46.445 [Thread-1] INFO [com.alibaba.druid.support.logging.Log4j2Impl.info] - {dataSource-1} closed
2018-12-24 09:49:48.504 [main] INFO [org.springframework.test.context.TestContextManager.retrieveTestExecutionListeners] - @TestExecutionListeners is not present for class [class com.springbasetest.Test1]: using defaults.
2018-12-24 09:49:48.696 [main] INFO [org.springframework.beans.factory.xml.XmlBeanDefinitionReader.loadBeanDefinitions] - Loading XML bean definitions from class path resource [spring/spring-mybatis.xml]
2018-12-24 09:49:49.025 [main] INFO [org.springframework.beans.factory.xml.XmlBeanDefinitionReader.loadBeanDefinitions] - Loading XML bean definitions from URL [file:/C:/Develop/IdeaWorkPlace/MyWeb/target/classes/spring/applicationContext.xml]
2018-12-24 09:49:50.869 [main] INFO [org.springframework.context.support.AbstractApplicationContext.prepareRefresh] - Refreshing org.springframework.context.support.GenericApplicationContext@72057ecf: startup date [Mon Dec 24 09:49:50 CST 2018]; root of context hierarchy
2018-12-24 09:49:51.751 [main] INFO [com.alibaba.druid.support.logging.Log4j2Impl.info] - {dataSource-1} inited
2018-12-24 09:49:51.971 [Thread-1] INFO [org.springframework.context.support.AbstractApplicationContext.doClose] - Closing org.springframework.context.support.GenericApplicationContext@72057ecf: startup date [Mon Dec 24 09:49:50 CST 2018]; root of context hierarchy
2018-12-24 09:49:51.976 [Thread-1] INFO [com.alibaba.druid.support.logging.Log4j2Impl.info] - {dataSource-1} closed
2018-12-24 09:53:40.714 [main] INFO [org.springframework.test.context.TestContextManager.retrieveTestExecutionListeners] - @TestExecutionListeners is not present for class [class com.springbasetest.Test1]: using defaults.
2018-12-24 09:53:40.890 [main] INFO [org.springframework.beans.factory.xml.XmlBeanDefinitionReader.loadBeanDefinitions] - Loading XML bean definitions from class path resource [spring/spring-mybatis.xml]
2018-12-24 09:53:41.143 [main] INFO [org.springframework.beans.factory.xml.XmlBeanDefinitionReader.loadBeanDefinitions] - Loading XML bean definitions from URL [file:/C:/Develop/IdeaWorkPlace/MyWeb/target/classes/spring/applicationContext.xml]
2018-12-24 09:53:42.792 [main] INFO [org.springframework.context.support.AbstractApplicationContext.prepareRefresh] - Refreshing org.springframework.context.support.GenericApplicationContext@72057ecf: startup date [Mon Dec 24 09:53:42 CST 2018]; root of context hierarchy
2018-12-24 09:53:44.639 [main] INFO [com.alibaba.druid.support.logging.Log4j2Impl.info] - {dataSource-1} inited
2018-12-24 09:53:44.923 [Thread-1] INFO [org.springframework.context.support.AbstractApplicationContext.doClose] - Closing org.springframework.context.support.GenericApplicationContext@72057ecf: startup date [Mon Dec 24 09:53:42 CST 2018]; root of context hierarchy
2018-12-24 09:53:44.929 [Thread-1] INFO [com.alibaba.druid.support.logging.Log4j2Impl.info] - {dataSource-1} closed
