2019-04-19 11:13:28.511 [main] INFO [org.springframework.test.context.TestContextManager.retrieveTestExecutionListeners] - @TestExecutionListeners is not present for class [class com.springbasetest.TestMybatis]: using defaults.
2019-04-19 11:13:28.721 [main] INFO [org.springframework.beans.factory.xml.XmlBeanDefinitionReader.loadBeanDefinitions] - Loading XML bean definitions from class path resource [spring/spring-mybatis.xml]
2019-04-19 11:13:29.052 [main] INFO [org.springframework.beans.factory.xml.XmlBeanDefinitionReader.loadBeanDefinitions] - Loading XML bean definitions from URL [file:/C:/Develop/IdeaWorkPlace/MyWeb/target/classes/spring/applicationContext.xml]
2019-04-19 11:13:29.121 [main] INFO [org.springframework.beans.factory.xml.XmlBeanDefinitionReader.loadBeanDefinitions] - Loading XML bean definitions from class path resource [spring/spring-mybatis.xml]
2019-04-19 11:13:29.157 [main] INFO [org.springframework.context.support.AbstractApplicationContext.prepareRefresh] - Refreshing org.springframework.context.support.GenericApplicationContext@498d318c: startup date [Fri Apr 19 11:13:29 CST 2019]; root of context hierarchy
2019-04-19 11:13:29.461 [main] WARN [org.mybatis.spring.mapper.ClassPathMapperScanner.checkCandidate] - Skipping MapperFactoryBean with name 'teacherMapper' and 'com.project.dao.TeacherMapper' mapperInterface. Bean already defined with the same name!
2019-04-19 11:13:29.461 [main] WARN [org.mybatis.spring.mapper.ClassPathMapperScanner.doScan] - No MyBatis mapper was found in '[com.project.dao]' package. Please check your configuration.
2019-04-19 11:13:29.817 [main] INFO [com.alibaba.druid.support.logging.Log4j2Impl.info] - {dataSource-1} inited
2019-04-19 11:13:30.684 [main] INFO [org.springframework.beans.factory.xml.XmlBeanDefinitionReader.loadBeanDefinitions] - Loading XML bean definitions from class path resource [org/springframework/jdbc/support/sql-error-codes.xml]
2019-04-19 11:13:30.710 [main] INFO [org.springframework.jdbc.support.SQLErrorCodesFactory.<init>] - SQLErrorCodes loaded: [DB2, Derby, H2, HSQL, Informix, MS-SQL, MySQL, Oracle, PostgreSQL, Sybase, Hana]
2019-04-19 11:13:30.729 [Thread-1] INFO [org.springframework.context.support.AbstractApplicationContext.doClose] - Closing org.springframework.context.support.GenericApplicationContext@498d318c: startup date [Fri Apr 19 11:13:29 CST 2019]; root of context hierarchy
2019-04-19 11:13:30.734 [Thread-1] INFO [com.alibaba.druid.support.logging.Log4j2Impl.info] - {dataSource-1} closed
2019-04-19 11:15:05.513 [main] INFO [org.springframework.test.context.TestContextManager.retrieveTestExecutionListeners] - @TestExecutionListeners is not present for class [class com.springbasetest.TestMybatis]: using defaults.
2019-04-19 11:15:05.764 [main] INFO [org.springframework.beans.factory.xml.XmlBeanDefinitionReader.loadBeanDefinitions] - Loading XML bean definitions from class path resource [spring/spring-mybatis.xml]
2019-04-19 11:15:06.127 [main] INFO [org.springframework.beans.factory.xml.XmlBeanDefinitionReader.loadBeanDefinitions] - Loading XML bean definitions from URL [file:/C:/Develop/IdeaWorkPlace/MyWeb/target/classes/spring/applicationContext.xml]
2019-04-19 11:15:06.199 [main] INFO [org.springframework.beans.factory.xml.XmlBeanDefinitionReader.loadBeanDefinitions] - Loading XML bean definitions from class path resource [spring/spring-mybatis.xml]
2019-04-19 11:15:06.245 [main] INFO [org.springframework.context.support.AbstractApplicationContext.prepareRefresh] - Refreshing org.springframework.context.support.GenericApplicationContext@72057ecf: startup date [Fri Apr 19 11:15:06 CST 2019]; root of context hierarchy
2019-04-19 11:15:06.530 [main] WARN [org.mybatis.spring.mapper.ClassPathMapperScanner.checkCandidate] - Skipping MapperFactoryBean with name 'teacherMapper' and 'com.project.dao.TeacherMapper' mapperInterface. Bean already defined with the same name!
2019-04-19 11:15:06.531 [main] WARN [org.mybatis.spring.mapper.ClassPathMapperScanner.doScan] - No MyBatis mapper was found in '[com.project.dao]' package. Please check your configuration.
2019-04-19 11:15:06.820 [main] INFO [com.alibaba.druid.support.logging.Log4j2Impl.info] - {dataSource-1} inited
2019-04-19 11:15:07.599 [main] INFO [org.springframework.beans.factory.xml.XmlBeanDefinitionReader.loadBeanDefinitions] - Loading XML bean definitions from class path resource [org/springframework/jdbc/support/sql-error-codes.xml]
2019-04-19 11:15:07.623 [main] INFO [org.springframework.jdbc.support.SQLErrorCodesFactory.<init>] - SQLErrorCodes loaded: [DB2, Derby, H2, HSQL, Informix, MS-SQL, MySQL, Oracle, PostgreSQL, Sybase, Hana]
2019-04-19 11:15:07.637 [Thread-1] INFO [org.springframework.context.support.AbstractApplicationContext.doClose] - Closing org.springframework.context.support.GenericApplicationContext@72057ecf: startup date [Fri Apr 19 11:15:06 CST 2019]; root of context hierarchy
2019-04-19 11:15:07.642 [Thread-1] INFO [com.alibaba.druid.support.logging.Log4j2Impl.info] - {dataSource-1} closed
2019-04-19 11:16:41.336 [main] INFO [org.springframework.test.context.TestContextManager.retrieveTestExecutionListeners] - @TestExecutionListeners is not present for class [class com.springbasetest.TestMybatis]: using defaults.
2019-04-19 11:16:41.495 [main] INFO [org.springframework.beans.factory.xml.XmlBeanDefinitionReader.loadBeanDefinitions] - Loading XML bean definitions from class path resource [spring/spring-mybatis.xml]
2019-04-19 11:16:41.773 [main] INFO [org.springframework.beans.factory.xml.XmlBeanDefinitionReader.loadBeanDefinitions] - Loading XML bean definitions from URL [file:/C:/Develop/IdeaWorkPlace/MyWeb/target/classes/spring/applicationContext.xml]
2019-04-19 11:16:41.846 [main] INFO [org.springframework.beans.factory.xml.XmlBeanDefinitionReader.loadBeanDefinitions] - Loading XML bean definitions from class path resource [spring/spring-mybatis.xml]
2019-04-19 11:16:41.886 [main] INFO [org.springframework.context.support.AbstractApplicationContext.prepareRefresh] - Refreshing org.springframework.context.support.GenericApplicationContext@72057ecf: startup date [Fri Apr 19 11:16:41 CST 2019]; root of context hierarchy
2019-04-19 11:16:42.087 [main] WARN [org.mybatis.spring.mapper.ClassPathMapperScanner.checkCandidate] - Skipping MapperFactoryBean with name 'teacherMapper' and 'com.project.dao.TeacherMapper' mapperInterface. Bean already defined with the same name!
2019-04-19 11:16:42.088 [main] WARN [org.mybatis.spring.mapper.ClassPathMapperScanner.doScan] - No MyBatis mapper was found in '[com.project.dao]' package. Please check your configuration.
2019-04-19 11:16:42.368 [main] INFO [com.alibaba.druid.support.logging.Log4j2Impl.info] - {dataSource-1} inited
2019-04-19 11:16:43.149 [main] INFO [org.springframework.beans.factory.xml.XmlBeanDefinitionReader.loadBeanDefinitions] - Loading XML bean definitions from class path resource [org/springframework/jdbc/support/sql-error-codes.xml]
2019-04-19 11:16:43.170 [main] INFO [org.springframework.jdbc.support.SQLErrorCodesFactory.<init>] - SQLErrorCodes loaded: [DB2, Derby, H2, HSQL, Informix, MS-SQL, MySQL, Oracle, PostgreSQL, Sybase, Hana]
2019-04-19 11:16:43.192 [Thread-1] INFO [org.springframework.context.support.AbstractApplicationContext.doClose] - Closing org.springframework.context.support.GenericApplicationContext@72057ecf: startup date [Fri Apr 19 11:16:41 CST 2019]; root of context hierarchy
2019-04-19 11:16:43.196 [Thread-1] INFO [com.alibaba.druid.support.logging.Log4j2Impl.info] - {dataSource-1} closed
2019-04-19 11:17:15.477 [main] INFO [org.springframework.test.context.TestContextManager.retrieveTestExecutionListeners] - @TestExecutionListeners is not present for class [class com.springbasetest.TestMybatis]: using defaults.
2019-04-19 11:17:15.680 [main] INFO [org.springframework.beans.factory.xml.XmlBeanDefinitionReader.loadBeanDefinitions] - Loading XML bean definitions from class path resource [spring/spring-mybatis.xml]
2019-04-19 11:17:16.160 [main] INFO [org.springframework.beans.factory.xml.XmlBeanDefinitionReader.loadBeanDefinitions] - Loading XML bean definitions from URL [file:/C:/Develop/IdeaWorkPlace/MyWeb/target/classes/spring/applicationContext.xml]
2019-04-19 11:17:16.238 [main] INFO [org.springframework.beans.factory.xml.XmlBeanDefinitionReader.loadBeanDefinitions] - Loading XML bean definitions from class path resource [spring/spring-mybatis.xml]
2019-04-19 11:17:16.272 [main] INFO [org.springframework.context.support.AbstractApplicationContext.prepareRefresh] - Refreshing org.springframework.context.support.GenericApplicationContext@72057ecf: startup date [Fri Apr 19 11:17:16 CST 2019]; root of context hierarchy
2019-04-19 11:17:16.470 [main] WARN [org.mybatis.spring.mapper.ClassPathMapperScanner.checkCandidate] - Skipping MapperFactoryBean with name 'teacherMapper' and 'com.project.dao.TeacherMapper' mapperInterface. Bean already defined with the same name!
2019-04-19 11:17:16.471 [main] WARN [org.mybatis.spring.mapper.ClassPathMapperScanner.doScan] - No MyBatis mapper was found in '[com.project.dao]' package. Please check your configuration.
2019-04-19 11:17:16.716 [main] INFO [com.alibaba.druid.support.logging.Log4j2Impl.info] - {dataSource-1} inited
2019-04-19 11:17:17.469 [Thread-1] INFO [org.springframework.context.support.AbstractApplicationContext.doClose] - Closing org.springframework.context.support.GenericApplicationContext@72057ecf: startup date [Fri Apr 19 11:17:16 CST 2019]; root of context hierarchy
2019-04-19 11:17:17.475 [Thread-1] INFO [com.alibaba.druid.support.logging.Log4j2Impl.info] - {dataSource-1} closed
2019-04-19 11:17:40.703 [main] INFO [org.springframework.test.context.TestContextManager.retrieveTestExecutionListeners] - @TestExecutionListeners is not present for class [class com.springbasetest.TestMybatis]: using defaults.
2019-04-19 11:17:40.842 [main] INFO [org.springframework.beans.factory.xml.XmlBeanDefinitionReader.loadBeanDefinitions] - Loading XML bean definitions from class path resource [spring/spring-mybatis.xml]
2019-04-19 11:17:41.123 [main] INFO [org.springframework.beans.factory.xml.XmlBeanDefinitionReader.loadBeanDefinitions] - Loading XML bean definitions from URL [file:/C:/Develop/IdeaWorkPlace/MyWeb/target/classes/spring/applicationContext.xml]
2019-04-19 11:17:41.193 [main] INFO [org.springframework.beans.factory.xml.XmlBeanDefinitionReader.loadBeanDefinitions] - Loading XML bean definitions from class path resource [spring/spring-mybatis.xml]
2019-04-19 11:17:41.230 [main] INFO [org.springframework.context.support.AbstractApplicationContext.prepareRefresh] - Refreshing org.springframework.context.support.GenericApplicationContext@72057ecf: startup date [Fri Apr 19 11:17:41 CST 2019]; root of context hierarchy
2019-04-19 11:17:41.424 [main] WARN [org.mybatis.spring.mapper.ClassPathMapperScanner.checkCandidate] - Skipping MapperFactoryBean with name 'teacherMapper' and 'com.project.dao.TeacherMapper' mapperInterface. Bean already defined with the same name!
2019-04-19 11:17:41.425 [main] WARN [org.mybatis.spring.mapper.ClassPathMapperScanner.doScan] - No MyBatis mapper was found in '[com.project.dao]' package. Please check your configuration.
2019-04-19 11:17:41.696 [main] INFO [com.alibaba.druid.support.logging.Log4j2Impl.info] - {dataSource-1} inited
2019-04-19 11:17:42.529 [Thread-1] INFO [org.springframework.context.support.AbstractApplicationContext.doClose] - Closing org.springframework.context.support.GenericApplicationContext@72057ecf: startup date [Fri Apr 19 11:17:41 CST 2019]; root of context hierarchy
2019-04-19 11:17:42.535 [Thread-1] INFO [com.alibaba.druid.support.logging.Log4j2Impl.info] - {dataSource-1} closed
2019-04-19 11:19:38.756 [main] INFO [org.springframework.test.context.TestContextManager.retrieveTestExecutionListeners] - @TestExecutionListeners is not present for class [class com.springbasetest.TestMybatis]: using defaults.
2019-04-19 11:19:38.905 [main] INFO [org.springframework.beans.factory.xml.XmlBeanDefinitionReader.loadBeanDefinitions] - Loading XML bean definitions from class path resource [spring/spring-mybatis.xml]
2019-04-19 11:19:39.200 [main] INFO [org.springframework.beans.factory.xml.XmlBeanDefinitionReader.loadBeanDefinitions] - Loading XML bean definitions from URL [file:/C:/Develop/IdeaWorkPlace/MyWeb/target/classes/spring/applicationContext.xml]
2019-04-19 11:19:39.289 [main] INFO [org.springframework.beans.factory.xml.XmlBeanDefinitionReader.loadBeanDefinitions] - Loading XML bean definitions from class path resource [spring/spring-mybatis.xml]
2019-04-19 11:19:39.330 [main] INFO [org.springframework.context.support.AbstractApplicationContext.prepareRefresh] - Refreshing org.springframework.context.support.GenericApplicationContext@72057ecf: startup date [Fri Apr 19 11:19:39 CST 2019]; root of context hierarchy
2019-04-19 11:19:39.522 [main] WARN [org.mybatis.spring.mapper.ClassPathMapperScanner.checkCandidate] - Skipping MapperFactoryBean with name 'teacherMapper' and 'com.project.dao.TeacherMapper' mapperInterface. Bean already defined with the same name!
2019-04-19 11:19:39.522 [main] WARN [org.mybatis.spring.mapper.ClassPathMapperScanner.doScan] - No MyBatis mapper was found in '[com.project.dao]' package. Please check your configuration.
2019-04-19 11:19:39.784 [main] INFO [com.alibaba.druid.support.logging.Log4j2Impl.info] - {dataSource-1} inited
2019-04-19 11:19:40.560 [Thread-1] INFO [org.springframework.context.support.AbstractApplicationContext.doClose] - Closing org.springframework.context.support.GenericApplicationContext@72057ecf: startup date [Fri Apr 19 11:19:39 CST 2019]; root of context hierarchy
2019-04-19 11:19:40.565 [Thread-1] INFO [com.alibaba.druid.support.logging.Log4j2Impl.info] - {dataSource-1} closed
2019-04-19 11:20:47.335 [main] INFO [org.springframework.test.context.TestContextManager.retrieveTestExecutionListeners] - @TestExecutionListeners is not present for class [class com.springbasetest.TestMybatis]: using defaults.
2019-04-19 11:20:47.481 [main] INFO [org.springframework.beans.factory.xml.XmlBeanDefinitionReader.loadBeanDefinitions] - Loading XML bean definitions from class path resource [spring/spring-mybatis.xml]
2019-04-19 11:20:47.828 [main] INFO [org.springframework.beans.factory.xml.XmlBeanDefinitionReader.loadBeanDefinitions] - Loading XML bean definitions from URL [file:/C:/Develop/IdeaWorkPlace/MyWeb/target/classes/spring/applicationContext.xml]
2019-04-19 11:20:47.925 [main] INFO [org.springframework.beans.factory.xml.XmlBeanDefinitionReader.loadBeanDefinitions] - Loading XML bean definitions from class path resource [spring/spring-mybatis.xml]
2019-04-19 11:20:47.977 [main] INFO [org.springframework.context.support.AbstractApplicationContext.prepareRefresh] - Refreshing org.springframework.context.support.GenericApplicationContext@72057ecf: startup date [Fri Apr 19 11:20:47 CST 2019]; root of context hierarchy
2019-04-19 11:20:48.219 [main] WARN [org.mybatis.spring.mapper.ClassPathMapperScanner.checkCandidate] - Skipping MapperFactoryBean with name 'teacherMapper' and 'com.project.dao.TeacherMapper' mapperInterface. Bean already defined with the same name!
2019-04-19 11:20:48.220 [main] WARN [org.mybatis.spring.mapper.ClassPathMapperScanner.doScan] - No MyBatis mapper was found in '[com.project.dao]' package. Please check your configuration.
2019-04-19 11:20:48.503 [main] INFO [com.alibaba.druid.support.logging.Log4j2Impl.info] - {dataSource-1} inited
2019-04-19 11:20:49.278 [Thread-1] INFO [org.springframework.context.support.AbstractApplicationContext.doClose] - Closing org.springframework.context.support.GenericApplicationContext@72057ecf: startup date [Fri Apr 19 11:20:47 CST 2019]; root of context hierarchy
2019-04-19 11:20:49.288 [Thread-1] INFO [com.alibaba.druid.support.logging.Log4j2Impl.info] - {dataSource-1} closed
2019-04-19 11:22:37.658 [main] INFO [org.springframework.test.context.TestContextManager.retrieveTestExecutionListeners] - @TestExecutionListeners is not present for class [class com.springbasetest.TestMybatis]: using defaults.
2019-04-19 11:22:37.827 [main] INFO [org.springframework.beans.factory.xml.XmlBeanDefinitionReader.loadBeanDefinitions] - Loading XML bean definitions from class path resource [spring/spring-mybatis.xml]
2019-04-19 11:22:38.121 [main] INFO [org.springframework.beans.factory.xml.XmlBeanDefinitionReader.loadBeanDefinitions] - Loading XML bean definitions from URL [file:/C:/Develop/IdeaWorkPlace/MyWeb/target/classes/spring/applicationContext.xml]
2019-04-19 11:22:38.204 [main] INFO [org.springframework.beans.factory.xml.XmlBeanDefinitionReader.loadBeanDefinitions] - Loading XML bean definitions from class path resource [spring/spring-mybatis.xml]
2019-04-19 11:22:38.239 [main] INFO [org.springframework.context.support.AbstractApplicationContext.prepareRefresh] - Refreshing org.springframework.context.support.GenericApplicationContext@72057ecf: startup date [Fri Apr 19 11:22:38 CST 2019]; root of context hierarchy
2019-04-19 11:22:38.414 [main] WARN [org.mybatis.spring.mapper.ClassPathMapperScanner.checkCandidate] - Skipping MapperFactoryBean with name 'teacherMapper' and 'com.project.dao.TeacherMapper' mapperInterface. Bean already defined with the same name!
2019-04-19 11:22:38.414 [main] WARN [org.mybatis.spring.mapper.ClassPathMapperScanner.doScan] - No MyBatis mapper was found in '[com.project.dao]' package. Please check your configuration.
2019-04-19 11:22:38.655 [main] INFO [com.alibaba.druid.support.logging.Log4j2Impl.info] - {dataSource-1} inited
2019-04-19 11:22:39.480 [Thread-1] INFO [org.springframework.context.support.AbstractApplicationContext.doClose] - Closing org.springframework.context.support.GenericApplicationContext@72057ecf: startup date [Fri Apr 19 11:22:38 CST 2019]; root of context hierarchy
2019-04-19 11:22:39.484 [Thread-1] INFO [com.alibaba.druid.support.logging.Log4j2Impl.info] - {dataSource-1} closed
2019-04-19 11:23:31.372 [main] INFO [org.springframework.test.context.TestContextManager.retrieveTestExecutionListeners] - @TestExecutionListeners is not present for class [class com.springbasetest.TestMybatis]: using defaults.
2019-04-19 11:23:31.568 [main] INFO [org.springframework.beans.factory.xml.XmlBeanDefinitionReader.loadBeanDefinitions] - Loading XML bean definitions from class path resource [spring/spring-mybatis.xml]
2019-04-19 11:23:31.866 [main] INFO [org.springframework.beans.factory.xml.XmlBeanDefinitionReader.loadBeanDefinitions] - Loading XML bean definitions from URL [file:/C:/Develop/IdeaWorkPlace/MyWeb/target/classes/spring/applicationContext.xml]
2019-04-19 11:23:31.938 [main] INFO [org.springframework.beans.factory.xml.XmlBeanDefinitionReader.loadBeanDefinitions] - Loading XML bean definitions from class path resource [spring/spring-mybatis.xml]
2019-04-19 11:23:31.974 [main] INFO [org.springframework.context.support.AbstractApplicationContext.prepareRefresh] - Refreshing org.springframework.context.support.GenericApplicationContext@72057ecf: startup date [Fri Apr 19 11:23:31 CST 2019]; root of context hierarchy
2019-04-19 11:23:32.152 [main] WARN [org.mybatis.spring.mapper.ClassPathMapperScanner.checkCandidate] - Skipping MapperFactoryBean with name 'teacherMapper' and 'com.project.dao.TeacherMapper' mapperInterface. Bean already defined with the same name!
2019-04-19 11:23:32.152 [main] WARN [org.mybatis.spring.mapper.ClassPathMapperScanner.doScan] - No MyBatis mapper was found in '[com.project.dao]' package. Please check your configuration.
2019-04-19 11:23:32.397 [main] INFO [com.alibaba.druid.support.logging.Log4j2Impl.info] - {dataSource-1} inited
2019-04-19 11:23:32.849 [Thread-1] INFO [org.springframework.context.support.AbstractApplicationContext.doClose] - Closing org.springframework.context.support.GenericApplicationContext@72057ecf: startup date [Fri Apr 19 11:23:31 CST 2019]; root of context hierarchy
2019-04-19 11:23:32.855 [Thread-1] INFO [com.alibaba.druid.support.logging.Log4j2Impl.info] - {dataSource-1} closed
2019-04-19 11:26:33.786 [main] INFO [org.springframework.test.context.TestContextManager.retrieveTestExecutionListeners] - @TestExecutionListeners is not present for class [class com.springbasetest.TestMybatis]: using defaults.
2019-04-19 11:26:33.934 [main] INFO [org.springframework.beans.factory.xml.XmlBeanDefinitionReader.loadBeanDefinitions] - Loading XML bean definitions from class path resource [spring/spring-mybatis.xml]
2019-04-19 11:26:34.245 [main] INFO [org.springframework.beans.factory.xml.XmlBeanDefinitionReader.loadBeanDefinitions] - Loading XML bean definitions from URL [file:/C:/Develop/IdeaWorkPlace/MyWeb/target/classes/spring/applicationContext.xml]
2019-04-19 11:26:34.315 [main] INFO [org.springframework.beans.factory.xml.XmlBeanDefinitionReader.loadBeanDefinitions] - Loading XML bean definitions from class path resource [spring/spring-mybatis.xml]
2019-04-19 11:26:34.348 [main] INFO [org.springframework.context.support.AbstractApplicationContext.prepareRefresh] - Refreshing org.springframework.context.support.GenericApplicationContext@72057ecf: startup date [Fri Apr 19 11:26:34 CST 2019]; root of context hierarchy
2019-04-19 11:26:34.595 [main] WARN [org.mybatis.spring.mapper.ClassPathMapperScanner.checkCandidate] - Skipping MapperFactoryBean with name 'teacherMapper' and 'com.project.dao.TeacherMapper' mapperInterface. Bean already defined with the same name!
2019-04-19 11:26:34.596 [main] WARN [org.mybatis.spring.mapper.ClassPathMapperScanner.doScan] - No MyBatis mapper was found in '[com.project.dao]' package. Please check your configuration.
2019-04-19 11:26:34.835 [main] INFO [com.alibaba.druid.support.logging.Log4j2Impl.info] - {dataSource-1} inited
2019-04-19 11:26:35.674 [Thread-1] INFO [org.springframework.context.support.AbstractApplicationContext.doClose] - Closing org.springframework.context.support.GenericApplicationContext@72057ecf: startup date [Fri Apr 19 11:26:34 CST 2019]; root of context hierarchy
2019-04-19 11:26:35.679 [Thread-1] INFO [com.alibaba.druid.support.logging.Log4j2Impl.info] - {dataSource-1} closed
2019-04-19 11:28:14.116 [main] INFO [org.springframework.test.context.TestContextManager.retrieveTestExecutionListeners] - @TestExecutionListeners is not present for class [class com.springbasetest.TestMybatis]: using defaults.
2019-04-19 11:28:14.269 [main] INFO [org.springframework.beans.factory.xml.XmlBeanDefinitionReader.loadBeanDefinitions] - Loading XML bean definitions from class path resource [spring/spring-mybatis.xml]
2019-04-19 11:28:14.561 [main] INFO [org.springframework.beans.factory.xml.XmlBeanDefinitionReader.loadBeanDefinitions] - Loading XML bean definitions from URL [file:/C:/Develop/IdeaWorkPlace/MyWeb/target/classes/spring/applicationContext.xml]
2019-04-19 11:28:14.634 [main] INFO [org.springframework.beans.factory.xml.XmlBeanDefinitionReader.loadBeanDefinitions] - Loading XML bean definitions from class path resource [spring/spring-mybatis.xml]
2019-04-19 11:28:14.672 [main] INFO [org.springframework.context.support.AbstractApplicationContext.prepareRefresh] - Refreshing org.springframework.context.support.GenericApplicationContext@72057ecf: startup date [Fri Apr 19 11:28:14 CST 2019]; root of context hierarchy
2019-04-19 11:28:14.900 [main] WARN [org.mybatis.spring.mapper.ClassPathMapperScanner.checkCandidate] - Skipping MapperFactoryBean with name 'teacherMapper' and 'com.project.dao.TeacherMapper' mapperInterface. Bean already defined with the same name!
2019-04-19 11:28:14.900 [main] WARN [org.mybatis.spring.mapper.ClassPathMapperScanner.doScan] - No MyBatis mapper was found in '[com.project.dao]' package. Please check your configuration.
2019-04-19 11:28:15.212 [main] INFO [com.alibaba.druid.support.logging.Log4j2Impl.info] - {dataSource-1} inited
2019-04-19 11:28:15.975 [Thread-1] INFO [org.springframework.context.support.AbstractApplicationContext.doClose] - Closing org.springframework.context.support.GenericApplicationContext@72057ecf: startup date [Fri Apr 19 11:28:14 CST 2019]; root of context hierarchy
2019-04-19 11:28:15.980 [Thread-1] INFO [com.alibaba.druid.support.logging.Log4j2Impl.info] - {dataSource-1} closed
2019-04-19 11:28:42.641 [main] INFO [org.springframework.test.context.TestContextManager.retrieveTestExecutionListeners] - @TestExecutionListeners is not present for class [class com.springbasetest.TestMybatis]: using defaults.
2019-04-19 11:28:42.788 [main] INFO [org.springframework.beans.factory.xml.XmlBeanDefinitionReader.loadBeanDefinitions] - Loading XML bean definitions from class path resource [spring/spring-mybatis.xml]
2019-04-19 11:28:43.067 [main] INFO [org.springframework.beans.factory.xml.XmlBeanDefinitionReader.loadBeanDefinitions] - Loading XML bean definitions from URL [file:/C:/Develop/IdeaWorkPlace/MyWeb/target/classes/spring/applicationContext.xml]
2019-04-19 11:28:43.141 [main] INFO [org.springframework.beans.factory.xml.XmlBeanDefinitionReader.loadBeanDefinitions] - Loading XML bean definitions from class path resource [spring/spring-mybatis.xml]
2019-04-19 11:28:43.174 [main] INFO [org.springframework.context.support.AbstractApplicationContext.prepareRefresh] - Refreshing org.springframework.context.support.GenericApplicationContext@72057ecf: startup date [Fri Apr 19 11:28:43 CST 2019]; root of context hierarchy
2019-04-19 11:28:43.384 [main] WARN [org.mybatis.spring.mapper.ClassPathMapperScanner.checkCandidate] - Skipping MapperFactoryBean with name 'teacherMapper' and 'com.project.dao.TeacherMapper' mapperInterface. Bean already defined with the same name!
2019-04-19 11:28:43.385 [main] WARN [org.mybatis.spring.mapper.ClassPathMapperScanner.doScan] - No MyBatis mapper was found in '[com.project.dao]' package. Please check your configuration.
2019-04-19 11:28:43.671 [main] INFO [com.alibaba.druid.support.logging.Log4j2Impl.info] - {dataSource-1} inited
2019-04-19 11:28:44.472 [Thread-1] INFO [org.springframework.context.support.AbstractApplicationContext.doClose] - Closing org.springframework.context.support.GenericApplicationContext@72057ecf: startup date [Fri Apr 19 11:28:43 CST 2019]; root of context hierarchy
2019-04-19 11:28:44.476 [Thread-1] INFO [com.alibaba.druid.support.logging.Log4j2Impl.info] - {dataSource-1} closed
2019-04-19 11:30:22.771 [main] INFO [org.springframework.test.context.TestContextManager.retrieveTestExecutionListeners] - @TestExecutionListeners is not present for class [class com.springbasetest.TestMybatis]: using defaults.
2019-04-19 11:30:22.926 [main] INFO [org.springframework.beans.factory.xml.XmlBeanDefinitionReader.loadBeanDefinitions] - Loading XML bean definitions from class path resource [spring/spring-mybatis.xml]
2019-04-19 11:30:23.190 [main] INFO [org.springframework.beans.factory.xml.XmlBeanDefinitionReader.loadBeanDefinitions] - Loading XML bean definitions from URL [file:/C:/Develop/IdeaWorkPlace/MyWeb/target/classes/spring/applicationContext.xml]
2019-04-19 11:30:23.259 [main] INFO [org.springframework.beans.factory.xml.XmlBeanDefinitionReader.loadBeanDefinitions] - Loading XML bean definitions from class path resource [spring/spring-mybatis.xml]
2019-04-19 11:30:23.297 [main] INFO [org.springframework.context.support.AbstractApplicationContext.prepareRefresh] - Refreshing org.springframework.context.support.GenericApplicationContext@72057ecf: startup date [Fri Apr 19 11:30:23 CST 2019]; root of context hierarchy
2019-04-19 11:30:23.484 [main] WARN [org.mybatis.spring.mapper.ClassPathMapperScanner.checkCandidate] - Skipping MapperFactoryBean with name 'teacherMapper' and 'com.project.dao.TeacherMapper' mapperInterface. Bean already defined with the same name!
2019-04-19 11:30:23.484 [main] WARN [org.mybatis.spring.mapper.ClassPathMapperScanner.doScan] - No MyBatis mapper was found in '[com.project.dao]' package. Please check your configuration.
2019-04-19 11:30:23.730 [main] INFO [com.alibaba.druid.support.logging.Log4j2Impl.info] - {dataSource-1} inited
2019-04-19 11:30:24.977 [Thread-1] INFO [org.springframework.context.support.AbstractApplicationContext.doClose] - Closing org.springframework.context.support.GenericApplicationContext@72057ecf: startup date [Fri Apr 19 11:30:23 CST 2019]; root of context hierarchy
2019-04-19 11:30:24.983 [Thread-1] INFO [com.alibaba.druid.support.logging.Log4j2Impl.info] - {dataSource-1} closed
2019-04-19 11:31:08.689 [main] INFO [org.springframework.test.context.TestContextManager.retrieveTestExecutionListeners] - @TestExecutionListeners is not present for class [class com.springbasetest.TestMybatis]: using defaults.
2019-04-19 11:31:08.927 [main] INFO [org.springframework.beans.factory.xml.XmlBeanDefinitionReader.loadBeanDefinitions] - Loading XML bean definitions from class path resource [spring/spring-mybatis.xml]
2019-04-19 11:31:09.314 [main] INFO [org.springframework.beans.factory.xml.XmlBeanDefinitionReader.loadBeanDefinitions] - Loading XML bean definitions from URL [file:/C:/Develop/IdeaWorkPlace/MyWeb/target/classes/spring/applicationContext.xml]
2019-04-19 11:31:09.397 [main] INFO [org.springframework.beans.factory.xml.XmlBeanDefinitionReader.loadBeanDefinitions] - Loading XML bean definitions from class path resource [spring/spring-mybatis.xml]
2019-04-19 11:31:09.429 [main] INFO [org.springframework.context.support.AbstractApplicationContext.prepareRefresh] - Refreshing org.springframework.context.support.GenericApplicationContext@72057ecf: startup date [Fri Apr 19 11:31:09 CST 2019]; root of context hierarchy
2019-04-19 11:31:09.632 [main] WARN [org.mybatis.spring.mapper.ClassPathMapperScanner.checkCandidate] - Skipping MapperFactoryBean with name 'teacherMapper' and 'com.project.dao.TeacherMapper' mapperInterface. Bean already defined with the same name!
2019-04-19 11:31:09.632 [main] WARN [org.mybatis.spring.mapper.ClassPathMapperScanner.doScan] - No MyBatis mapper was found in '[com.project.dao]' package. Please check your configuration.
2019-04-19 11:31:09.900 [main] INFO [com.alibaba.druid.support.logging.Log4j2Impl.info] - {dataSource-1} inited
2019-04-19 11:31:10.671 [main] INFO [org.springframework.beans.factory.xml.XmlBeanDefinitionReader.loadBeanDefinitions] - Loading XML bean definitions from class path resource [org/springframework/jdbc/support/sql-error-codes.xml]
2019-04-19 11:31:10.694 [main] INFO [org.springframework.jdbc.support.SQLErrorCodesFactory.<init>] - SQLErrorCodes loaded: [DB2, Derby, H2, HSQL, Informix, MS-SQL, MySQL, Oracle, PostgreSQL, Sybase, Hana]
2019-04-19 11:31:10.712 [Thread-1] INFO [org.springframework.context.support.AbstractApplicationContext.doClose] - Closing org.springframework.context.support.GenericApplicationContext@72057ecf: startup date [Fri Apr 19 11:31:09 CST 2019]; root of context hierarchy
2019-04-19 11:31:10.716 [Thread-1] INFO [com.alibaba.druid.support.logging.Log4j2Impl.info] - {dataSource-1} closed
2019-04-19 11:31:55.949 [main] INFO [org.springframework.test.context.TestContextManager.retrieveTestExecutionListeners] - @TestExecutionListeners is not present for class [class com.springbasetest.TestMybatis]: using defaults.
2019-04-19 11:31:56.172 [main] INFO [org.springframework.beans.factory.xml.XmlBeanDefinitionReader.loadBeanDefinitions] - Loading XML bean definitions from class path resource [spring/spring-mybatis.xml]
2019-04-19 11:31:56.556 [main] INFO [org.springframework.beans.factory.xml.XmlBeanDefinitionReader.loadBeanDefinitions] - Loading XML bean definitions from URL [file:/C:/Develop/IdeaWorkPlace/MyWeb/target/classes/spring/applicationContext.xml]
2019-04-19 11:31:56.649 [main] INFO [org.springframework.beans.factory.xml.XmlBeanDefinitionReader.loadBeanDefinitions] - Loading XML bean definitions from class path resource [spring/spring-mybatis.xml]
2019-04-19 11:31:56.695 [main] INFO [org.springframework.context.support.AbstractApplicationContext.prepareRefresh] - Refreshing org.springframework.context.support.GenericApplicationContext@72057ecf: startup date [Fri Apr 19 11:31:56 CST 2019]; root of context hierarchy
2019-04-19 11:31:56.885 [main] WARN [org.mybatis.spring.mapper.ClassPathMapperScanner.checkCandidate] - Skipping MapperFactoryBean with name 'teacherMapper' and 'com.project.dao.TeacherMapper' mapperInterface. Bean already defined with the same name!
2019-04-19 11:31:56.885 [main] WARN [org.mybatis.spring.mapper.ClassPathMapperScanner.doScan] - No MyBatis mapper was found in '[com.project.dao]' package. Please check your configuration.
2019-04-19 11:31:57.119 [main] INFO [com.alibaba.druid.support.logging.Log4j2Impl.info] - {dataSource-1} inited
2019-04-19 11:31:57.610 [Thread-1] INFO [org.springframework.context.support.AbstractApplicationContext.doClose] - Closing org.springframework.context.support.GenericApplicationContext@72057ecf: startup date [Fri Apr 19 11:31:56 CST 2019]; root of context hierarchy
2019-04-19 11:31:57.612 [Thread-1] INFO [com.alibaba.druid.support.logging.Log4j2Impl.info] - {dataSource-1} closed
2019-04-19 11:32:42.718 [main] INFO [org.springframework.test.context.TestContextManager.retrieveTestExecutionListeners] - @TestExecutionListeners is not present for class [class com.springbasetest.TestMybatis]: using defaults.
2019-04-19 11:32:42.963 [main] INFO [org.springframework.beans.factory.xml.XmlBeanDefinitionReader.loadBeanDefinitions] - Loading XML bean definitions from class path resource [spring/spring-mybatis.xml]
2019-04-19 11:32:43.303 [main] INFO [org.springframework.beans.factory.xml.XmlBeanDefinitionReader.loadBeanDefinitions] - Loading XML bean definitions from URL [file:/C:/Develop/IdeaWorkPlace/MyWeb/target/classes/spring/applicationContext.xml]
2019-04-19 11:32:43.369 [main] INFO [org.springframework.beans.factory.xml.XmlBeanDefinitionReader.loadBeanDefinitions] - Loading XML bean definitions from class path resource [spring/spring-mybatis.xml]
2019-04-19 11:32:43.402 [main] INFO [org.springframework.context.support.AbstractApplicationContext.prepareRefresh] - Refreshing org.springframework.context.support.GenericApplicationContext@72057ecf: startup date [Fri Apr 19 11:32:43 CST 2019]; root of context hierarchy
2019-04-19 11:32:43.601 [main] WARN [org.mybatis.spring.mapper.ClassPathMapperScanner.checkCandidate] - Skipping MapperFactoryBean with name 'teacherMapper' and 'com.project.dao.TeacherMapper' mapperInterface. Bean already defined with the same name!
2019-04-19 11:32:43.601 [main] WARN [org.mybatis.spring.mapper.ClassPathMapperScanner.doScan] - No MyBatis mapper was found in '[com.project.dao]' package. Please check your configuration.
2019-04-19 11:32:43.863 [main] INFO [com.alibaba.druid.support.logging.Log4j2Impl.info] - {dataSource-1} inited
2019-04-19 11:32:44.660 [Thread-1] INFO [org.springframework.context.support.AbstractApplicationContext.doClose] - Closing org.springframework.context.support.GenericApplicationContext@72057ecf: startup date [Fri Apr 19 11:32:43 CST 2019]; root of context hierarchy
2019-04-19 11:32:44.666 [Thread-1] INFO [com.alibaba.druid.support.logging.Log4j2Impl.info] - {dataSource-1} closed
2019-04-19 11:33:21.617 [main] INFO [org.springframework.test.context.TestContextManager.retrieveTestExecutionListeners] - @TestExecutionListeners is not present for class [class com.springbasetest.TestMybatis]: using defaults.
2019-04-19 11:33:21.779 [main] INFO [org.springframework.beans.factory.xml.XmlBeanDefinitionReader.loadBeanDefinitions] - Loading XML bean definitions from class path resource [spring/spring-mybatis.xml]
2019-04-19 11:33:22.035 [main] INFO [org.springframework.beans.factory.xml.XmlBeanDefinitionReader.loadBeanDefinitions] - Loading XML bean definitions from URL [file:/C:/Develop/IdeaWorkPlace/MyWeb/target/classes/spring/applicationContext.xml]
2019-04-19 11:33:22.115 [main] INFO [org.springframework.beans.factory.xml.XmlBeanDefinitionReader.loadBeanDefinitions] - Loading XML bean definitions from class path resource [spring/spring-mybatis.xml]
2019-04-19 11:33:22.161 [main] INFO [org.springframework.context.support.AbstractApplicationContext.prepareRefresh] - Refreshing org.springframework.context.support.GenericApplicationContext@72057ecf: startup date [Fri Apr 19 11:33:22 CST 2019]; root of context hierarchy
2019-04-19 11:33:22.357 [main] WARN [org.mybatis.spring.mapper.ClassPathMapperScanner.checkCandidate] - Skipping MapperFactoryBean with name 'teacherMapper' and 'com.project.dao.TeacherMapper' mapperInterface. Bean already defined with the same name!
2019-04-19 11:33:22.357 [main] WARN [org.mybatis.spring.mapper.ClassPathMapperScanner.doScan] - No MyBatis mapper was found in '[com.project.dao]' package. Please check your configuration.
2019-04-19 11:33:22.627 [main] INFO [com.alibaba.druid.support.logging.Log4j2Impl.info] - {dataSource-1} inited
2019-04-19 11:33:23.637 [Thread-1] INFO [org.springframework.context.support.AbstractApplicationContext.doClose] - Closing org.springframework.context.support.GenericApplicationContext@72057ecf: startup date [Fri Apr 19 11:33:22 CST 2019]; root of context hierarchy
2019-04-19 11:33:23.643 [Thread-1] INFO [com.alibaba.druid.support.logging.Log4j2Impl.info] - {dataSource-1} closed
2019-04-19 11:35:56.727 [main] INFO [org.springframework.test.context.TestContextManager.retrieveTestExecutionListeners] - @TestExecutionListeners is not present for class [class com.springbasetest.TestMybatis]: using defaults.
2019-04-19 11:35:56.890 [main] INFO [org.springframework.beans.factory.xml.XmlBeanDefinitionReader.loadBeanDefinitions] - Loading XML bean definitions from class path resource [spring/spring-mybatis.xml]
2019-04-19 11:35:57.162 [main] INFO [org.springframework.beans.factory.xml.XmlBeanDefinitionReader.loadBeanDefinitions] - Loading XML bean definitions from URL [file:/C:/Develop/IdeaWorkPlace/MyWeb/target/classes/spring/applicationContext.xml]
2019-04-19 11:35:57.242 [main] INFO [org.springframework.beans.factory.xml.XmlBeanDefinitionReader.loadBeanDefinitions] - Loading XML bean definitions from class path resource [spring/spring-mybatis.xml]
2019-04-19 11:35:57.277 [main] INFO [org.springframework.context.support.AbstractApplicationContext.prepareRefresh] - Refreshing org.springframework.context.support.GenericApplicationContext@72057ecf: startup date [Fri Apr 19 11:35:57 CST 2019]; root of context hierarchy
2019-04-19 11:35:57.467 [main] WARN [org.mybatis.spring.mapper.ClassPathMapperScanner.checkCandidate] - Skipping MapperFactoryBean with name 'teacherMapper' and 'com.project.dao.TeacherMapper' mapperInterface. Bean already defined with the same name!
2019-04-19 11:35:57.467 [main] WARN [org.mybatis.spring.mapper.ClassPathMapperScanner.doScan] - No MyBatis mapper was found in '[com.project.dao]' package. Please check your configuration.
2019-04-19 11:35:57.806 [main] INFO [com.alibaba.druid.support.logging.Log4j2Impl.info] - {dataSource-1} inited
2019-04-19 11:35:58.594 [Thread-1] INFO [org.springframework.context.support.AbstractApplicationContext.doClose] - Closing org.springframework.context.support.GenericApplicationContext@72057ecf: startup date [Fri Apr 19 11:35:57 CST 2019]; root of context hierarchy
2019-04-19 11:35:58.599 [Thread-1] INFO [com.alibaba.druid.support.logging.Log4j2Impl.info] - {dataSource-1} closed
2019-04-19 11:36:26.708 [main] INFO [org.springframework.test.context.TestContextManager.retrieveTestExecutionListeners] - @TestExecutionListeners is not present for class [class com.springbasetest.TestMybatis]: using defaults.
2019-04-19 11:36:26.927 [main] INFO [org.springframework.beans.factory.xml.XmlBeanDefinitionReader.loadBeanDefinitions] - Loading XML bean definitions from class path resource [spring/spring-mybatis.xml]
2019-04-19 11:36:27.219 [main] INFO [org.springframework.beans.factory.xml.XmlBeanDefinitionReader.loadBeanDefinitions] - Loading XML bean definitions from URL [file:/C:/Develop/IdeaWorkPlace/MyWeb/target/classes/spring/applicationContext.xml]
2019-04-19 11:36:27.292 [main] INFO [org.springframework.beans.factory.xml.XmlBeanDefinitionReader.loadBeanDefinitions] - Loading XML bean definitions from class path resource [spring/spring-mybatis.xml]
2019-04-19 11:36:27.327 [main] INFO [org.springframework.context.support.AbstractApplicationContext.prepareRefresh] - Refreshing org.springframework.context.support.GenericApplicationContext@72057ecf: startup date [Fri Apr 19 11:36:27 CST 2019]; root of context hierarchy
2019-04-19 11:36:27.507 [main] WARN [org.mybatis.spring.mapper.ClassPathMapperScanner.checkCandidate] - Skipping MapperFactoryBean with name 'teacherMapper' and 'com.project.dao.TeacherMapper' mapperInterface. Bean already defined with the same name!
2019-04-19 11:36:27.507 [main] WARN [org.mybatis.spring.mapper.ClassPathMapperScanner.doScan] - No MyBatis mapper was found in '[com.project.dao]' package. Please check your configuration.
2019-04-19 11:36:27.759 [main] INFO [com.alibaba.druid.support.logging.Log4j2Impl.info] - {dataSource-1} inited
2019-04-19 11:36:28.570 [Thread-1] INFO [org.springframework.context.support.AbstractApplicationContext.doClose] - Closing org.springframework.context.support.GenericApplicationContext@72057ecf: startup date [Fri Apr 19 11:36:27 CST 2019]; root of context hierarchy
2019-04-19 11:36:28.575 [Thread-1] INFO [com.alibaba.druid.support.logging.Log4j2Impl.info] - {dataSource-1} closed
2019-04-19 11:45:21.024 [main] INFO [org.springframework.test.context.TestContextManager.retrieveTestExecutionListeners] - @TestExecutionListeners is not present for class [class com.springbasetest.TestMybatis]: using defaults.
2019-04-19 11:45:39.980 [main] INFO [org.springframework.test.context.TestContextManager.retrieveTestExecutionListeners] - @TestExecutionListeners is not present for class [class com.springbasetest.TestMybatis]: using defaults.
2019-04-19 11:45:40.148 [main] INFO [org.springframework.beans.factory.xml.XmlBeanDefinitionReader.loadBeanDefinitions] - Loading XML bean definitions from class path resource [spring/spring-mybatis.xml]
2019-04-19 11:45:40.500 [main] INFO [org.springframework.beans.factory.xml.XmlBeanDefinitionReader.loadBeanDefinitions] - Loading XML bean definitions from URL [file:/C:/Develop/IdeaWorkPlace/MyWeb/target/classes/spring/applicationContext.xml]
2019-04-19 11:45:40.591 [main] INFO [org.springframework.beans.factory.xml.XmlBeanDefinitionReader.loadBeanDefinitions] - Loading XML bean definitions from class path resource [spring/spring-mybatis.xml]
2019-04-19 11:45:40.645 [main] INFO [org.springframework.context.support.AbstractApplicationContext.prepareRefresh] - Refreshing org.springframework.context.support.GenericApplicationContext@72057ecf: startup date [Fri Apr 19 11:45:40 CST 2019]; root of context hierarchy
2019-04-19 11:45:40.884 [main] WARN [org.mybatis.spring.mapper.ClassPathMapperScanner.checkCandidate] - Skipping MapperFactoryBean with name 'teacherMapper' and 'com.project.dao.TeacherMapper' mapperInterface. Bean already defined with the same name!
2019-04-19 11:45:40.884 [main] WARN [org.mybatis.spring.mapper.ClassPathMapperScanner.doScan] - No MyBatis mapper was found in '[com.project.dao]' package. Please check your configuration.
2019-04-19 11:45:41.127 [main] INFO [com.alibaba.druid.support.logging.Log4j2Impl.info] - {dataSource-1} inited
2019-04-19 11:45:41.875 [main] INFO [org.springframework.beans.factory.xml.XmlBeanDefinitionReader.loadBeanDefinitions] - Loading XML bean definitions from class path resource [org/springframework/jdbc/support/sql-error-codes.xml]
2019-04-19 11:45:41.899 [main] INFO [org.springframework.jdbc.support.SQLErrorCodesFactory.<init>] - SQLErrorCodes loaded: [DB2, Derby, H2, HSQL, Informix, MS-SQL, MySQL, Oracle, PostgreSQL, Sybase, Hana]
2019-04-19 11:45:41.921 [Thread-1] INFO [org.springframework.context.support.AbstractApplicationContext.doClose] - Closing org.springframework.context.support.GenericApplicationContext@72057ecf: startup date [Fri Apr 19 11:45:40 CST 2019]; root of context hierarchy
2019-04-19 11:45:41.926 [Thread-1] INFO [com.alibaba.druid.support.logging.Log4j2Impl.info] - {dataSource-1} closed
2019-04-19 11:47:17.906 [main] INFO [org.springframework.test.context.TestContextManager.retrieveTestExecutionListeners] - @TestExecutionListeners is not present for class [class com.springbasetest.TestMybatis]: using defaults.
2019-04-19 11:47:18.102 [main] INFO [org.springframework.beans.factory.xml.XmlBeanDefinitionReader.loadBeanDefinitions] - Loading XML bean definitions from class path resource [spring/spring-mybatis.xml]
2019-04-19 11:47:18.454 [main] INFO [org.springframework.beans.factory.xml.XmlBeanDefinitionReader.loadBeanDefinitions] - Loading XML bean definitions from URL [file:/C:/Develop/IdeaWorkPlace/MyWeb/target/classes/spring/applicationContext.xml]
2019-04-19 11:47:18.529 [main] INFO [org.springframework.beans.factory.xml.XmlBeanDefinitionReader.loadBeanDefinitions] - Loading XML bean definitions from class path resource [spring/spring-mybatis.xml]
2019-04-19 11:47:18.569 [main] INFO [org.springframework.context.support.AbstractApplicationContext.prepareRefresh] - Refreshing org.springframework.context.support.GenericApplicationContext@72057ecf: startup date [Fri Apr 19 11:47:18 CST 2019]; root of context hierarchy
2019-04-19 11:47:18.751 [main] WARN [org.mybatis.spring.mapper.ClassPathMapperScanner.checkCandidate] - Skipping MapperFactoryBean with name 'teacherMapper' and 'com.project.dao.TeacherMapper' mapperInterface. Bean already defined with the same name!
2019-04-19 11:47:18.752 [main] WARN [org.mybatis.spring.mapper.ClassPathMapperScanner.doScan] - No MyBatis mapper was found in '[com.project.dao]' package. Please check your configuration.
2019-04-19 11:47:18.995 [main] INFO [com.alibaba.druid.support.logging.Log4j2Impl.info] - {dataSource-1} inited
2019-04-19 11:47:19.855 [Thread-1] INFO [org.springframework.context.support.AbstractApplicationContext.doClose] - Closing org.springframework.context.support.GenericApplicationContext@72057ecf: startup date [Fri Apr 19 11:47:18 CST 2019]; root of context hierarchy
2019-04-19 11:47:19.860 [Thread-1] INFO [com.alibaba.druid.support.logging.Log4j2Impl.info] - {dataSource-1} closed
2019-04-19 11:48:04.672 [main] INFO [org.springframework.test.context.TestContextManager.retrieveTestExecutionListeners] - @TestExecutionListeners is not present for class [class com.springbasetest.TestMybatis]: using defaults.
2019-04-19 11:48:04.816 [main] INFO [org.springframework.beans.factory.xml.XmlBeanDefinitionReader.loadBeanDefinitions] - Loading XML bean definitions from class path resource [spring/spring-mybatis.xml]
2019-04-19 11:48:05.086 [main] INFO [org.springframework.beans.factory.xml.XmlBeanDefinitionReader.loadBeanDefinitions] - Loading XML bean definitions from URL [file:/C:/Develop/IdeaWorkPlace/MyWeb/target/classes/spring/applicationContext.xml]
2019-04-19 11:48:05.150 [main] INFO [org.springframework.beans.factory.xml.XmlBeanDefinitionReader.loadBeanDefinitions] - Loading XML bean definitions from class path resource [spring/spring-mybatis.xml]
2019-04-19 11:48:05.183 [main] INFO [org.springframework.context.support.AbstractApplicationContext.prepareRefresh] - Refreshing org.springframework.context.support.GenericApplicationContext@72057ecf: startup date [Fri Apr 19 11:48:05 CST 2019]; root of context hierarchy
2019-04-19 11:48:05.354 [main] WARN [org.mybatis.spring.mapper.ClassPathMapperScanner.checkCandidate] - Skipping MapperFactoryBean with name 'teacherMapper' and 'com.project.dao.TeacherMapper' mapperInterface. Bean already defined with the same name!
2019-04-19 11:48:05.355 [main] WARN [org.mybatis.spring.mapper.ClassPathMapperScanner.doScan] - No MyBatis mapper was found in '[com.project.dao]' package. Please check your configuration.
2019-04-19 11:48:05.605 [main] INFO [com.alibaba.druid.support.logging.Log4j2Impl.info] - {dataSource-1} inited
2019-04-19 11:48:06.418 [Thread-1] INFO [org.springframework.context.support.AbstractApplicationContext.doClose] - Closing org.springframework.context.support.GenericApplicationContext@72057ecf: startup date [Fri Apr 19 11:48:05 CST 2019]; root of context hierarchy
2019-04-19 11:48:06.423 [Thread-1] INFO [com.alibaba.druid.support.logging.Log4j2Impl.info] - {dataSource-1} closed
2019-04-19 12:05:47.015 [main] INFO [org.springframework.test.context.TestContextManager.retrieveTestExecutionListeners] - @TestExecutionListeners is not present for class [class com.springbasetest.TestMybatis]: using defaults.
2019-04-19 12:05:47.176 [main] INFO [org.springframework.beans.factory.xml.XmlBeanDefinitionReader.loadBeanDefinitions] - Loading XML bean definitions from class path resource [spring/spring-mybatis.xml]
2019-04-19 12:05:47.464 [main] INFO [org.springframework.beans.factory.xml.XmlBeanDefinitionReader.loadBeanDefinitions] - Loading XML bean definitions from URL [file:/C:/Develop/IdeaWorkPlace/MyWeb/target/classes/spring/applicationContext.xml]
2019-04-19 12:05:47.591 [main] INFO [org.springframework.beans.factory.xml.XmlBeanDefinitionReader.loadBeanDefinitions] - Loading XML bean definitions from class path resource [spring/spring-mybatis.xml]
2019-04-19 12:05:47.642 [main] INFO [org.springframework.context.support.AbstractApplicationContext.prepareRefresh] - Refreshing org.springframework.context.support.GenericApplicationContext@72057ecf: startup date [Fri Apr 19 12:05:47 CST 2019]; root of context hierarchy
2019-04-19 12:05:47.860 [main] WARN [org.mybatis.spring.mapper.ClassPathMapperScanner.checkCandidate] - Skipping MapperFactoryBean with name 'teacherMapper' and 'com.project.dao.TeacherMapper' mapperInterface. Bean already defined with the same name!
2019-04-19 12:05:47.860 [main] WARN [org.mybatis.spring.mapper.ClassPathMapperScanner.doScan] - No MyBatis mapper was found in '[com.project.dao]' package. Please check your configuration.
2019-04-19 12:05:48.095 [main] INFO [com.alibaba.druid.support.logging.Log4j2Impl.info] - {dataSource-1} inited
2019-04-19 12:05:48.573 [Thread-1] INFO [org.springframework.context.support.AbstractApplicationContext.doClose] - Closing org.springframework.context.support.GenericApplicationContext@72057ecf: startup date [Fri Apr 19 12:05:47 CST 2019]; root of context hierarchy
2019-04-19 12:05:48.576 [Thread-1] INFO [com.alibaba.druid.support.logging.Log4j2Impl.info] - {dataSource-1} closed
2019-04-19 12:06:47.952 [main] INFO [org.springframework.test.context.TestContextManager.retrieveTestExecutionListeners] - @TestExecutionListeners is not present for class [class com.springbasetest.TestMybatis]: using defaults.
2019-04-19 12:06:48.199 [main] INFO [org.springframework.beans.factory.xml.XmlBeanDefinitionReader.loadBeanDefinitions] - Loading XML bean definitions from class path resource [spring/spring-mybatis.xml]
2019-04-19 12:06:48.504 [main] INFO [org.springframework.beans.factory.xml.XmlBeanDefinitionReader.loadBeanDefinitions] - Loading XML bean definitions from URL [file:/C:/Develop/IdeaWorkPlace/MyWeb/target/classes/spring/applicationContext.xml]
2019-04-19 12:06:48.581 [main] INFO [org.springframework.beans.factory.xml.XmlBeanDefinitionReader.loadBeanDefinitions] - Loading XML bean definitions from class path resource [spring/spring-mybatis.xml]
2019-04-19 12:06:48.618 [main] INFO [org.springframework.context.support.AbstractApplicationContext.prepareRefresh] - Refreshing org.springframework.context.support.GenericApplicationContext@72057ecf: startup date [Fri Apr 19 12:06:48 CST 2019]; root of context hierarchy
2019-04-19 12:06:48.798 [main] WARN [org.mybatis.spring.mapper.ClassPathMapperScanner.checkCandidate] - Skipping MapperFactoryBean with name 'teacherMapper' and 'com.project.dao.TeacherMapper' mapperInterface. Bean already defined with the same name!
2019-04-19 12:06:48.799 [main] WARN [org.mybatis.spring.mapper.ClassPathMapperScanner.doScan] - No MyBatis mapper was found in '[com.project.dao]' package. Please check your configuration.
2019-04-19 12:06:49.047 [main] INFO [com.alibaba.druid.support.logging.Log4j2Impl.info] - {dataSource-1} inited
2019-04-19 12:06:49.514 [Thread-1] INFO [org.springframework.context.support.AbstractApplicationContext.doClose] - Closing org.springframework.context.support.GenericApplicationContext@72057ecf: startup date [Fri Apr 19 12:06:48 CST 2019]; root of context hierarchy
2019-04-19 12:06:49.517 [Thread-1] INFO [com.alibaba.druid.support.logging.Log4j2Impl.info] - {dataSource-1} closed
2019-04-19 12:07:29.642 [main] INFO [org.springframework.test.context.TestContextManager.retrieveTestExecutionListeners] - @TestExecutionListeners is not present for class [class com.springbasetest.TestMybatis]: using defaults.
2019-04-19 12:07:29.782 [main] INFO [org.springframework.beans.factory.xml.XmlBeanDefinitionReader.loadBeanDefinitions] - Loading XML bean definitions from class path resource [spring/spring-mybatis.xml]
2019-04-19 12:07:30.031 [main] INFO [org.springframework.beans.factory.xml.XmlBeanDefinitionReader.loadBeanDefinitions] - Loading XML bean definitions from URL [file:/C:/Develop/IdeaWorkPlace/MyWeb/target/classes/spring/applicationContext.xml]
2019-04-19 12:07:30.102 [main] INFO [org.springframework.beans.factory.xml.XmlBeanDefinitionReader.loadBeanDefinitions] - Loading XML bean definitions from class path resource [spring/spring-mybatis.xml]
2019-04-19 12:07:30.138 [main] INFO [org.springframework.context.support.AbstractApplicationContext.prepareRefresh] - Refreshing org.springframework.context.support.GenericApplicationContext@72057ecf: startup date [Fri Apr 19 12:07:30 CST 2019]; root of context hierarchy
2019-04-19 12:07:30.301 [main] WARN [org.mybatis.spring.mapper.ClassPathMapperScanner.checkCandidate] - Skipping MapperFactoryBean with name 'teacherMapper' and 'com.project.dao.TeacherMapper' mapperInterface. Bean already defined with the same name!
2019-04-19 12:07:30.301 [main] WARN [org.mybatis.spring.mapper.ClassPathMapperScanner.doScan] - No MyBatis mapper was found in '[com.project.dao]' package. Please check your configuration.
2019-04-19 12:07:30.545 [main] INFO [com.alibaba.druid.support.logging.Log4j2Impl.info] - {dataSource-1} inited
2019-04-19 12:07:31.014 [Thread-1] INFO [org.springframework.context.support.AbstractApplicationContext.doClose] - Closing org.springframework.context.support.GenericApplicationContext@72057ecf: startup date [Fri Apr 19 12:07:30 CST 2019]; root of context hierarchy
2019-04-19 12:07:31.017 [Thread-1] INFO [com.alibaba.druid.support.logging.Log4j2Impl.info] - {dataSource-1} closed
2019-04-19 12:09:46.603 [main] INFO [org.springframework.test.context.TestContextManager.retrieveTestExecutionListeners] - @TestExecutionListeners is not present for class [class com.springbasetest.TestMybatis]: using defaults.
2019-04-19 12:09:46.815 [main] INFO [org.springframework.beans.factory.xml.XmlBeanDefinitionReader.loadBeanDefinitions] - Loading XML bean definitions from class path resource [spring/spring-mybatis.xml]
2019-04-19 12:09:47.231 [main] INFO [org.springframework.beans.factory.xml.XmlBeanDefinitionReader.loadBeanDefinitions] - Loading XML bean definitions from URL [file:/C:/Develop/IdeaWorkPlace/MyWeb/target/classes/spring/applicationContext.xml]
2019-04-19 12:09:47.308 [main] INFO [org.springframework.beans.factory.xml.XmlBeanDefinitionReader.loadBeanDefinitions] - Loading XML bean definitions from class path resource [spring/spring-mybatis.xml]
2019-04-19 12:09:47.347 [main] INFO [org.springframework.context.support.AbstractApplicationContext.prepareRefresh] - Refreshing org.springframework.context.support.GenericApplicationContext@72057ecf: startup date [Fri Apr 19 12:09:47 CST 2019]; root of context hierarchy
2019-04-19 12:09:47.539 [main] WARN [org.mybatis.spring.mapper.ClassPathMapperScanner.checkCandidate] - Skipping MapperFactoryBean with name 'teacherMapper' and 'com.project.dao.TeacherMapper' mapperInterface. Bean already defined with the same name!
2019-04-19 12:09:47.539 [main] WARN [org.mybatis.spring.mapper.ClassPathMapperScanner.doScan] - No MyBatis mapper was found in '[com.project.dao]' package. Please check your configuration.
2019-04-19 12:09:47.785 [main] INFO [com.alibaba.druid.support.logging.Log4j2Impl.info] - {dataSource-1} inited
2019-04-19 12:09:48.258 [Thread-1] INFO [org.springframework.context.support.AbstractApplicationContext.doClose] - Closing org.springframework.context.support.GenericApplicationContext@72057ecf: startup date [Fri Apr 19 12:09:47 CST 2019]; root of context hierarchy
2019-04-19 12:09:48.260 [Thread-1] INFO [com.alibaba.druid.support.logging.Log4j2Impl.info] - {dataSource-1} closed
2019-04-19 12:11:35.668 [main] INFO [org.springframework.test.context.TestContextManager.retrieveTestExecutionListeners] - @TestExecutionListeners is not present for class [class com.springbasetest.TestMybatis]: using defaults.
2019-04-19 12:11:35.816 [main] INFO [org.springframework.beans.factory.xml.XmlBeanDefinitionReader.loadBeanDefinitions] - Loading XML bean definitions from class path resource [spring/spring-mybatis.xml]
2019-04-19 12:11:36.156 [main] INFO [org.springframework.beans.factory.xml.XmlBeanDefinitionReader.loadBeanDefinitions] - Loading XML bean definitions from URL [file:/C:/Develop/IdeaWorkPlace/MyWeb/target/classes/spring/applicationContext.xml]
2019-04-19 12:11:36.240 [main] INFO [org.springframework.beans.factory.xml.XmlBeanDefinitionReader.loadBeanDefinitions] - Loading XML bean definitions from class path resource [spring/spring-mybatis.xml]
2019-04-19 12:11:36.285 [main] INFO [org.springframework.context.support.AbstractApplicationContext.prepareRefresh] - Refreshing org.springframework.context.support.GenericApplicationContext@72057ecf: startup date [Fri Apr 19 12:11:36 CST 2019]; root of context hierarchy
2019-04-19 12:11:36.477 [main] WARN [org.mybatis.spring.mapper.ClassPathMapperScanner.checkCandidate] - Skipping MapperFactoryBean with name 'teacherMapper' and 'com.project.dao.TeacherMapper' mapperInterface. Bean already defined with the same name!
2019-04-19 12:11:36.477 [main] WARN [org.mybatis.spring.mapper.ClassPathMapperScanner.doScan] - No MyBatis mapper was found in '[com.project.dao]' package. Please check your configuration.
2019-04-19 12:11:36.726 [main] INFO [com.alibaba.druid.support.logging.Log4j2Impl.info] - {dataSource-1} inited
2019-04-19 12:11:37.222 [Thread-1] INFO [org.springframework.context.support.AbstractApplicationContext.doClose] - Closing org.springframework.context.support.GenericApplicationContext@72057ecf: startup date [Fri Apr 19 12:11:36 CST 2019]; root of context hierarchy
2019-04-19 12:11:37.225 [Thread-1] INFO [com.alibaba.druid.support.logging.Log4j2Impl.info] - {dataSource-1} closed
2019-04-19 12:14:57.745 [main] INFO [org.springframework.test.context.TestContextManager.retrieveTestExecutionListeners] - @TestExecutionListeners is not present for class [class com.springbasetest.TestMybatis]: using defaults.
2019-04-19 12:14:57.885 [main] INFO [org.springframework.beans.factory.xml.XmlBeanDefinitionReader.loadBeanDefinitions] - Loading XML bean definitions from class path resource [spring/spring-mybatis.xml]
2019-04-19 12:14:58.134 [main] INFO [org.springframework.beans.factory.xml.XmlBeanDefinitionReader.loadBeanDefinitions] - Loading XML bean definitions from URL [file:/C:/Develop/IdeaWorkPlace/MyWeb/target/classes/spring/applicationContext.xml]
2019-04-19 12:14:58.232 [main] INFO [org.springframework.beans.factory.xml.XmlBeanDefinitionReader.loadBeanDefinitions] - Loading XML bean definitions from class path resource [spring/spring-mybatis.xml]
2019-04-19 12:14:58.280 [main] INFO [org.springframework.context.support.AbstractApplicationContext.prepareRefresh] - Refreshing org.springframework.context.support.GenericApplicationContext@72057ecf: startup date [Fri Apr 19 12:14:58 CST 2019]; root of context hierarchy
2019-04-19 12:14:58.497 [main] WARN [org.mybatis.spring.mapper.ClassPathMapperScanner.checkCandidate] - Skipping MapperFactoryBean with name 'teacherMapper' and 'com.project.dao.TeacherMapper' mapperInterface. Bean already defined with the same name!
2019-04-19 12:14:58.497 [main] WARN [org.mybatis.spring.mapper.ClassPathMapperScanner.doScan] - No MyBatis mapper was found in '[com.project.dao]' package. Please check your configuration.
2019-04-19 12:14:58.771 [main] INFO [com.alibaba.druid.support.logging.Log4j2Impl.info] - {dataSource-1} inited
2019-04-19 12:14:59.248 [Thread-1] INFO [org.springframework.context.support.AbstractApplicationContext.doClose] - Closing org.springframework.context.support.GenericApplicationContext@72057ecf: startup date [Fri Apr 19 12:14:58 CST 2019]; root of context hierarchy
2019-04-19 12:14:59.250 [Thread-1] INFO [com.alibaba.druid.support.logging.Log4j2Impl.info] - {dataSource-1} closed
2019-04-19 12:15:07.954 [main] INFO [org.springframework.test.context.TestContextManager.retrieveTestExecutionListeners] - @TestExecutionListeners is not present for class [class com.springbasetest.TestMybatis]: using defaults.
2019-04-19 12:15:08.109 [main] INFO [org.springframework.beans.factory.xml.XmlBeanDefinitionReader.loadBeanDefinitions] - Loading XML bean definitions from class path resource [spring/spring-mybatis.xml]
2019-04-19 12:15:08.416 [main] INFO [org.springframework.beans.factory.xml.XmlBeanDefinitionReader.loadBeanDefinitions] - Loading XML bean definitions from URL [file:/C:/Develop/IdeaWorkPlace/MyWeb/target/classes/spring/applicationContext.xml]
2019-04-19 12:15:08.508 [main] INFO [org.springframework.beans.factory.xml.XmlBeanDefinitionReader.loadBeanDefinitions] - Loading XML bean definitions from class path resource [spring/spring-mybatis.xml]
2019-04-19 12:15:08.555 [main] INFO [org.springframework.context.support.AbstractApplicationContext.prepareRefresh] - Refreshing org.springframework.context.support.GenericApplicationContext@72057ecf: startup date [Fri Apr 19 12:15:08 CST 2019]; root of context hierarchy
2019-04-19 12:15:08.736 [main] WARN [org.mybatis.spring.mapper.ClassPathMapperScanner.checkCandidate] - Skipping MapperFactoryBean with name 'teacherMapper' and 'com.project.dao.TeacherMapper' mapperInterface. Bean already defined with the same name!
2019-04-19 12:15:08.736 [main] WARN [org.mybatis.spring.mapper.ClassPathMapperScanner.doScan] - No MyBatis mapper was found in '[com.project.dao]' package. Please check your configuration.
2019-04-19 12:15:08.989 [main] INFO [com.alibaba.druid.support.logging.Log4j2Impl.info] - {dataSource-1} inited
2019-04-19 12:15:09.502 [Thread-1] INFO [org.springframework.context.support.AbstractApplicationContext.doClose] - Closing org.springframework.context.support.GenericApplicationContext@72057ecf: startup date [Fri Apr 19 12:15:08 CST 2019]; root of context hierarchy
2019-04-19 12:15:09.505 [Thread-1] INFO [com.alibaba.druid.support.logging.Log4j2Impl.info] - {dataSource-1} closed
2019-04-19 12:18:07.892 [main] INFO [org.springframework.test.context.TestContextManager.retrieveTestExecutionListeners] - @TestExecutionListeners is not present for class [class com.springbasetest.TestMybatis]: using defaults.
2019-04-19 12:18:08.041 [main] INFO [org.springframework.beans.factory.xml.XmlBeanDefinitionReader.loadBeanDefinitions] - Loading XML bean definitions from class path resource [spring/spring-mybatis.xml]
2019-04-19 12:18:08.335 [main] INFO [org.springframework.beans.factory.xml.XmlBeanDefinitionReader.loadBeanDefinitions] - Loading XML bean definitions from URL [file:/C:/Develop/IdeaWorkPlace/MyWeb/target/classes/spring/applicationContext.xml]
2019-04-19 12:18:08.401 [main] INFO [org.springframework.beans.factory.xml.XmlBeanDefinitionReader.loadBeanDefinitions] - Loading XML bean definitions from class path resource [spring/spring-mybatis.xml]
2019-04-19 12:18:08.440 [main] INFO [org.springframework.context.support.AbstractApplicationContext.prepareRefresh] - Refreshing org.springframework.context.support.GenericApplicationContext@72057ecf: startup date [Fri Apr 19 12:18:08 CST 2019]; root of context hierarchy
2019-04-19 12:18:08.697 [main] WARN [org.mybatis.spring.mapper.ClassPathMapperScanner.checkCandidate] - Skipping MapperFactoryBean with name 'teacherMapper' and 'com.project.dao.TeacherMapper' mapperInterface. Bean already defined with the same name!
2019-04-19 12:18:08.698 [main] WARN [org.mybatis.spring.mapper.ClassPathMapperScanner.doScan] - No MyBatis mapper was found in '[com.project.dao]' package. Please check your configuration.
2019-04-19 12:18:08.959 [main] INFO [com.alibaba.druid.support.logging.Log4j2Impl.info] - {dataSource-1} inited
2019-04-19 12:18:09.780 [Thread-1] INFO [org.springframework.context.support.AbstractApplicationContext.doClose] - Closing org.springframework.context.support.GenericApplicationContext@72057ecf: startup date [Fri Apr 19 12:18:08 CST 2019]; root of context hierarchy
2019-04-19 12:18:09.786 [Thread-1] INFO [com.alibaba.druid.support.logging.Log4j2Impl.info] - {dataSource-1} closed
2019-04-19 12:28:56.605 [main] INFO [org.springframework.test.context.TestContextManager.retrieveTestExecutionListeners] - @TestExecutionListeners is not present for class [class com.springbasetest.TestMybatis]: using defaults.
2019-04-19 12:28:56.787 [main] INFO [org.springframework.beans.factory.xml.XmlBeanDefinitionReader.loadBeanDefinitions] - Loading XML bean definitions from class path resource [spring/spring-mybatis.xml]
2019-04-19 12:28:57.049 [main] INFO [org.springframework.beans.factory.xml.XmlBeanDefinitionReader.loadBeanDefinitions] - Loading XML bean definitions from URL [file:/C:/Develop/IdeaWorkPlace/MyWeb/target/classes/spring/applicationContext.xml]
2019-04-19 12:28:57.127 [main] INFO [org.springframework.beans.factory.xml.XmlBeanDefinitionReader.loadBeanDefinitions] - Loading XML bean definitions from class path resource [spring/spring-mybatis.xml]
2019-04-19 12:28:57.164 [main] INFO [org.springframework.context.support.AbstractApplicationContext.prepareRefresh] - Refreshing org.springframework.context.support.GenericApplicationContext@72057ecf: startup date [Fri Apr 19 12:28:57 CST 2019]; root of context hierarchy
2019-04-19 12:28:57.423 [main] WARN [org.mybatis.spring.mapper.ClassPathMapperScanner.checkCandidate] - Skipping MapperFactoryBean with name 'teacherMapper' and 'com.project.dao.TeacherMapper' mapperInterface. Bean already defined with the same name!
2019-04-19 12:28:57.424 [main] WARN [org.mybatis.spring.mapper.ClassPathMapperScanner.doScan] - No MyBatis mapper was found in '[com.project.dao]' package. Please check your configuration.
2019-04-19 12:28:57.765 [main] INFO [com.alibaba.druid.support.logging.Log4j2Impl.info] - {dataSource-1} inited
2019-04-19 12:28:58.635 [Thread-1] INFO [org.springframework.context.support.AbstractApplicationContext.doClose] - Closing org.springframework.context.support.GenericApplicationContext@72057ecf: startup date [Fri Apr 19 12:28:57 CST 2019]; root of context hierarchy
2019-04-19 12:28:58.640 [Thread-1] INFO [com.alibaba.druid.support.logging.Log4j2Impl.info] - {dataSource-1} closed
2019-04-19 12:29:14.266 [main] INFO [org.springframework.test.context.TestContextManager.retrieveTestExecutionListeners] - @TestExecutionListeners is not present for class [class com.springbasetest.TestMybatis]: using defaults.
2019-04-19 12:29:14.491 [main] INFO [org.springframework.beans.factory.xml.XmlBeanDefinitionReader.loadBeanDefinitions] - Loading XML bean definitions from class path resource [spring/spring-mybatis.xml]
2019-04-19 12:29:14.891 [main] INFO [org.springframework.beans.factory.xml.XmlBeanDefinitionReader.loadBeanDefinitions] - Loading XML bean definitions from URL [file:/C:/Develop/IdeaWorkPlace/MyWeb/target/classes/spring/applicationContext.xml]
2019-04-19 12:29:15.005 [main] INFO [org.springframework.beans.factory.xml.XmlBeanDefinitionReader.loadBeanDefinitions] - Loading XML bean definitions from class path resource [spring/spring-mybatis.xml]
2019-04-19 12:29:15.043 [main] INFO [org.springframework.context.support.AbstractApplicationContext.prepareRefresh] - Refreshing org.springframework.context.support.GenericApplicationContext@72057ecf: startup date [Fri Apr 19 12:29:15 CST 2019]; root of context hierarchy
2019-04-19 12:29:15.226 [main] WARN [org.mybatis.spring.mapper.ClassPathMapperScanner.checkCandidate] - Skipping MapperFactoryBean with name 'teacherMapper' and 'com.project.dao.TeacherMapper' mapperInterface. Bean already defined with the same name!
2019-04-19 12:29:15.226 [main] WARN [org.mybatis.spring.mapper.ClassPathMapperScanner.doScan] - No MyBatis mapper was found in '[com.project.dao]' package. Please check your configuration.
2019-04-19 12:29:15.484 [main] INFO [com.alibaba.druid.support.logging.Log4j2Impl.info] - {dataSource-1} inited
2019-04-19 12:29:16.697 [Thread-1] INFO [org.springframework.context.support.AbstractApplicationContext.doClose] - Closing org.springframework.context.support.GenericApplicationContext@72057ecf: startup date [Fri Apr 19 12:29:15 CST 2019]; root of context hierarchy
2019-04-19 12:29:16.703 [Thread-1] INFO [com.alibaba.druid.support.logging.Log4j2Impl.info] - {dataSource-1} closed
2019-04-19 12:29:35.377 [main] INFO [org.springframework.test.context.TestContextManager.retrieveTestExecutionListeners] - @TestExecutionListeners is not present for class [class com.springbasetest.TestMybatis]: using defaults.
2019-04-19 12:29:35.623 [main] INFO [org.springframework.beans.factory.xml.XmlBeanDefinitionReader.loadBeanDefinitions] - Loading XML bean definitions from class path resource [spring/spring-mybatis.xml]
2019-04-19 12:29:35.971 [main] INFO [org.springframework.beans.factory.xml.XmlBeanDefinitionReader.loadBeanDefinitions] - Loading XML bean definitions from URL [file:/C:/Develop/IdeaWorkPlace/MyWeb/target/classes/spring/applicationContext.xml]
2019-04-19 12:29:36.035 [main] INFO [org.springframework.beans.factory.xml.XmlBeanDefinitionReader.loadBeanDefinitions] - Loading XML bean definitions from class path resource [spring/spring-mybatis.xml]
2019-04-19 12:29:36.067 [main] INFO [org.springframework.context.support.AbstractApplicationContext.prepareRefresh] - Refreshing org.springframework.context.support.GenericApplicationContext@72057ecf: startup date [Fri Apr 19 12:29:36 CST 2019]; root of context hierarchy
2019-04-19 12:29:36.245 [main] WARN [org.mybatis.spring.mapper.ClassPathMapperScanner.checkCandidate] - Skipping MapperFactoryBean with name 'teacherMapper' and 'com.project.dao.TeacherMapper' mapperInterface. Bean already defined with the same name!
2019-04-19 12:29:36.246 [main] WARN [org.mybatis.spring.mapper.ClassPathMapperScanner.doScan] - No MyBatis mapper was found in '[com.project.dao]' package. Please check your configuration.
2019-04-19 12:29:36.500 [main] INFO [com.alibaba.druid.support.logging.Log4j2Impl.info] - {dataSource-1} inited
2019-04-19 12:29:37.322 [Thread-1] INFO [org.springframework.context.support.AbstractApplicationContext.doClose] - Closing org.springframework.context.support.GenericApplicationContext@72057ecf: startup date [Fri Apr 19 12:29:36 CST 2019]; root of context hierarchy
2019-04-19 12:29:37.327 [Thread-1] INFO [com.alibaba.druid.support.logging.Log4j2Impl.info] - {dataSource-1} closed
