2019-04-18 12:37:28.099 [main] INFO [org.springframework.test.context.TestContextManager.retrieveTestExecutionListeners] - @TestExecutionListeners is not present for class [class com.springbasetest.TestMybatis]: using defaults.
2019-04-18 12:37:28.301 [main] INFO [org.springframework.beans.factory.xml.XmlBeanDefinitionReader.loadBeanDefinitions] - Loading XML bean definitions from class path resource [spring/spring-mybatis.xml]
2019-04-18 12:37:28.606 [main] INFO [org.springframework.beans.factory.xml.XmlBeanDefinitionReader.loadBeanDefinitions] - Loading XML bean definitions from URL [file:/C:/Develop/IdeaWorkPlace/MyWeb/target/classes/spring/applicationContext.xml]
2019-04-18 12:37:28.669 [main] INFO [org.springframework.beans.factory.xml.XmlBeanDefinitionReader.loadBeanDefinitions] - Loading XML bean definitions from class path resource [spring/spring-mybatis.xml]
2019-04-18 12:37:28.705 [main] INFO [org.springframework.context.support.AbstractApplicationContext.prepareRefresh] - Refreshing org.springframework.context.support.GenericApplicationContext@498d318c: startup date [Thu Apr 18 12:37:28 CST 2019]; root of context hierarchy
2019-04-18 12:37:28.931 [main] WARN [org.mybatis.spring.mapper.ClassPathMapperScanner.checkCandidate] - Skipping MapperFactoryBean with name 'teacherMapper' and 'com.project.dao.TeacherMapper' mapperInterface. Bean already defined with the same name!
2019-04-18 12:37:28.932 [main] WARN [org.mybatis.spring.mapper.ClassPathMapperScanner.doScan] - No MyBatis mapper was found in '[com.project.dao]' package. Please check your configuration.
2019-04-18 12:37:29.287 [main] INFO [com.alibaba.druid.support.logging.Log4j2Impl.info] - {dataSource-1} inited
2019-04-18 12:37:30.123 [Thread-1] INFO [org.springframework.context.support.AbstractApplicationContext.doClose] - Closing org.springframework.context.support.GenericApplicationContext@498d318c: startup date [Thu Apr 18 12:37:28 CST 2019]; root of context hierarchy
2019-04-18 12:37:30.127 [Thread-1] INFO [com.alibaba.druid.support.logging.Log4j2Impl.info] - {dataSource-1} closed
2019-04-18 12:42:12.088 [main] INFO [org.springframework.test.context.TestContextManager.retrieveTestExecutionListeners] - @TestExecutionListeners is not present for class [class com.springbasetest.TestMybatis]: using defaults.
2019-04-18 12:42:12.268 [main] INFO [org.springframework.beans.factory.xml.XmlBeanDefinitionReader.loadBeanDefinitions] - Loading XML bean definitions from class path resource [spring/spring-mybatis.xml]
2019-04-18 12:42:12.554 [main] INFO [org.springframework.beans.factory.xml.XmlBeanDefinitionReader.loadBeanDefinitions] - Loading XML bean definitions from URL [file:/C:/Develop/IdeaWorkPlace/MyWeb/target/classes/spring/applicationContext.xml]
2019-04-18 12:42:12.662 [main] INFO [org.springframework.beans.factory.xml.XmlBeanDefinitionReader.loadBeanDefinitions] - Loading XML bean definitions from class path resource [spring/spring-mybatis.xml]
2019-04-18 12:42:12.724 [main] INFO [org.springframework.context.support.AbstractApplicationContext.prepareRefresh] - Refreshing org.springframework.context.support.GenericApplicationContext@72057ecf: startup date [Thu Apr 18 12:42:12 CST 2019]; root of context hierarchy
2019-04-18 12:42:13.002 [main] WARN [org.mybatis.spring.mapper.ClassPathMapperScanner.checkCandidate] - Skipping MapperFactoryBean with name 'teacherMapper' and 'com.project.dao.TeacherMapper' mapperInterface. Bean already defined with the same name!
2019-04-18 12:42:13.003 [main] WARN [org.mybatis.spring.mapper.ClassPathMapperScanner.doScan] - No MyBatis mapper was found in '[com.project.dao]' package. Please check your configuration.
2019-04-18 12:42:13.250 [main] INFO [com.alibaba.druid.support.logging.Log4j2Impl.info] - {dataSource-1} inited
2019-04-18 12:42:14.195 [Thread-1] INFO [org.springframework.context.support.AbstractApplicationContext.doClose] - Closing org.springframework.context.support.GenericApplicationContext@72057ecf: startup date [Thu Apr 18 12:42:12 CST 2019]; root of context hierarchy
2019-04-18 12:42:14.199 [Thread-1] INFO [com.alibaba.druid.support.logging.Log4j2Impl.info] - {dataSource-1} closed
